#
# There is insufficient memory for the Java Runtime Environment to continue.
# Native memory allocation (mmap) failed to map 65536 bytes. Error detail: Failed to commit metaspace.
# Possible reasons:
#   The system is out of physical RAM or swap space
#   This process is running with CompressedOops enabled, and the Java Heap may be blocking the growth of the native heap
# Possible solutions:
#   Reduce memory load on the system
#   Increase physical memory or swap space
#   Check if swap backing store is full
#   Decrease Java heap size (-Xmx/-Xms)
#   Decrease number of Java threads
#   Decrease Java thread stack sizes (-Xss)
#   Set larger code cache with -XX:ReservedCodeCacheSize=
#   JVM is running with Zero Based Compressed Oops mode in which the Java heap is
#     placed in the first 32GB address space. The Java Heap base address is the
#     maximum limit for the native heap growth. Please use -XX:HeapBaseMinAddress
#     to set the Java Heap base and to place the Java Heap above 32GB virtual address.
# This output file may be truncated or incomplete.
#
#  Out of Memory Error (virtualSpaceNode.cpp:113), pid=10952, tid=20432
#
# JRE version: Java(TM) SE Runtime Environment (25.0+37) (build 25+37-LTS-3491)
# Java VM: Java HotSpot(TM) 64-Bit Server VM (25+37-LTS-3491, mixed mode, emulated-client, sharing, tiered, compressed oops, compressed class ptrs, g1 gc, windows-amd64)
# No core dump will be written. Minidumps are not enabled by default on client versions of Windows
#

---------------  S U M M A R Y ------------

Command Line: -XX:TieredStopAtLevel=1 -Dspring.output.ansi.enabled=always -Dcom.sun.management.jmxremote -Dspring.jmx.enabled=true -Dspring.liveBeansView.mbeanDomain -Dspring.application.admin.enabled=true -Dmanagement.endpoints.jmx.exposure.include=* -javaagent:D:\Program Files (x86)\JetBrains\IntelliJ IDEA 2025.2.2\lib\idea_rt.jar=52132 -Dfile.encoding=UTF-8 -Dsun.stdout.encoding=UTF-8 -Dsun.stderr.encoding=UTF-8 org.example.batuku.BatukuApplication

Host: 11th Gen Intel(R) Core(TM) i7-1165G7 @ 2.80GHz, 8 cores, 11G,  Windows 10 , 64 bit Build 19041 (10.0.19041.3636)
Time: Wed May 27 13:00:26 2026 Hora de Verăo de GMT elapsed time: 0.834179 seconds (0d 0h 0m 0s)

---------------  T H R E A D  ---------------

Current thread (0x000001fcb64647e0):  JavaThread "background-preinit"        [_thread_in_vm, id=20432, stack(0x000000f9a4500000,0x000000f9a4600000) (1024K)]

Stack: [0x000000f9a4500000,0x000000f9a4600000]
Native frames: (J=compiled Java code, j=interpreted, Vv=VM code, C=native code)
V  [jvm.dll+0x7a6a39]  (no source info available)
V  [jvm.dll+0x7727ed]  (no source info available)
V  [jvm.dll+0x965f33]  (no source info available)
V  [jvm.dll+0x968531]  (no source info available)
V  [jvm.dll+0x968c33]  (no source info available)
V  [jvm.dll+0x2fc756]  (no source info available)
V  [jvm.dll+0x962dfe]  (no source info available)
V  [jvm.dll+0x73dab4]  (no source info available)
V  [jvm.dll+0x258f08]  (no source info available)
V  [jvm.dll+0x258cce]  (no source info available)
V  [jvm.dll+0x74058d]  (no source info available)
V  [jvm.dll+0x740195]  (no source info available)
V  [jvm.dll+0x29b372]  (no source info available)
V  [jvm.dll+0x73e4d8]  (no source info available)
V  [jvm.dll+0x2e1580]  (no source info available)
V  [jvm.dll+0x74a665]  (no source info available)
V  [jvm.dll+0x289f82]  (no source info available)
V  [jvm.dll+0x28a445]  (no source info available)
V  [jvm.dll+0x28ae1d]  (no source info available)
V  [jvm.dll+0x280856]  (no source info available)
V  [jvm.dll+0x668931]  (no source info available)
V  [jvm.dll+0x293271]  (no source info available)
V  [jvm.dll+0x8d4acf]  (no source info available)
V  [jvm.dll+0x8d5b2a]  (no source info available)
V  [jvm.dll+0x8d6062]  (no source info available)
V  [jvm.dll+0x8d5db6]  (no source info available)
V  [jvm.dll+0x82ebac]  (no source info available)
V  [jvm.dll+0x7f205c]  (no source info available)
V  [jvm.dll+0x7f3788]  (no source info available)
V  [jvm.dll+0x518d89]  (no source info available)
V  [jvm.dll+0x523b6d]  (no source info available)
C  0x000001fca795ccfe  (no source info available)

The last pc belongs to native method entry point (kind = native) (printed below).
Java frames: (J=compiled Java code, j=interpreted, Vv=VM code)
j  java.lang.Class.getDeclaredMethods0(Z)[Ljava/lang/reflect/Method;+0 java.base@25
j  java.lang.Class.privateGetDeclaredMethods(Z)[Ljava/lang/reflect/Method;+30 java.base@25
j  java.lang.Class.getMethodsRecursive(Ljava/lang/String;[Ljava/lang/Class;ZZ)Ljava/lang/PublicMethods$MethodList;+3 java.base@25
j  java.lang.Class.getMethod0(Ljava/lang/String;[Ljava/lang/Class;)Ljava/lang/reflect/Method;+15 java.base@25
j  java.lang.Class.getMethod(Ljava/lang/String;[Ljava/lang/Class;)Ljava/lang/reflect/Method;+8 java.base@25
j  org.hibernate.validator.internal.util.privilegedactions.GetMethod.run()Ljava/lang/reflect/Method;+12
j  org.hibernate.validator.internal.util.privilegedactions.GetMethod.run()Ljava/lang/Object;+1
j  org.hibernate.validator.resourceloading.PlatformResourceBundleLocator.run(Ljava/security/PrivilegedAction;)Ljava/lang/Object;+14
j  org.hibernate.validator.resourceloading.PlatformResourceBundleLocator.determineAvailabilityOfResourceBundleControl()Z+17
j  org.hibernate.validator.resourceloading.PlatformResourceBundleLocator.<clinit>()V+9
v  ~StubRoutines::call_stub 0x000001fca79512ed
j  org.hibernate.validator.internal.engine.AbstractConfigurationImpl.getDefaultResourceBundleLocator()Lorg/hibernate/validator/spi/resourceloading/ResourceBundleLocator;+8
j  org.hibernate.validator.internal.engine.AbstractConfigurationImpl.getDefaultMessageInterpolator()Ljakarta/validation/MessageInterpolator;+13
j  org.hibernate.validator.internal.engine.AbstractConfigurationImpl.getDefaultMessageInterpolatorConfiguredWithClassLoader()Ljakarta/validation/MessageInterpolator;+153
j  org.hibernate.validator.internal.engine.AbstractConfigurationImpl.getMessageInterpolator()Ljakarta/validation/MessageInterpolator;+23
j  org.hibernate.validator.internal.engine.ValidatorFactoryImpl.<init>(Ljakarta/validation/spi/ConfigurationState;)V+89
j  org.hibernate.validator.HibernateValidator.buildValidatorFactory(Ljakarta/validation/spi/ConfigurationState;)Ljakarta/validation/ValidatorFactory;+5
j  org.hibernate.validator.internal.engine.AbstractConfigurationImpl.buildValidatorFactory()Ljakarta/validation/ValidatorFactory;+211
j  org.springframework.boot.autoconfigure.BackgroundPreinitializer$ValidationInitializer.run()V+10
j  org.springframework.boot.autoconfigure.BackgroundPreinitializer$1.runSafely(Ljava/lang/Runnable;)Z+1
j  org.springframework.boot.autoconfigure.BackgroundPreinitializer$1.run()V+20
j  java.lang.Thread.runWith(Ljava/lang/Object;Ljava/lang/Runnable;)V+5 java.base@25
j  java.lang.Thread.run()V+19 java.base@25
v  ~StubRoutines::call_stub 0x000001fca79512ed
Lock stack of current Java thread (top to bottom):

native method entry point (kind = native)  [0x000001fca795c960, 0x000001fca795d528]  3016 bytes
[MachCode]
  0x000001fca795c960: 488b 4b08 | 0fb7 492e | 584c 8d74 | ccf8 6800 | 0000 0068 | 0000 0000 | 5055 488b | ec41 5548 
  0x000001fca795c980: 8b43 084c | 8d68 3848 | 8b40 0868 | 0000 0000 | 5348 8b50 | 1848 8b52 | 7048 8b12 | 5268 0000 
  0x000001fca795c9a0: 0000 488b | 5010 5249 | 8bc6 482b | c548 c1e8 | 0350 6800 | 0000 0068 | f7ff ffff | 41c6 87f1 
  0x000001fca795c9c0: 0400 0001 | 488b 4318 | 4885 c00f | 85b0 0000 | 00e8 0500 | 0000 e999 | 0000 0048 | 8bd3 488d 
  0x000001fca795c9e0: 4424 084c | 896d c049 | 8bcf c5f8 | 7749 89af | 3804 0000 | 4989 8728 | 0400 0048 | 83ec 2040 
  0x000001fca795ca00: f6c4 0f0f | 8419 0000 | 0048 83ec | 0848 b8e0 | 1e53 0afa | 7f00 00ff | d048 83c4 | 08e9 0c00 
  0x000001fca795ca20: 0000 48b8 | e01e 530a | fa7f 0000 | ffd0 4883 | c420 49c7 | 8728 0400 | 0000 0000 | 0049 c787 
  0x000001fca795ca40: 3804 0000 | 0000 0000 | 49c7 8730 | 0400 0000 | 0000 00c5 | f877 4983 | 7f08 000f | 8405 0000 
  0x000001fca795ca60: 00e9 7a47 | ffff 4c8b | 6dc0 4c8b | 75c8 4e8d | 74f5 00c3 | 488b 4318 | 4885 c00f | 8412 0000 
  0x000001fca795ca80: 008b 4808 | 83c1 0289 | 4808 2348 | 2c0f 84e4 | 0900 0049 | 3ba7 7005 | 0000 0f87 | 4800 0000 
  0x000001fca795caa0: 8984 2400 | f0ff ff89 | 8424 00e0 | ffff 8984 | 2400 d0ff | ff89 8424 | 00c0 ffff | 8984 2400 
  0x000001fca795cac0: b0ff ff89 | 8424 00a0 | ffff 8984 | 2400 90ff | ff89 8424 | 0080 ffff | 493b a768 | 0500 0076 
  0x000001fca795cae0: 0749 89a7 | 7005 0000 | 41c6 87f1 | 0400 0000 | 488b 5de8 | 4c8b 5b08 | 450f b75b | 2e41 c1e3 
  0x000001fca795cb00: 0349 2be3 | 4883 ec20 | 4883 e4f0 | 4c8b 5b60 | 4d85 db0f | 85ab 0000 | 00e8 0500 | 0000 e999 
  0x000001fca795cb20: 0000 0048 | 8bd3 488d | 4424 084c | 896d c049 | 8bcf c5f8 | 7749 89af | 3804 0000 | 4989 8728 
  0x000001fca795cb40: 0400 0048 | 83ec 2040 | f6c4 0f0f | 8419 0000 | 0048 83ec | 0848 b810 | 4853 0afa | 7f00 00ff 
  0x000001fca795cb60: d048 83c4 | 08e9 0c00 | 0000 48b8 | 1048 530a | fa7f 0000 | ffd0 4883 | c420 49c7 | 8728 0400 
  0x000001fca795cb80: 0000 0000 | 0049 c787 | 3804 0000 | 0000 0000 | 49c7 8730 | 0400 0000 | 0000 00c5 | f877 4983 
  0x000001fca795cba0: 7f08 000f | 8405 0000 | 00e9 3246 | ffff 4c8b | 6dc0 4c8b | 75c8 4e8d | 74f5 00c3 | 488b 5de8 
  0x000001fca795cbc0: 4c8b 5b60 | 41ff d348 | 8b5d e848 | 8945 1844 | 0fb7 5b2c | 41f6 c308 | 0f84 1b00 | 0000 4c8b 
  0x000001fca795cbe0: 5b08 4d8b | 5b08 4d8b | 5b18 4d8b | 5b70 4d8b | 1b4c 895d | 1048 8d55 | 1048 8b43 | 5849 ba80 
  0x000001fca795cc00: 0e8e 0afa | 7f00 0049 | 3bc2 0f85 | ab00 0000 | e805 0000 | 00e9 9900 | 0000 488b | d348 8d44 
  0x000001fca795cc20: 2408 4c89 | 6dc0 498b | cfc5 f877 | 4989 af38 | 0400 0049 | 8987 2804 | 0000 4883 | ec20 40f6 
  0x000001fca795cc40: c40f 0f84 | 1900 0000 | 4883 ec08 | 48b8 1048 | 530a fa7f | 0000 ffd0 | 4883 c408 | e90c 0000 
  0x000001fca795cc60: 0048 b810 | 4853 0afa | 7f00 00ff | d048 83c4 | 2049 c787 | 2804 0000 | 0000 0000 | 49c7 8738 
  0x000001fca795cc80: 0400 0000 | 0000 0049 | c787 3004 | 0000 0000 | 0000 c5f8 | 7749 837f | 0800 0f84 | 0500 0000 
  0x000001fca795cca0: e93b 45ff | ff4c 8b6d | c04c 8b75 | c84e 8d74 | f500 c348 | 8b5d e848 | 8b43 5849 | 8d8f 4804 
  0x000001fca795ccc0: 0000 4c8d | 15d5 0000 | 004d 8997 | 3004 0000 | c5f8 7749 | 89af 3804 | 0000 4989 | a728 0400 
  0x000001fca795cce0: 0041 c787 | d404 0000 | 0400 0000 | 493b a7c8 | 0500 0076 | 0749 89a7 | c805 0000 | ffd0 493b 
  0x000001fca795cd00: a7c8 0500 | 0072 0b49 | c787 c805 | 0000 0000 | 0000 c5f8 | 7748 83ec | 10c5 fb11 | 0424 4883 
  0x000001fca795cd20: ec10 4889 | 0424 48c7 | 4424 0800 | 0000 0041 | c787 d404 | 0000 0500 | 0000 f083 | 4424 c000 
  0x000001fca795cd40: 493b 6f28 | 0f87 0e00 | 0000 4183 | bfd0 0400 | 0000 0f84 | 2000 0000 | 498b cf4c | 8be4 4883 
  0x000001fca795cd60: ec20 4883 | e4f0 48b8 | 40ac 540a | fa7f 0000 | ffd0 498b | e44d 33e4 | 41c7 87d4 | 0400 0008 
  0x000001fca795cd80: 0000 004d | 8b97 f005 | 0000 4983 | fa00 7435 | 49c7 87f0 | 0500 0000 | 0000 0041 | ffe2 49ba 
  0x000001fca795cda0: 80ba 95a7 | fc01 0000 | 41ff d248 | 83ec 10c5 | fb11 0424 | 4883 ec10 | 4889 0424 | 48c7 4424 
  0x000001fca795cdc0: 0800 0000 | 0049 c787 | 2804 0000 | 0000 0000 | 49c7 8738 | 0400 0000 | 0000 0049 | c787 3004 
  0x000001fca795cde0: 0000 0000 | 0000 c5f8 | 774d 8b9f | b804 0000 | 41c7 8300 | 0100 0000 | 0000 0049 | bbda a395 
  0x000001fca795ce00: a7fc 0100 | 004c 3b5d | 180f 855b | 0200 0048 | 8b04 2448 | 83c4 1048 | 85c0 0f84 | 3502 0000 
  0x000001fca795ce20: a803 0f85 | 0800 0000 | 488b 00e9 | 2502 0000 | a801 0f85 | 0900 0000 | 488b 40fe | e914 0200 
  0x000001fca795ce40: 0048 8b40 | ff41 807f | 4800 0f84 | 0502 0000 | 4883 f800 | 0f84 fb01 | 0000 4d8b | 5f38 4d85 
  0x000001fca795ce60: db0f 8414 | 0000 0049 | 83eb 084d | 895f 384d | 035f 4049 | 8903 e9da | 0100 0048 | 81ec f000 
  0x000001fca795ce80: 0000 4889 | 0424 4889 | 4c24 0848 | 8954 2410 | 4c89 4424 | 184c 894c | 2420 4c89 | 5424 284c 
  0x000001fca795cea0: 895c 2430 | c5fb 1144 | 2440 c5fb | 114c 2448 | c5fb 1154 | 2450 c5fb | 115c 2458 | c5fb 1164 
  0x000001fca795cec0: 2460 c5fb | 116c 2468 | 62e1 ff08 | 1144 240e | 62e1 ff08 | 114c 240f | 62e1 ff08 | 1154 2410 
  0x000001fca795cee0: 62e1 ff08 | 115c 2411 | 62e1 ff08 | 1164 2412 | 62e1 ff08 | 116c 2413 | 62e1 ff08 | 1174 2414 
  0x000001fca795cf00: 62e1 ff08 | 117c 2415 | 6261 ff08 | 1144 2416 | 6261 ff08 | 114c 2417 | 6261 ff08 | 1154 2418 
  0x000001fca795cf20: 6261 ff08 | 115c 2419 | 6261 ff08 | 1164 241a | 6261 ff08 | 116c 241b | 6261 ff08 | 1174 241c 
  0x000001fca795cf40: 6261 ff08 | 117c 241d | 498b d748 | 8bc8 4883 | ec20 40f6 | c40f 0f84 | 1900 0000 | 4883 ec08 
  0x000001fca795cf60: 48b8 2076 | 470a fa7f | 0000 ffd0 | 4883 c408 | e90c 0000 | 0048 b820 | 7647 0afa | 7f00 00ff 
  0x000001fca795cf80: d048 83c4 | 2062 61ff | 0810 7c24 | 1d62 61ff | 0810 7424 | 1c62 61ff | 0810 6c24 | 1b62 61ff 
  0x000001fca795cfa0: 0810 6424 | 1a62 61ff | 0810 5c24 | 1962 61ff | 0810 5424 | 1862 61ff | 0810 4c24 | 1762 61ff 
  0x000001fca795cfc0: 0810 4424 | 1662 e1ff | 0810 7c24 | 1562 e1ff | 0810 7424 | 1462 e1ff | 0810 6c24 | 1362 e1ff 
  0x000001fca795cfe0: 0810 6424 | 1262 e1ff | 0810 5c24 | 1162 e1ff | 0810 5424 | 1062 e1ff | 0810 4c24 | 0f62 e1ff 
  0x000001fca795d000: 0810 4424 | 0ec5 fb10 | 6c24 68c5 | fb10 6424 | 60c5 fb10 | 5c24 58c5 | fb10 5424 | 50c5 fb10 
  0x000001fca795d020: 4c24 48c5 | fb10 4424 | 404c 8b5c | 2430 4c8b | 5424 284c | 8b4c 2420 | 4c8b 4424 | 1848 8b54 
  0x000001fca795d040: 2410 488b | 4c24 0848 | 8b04 2448 | 81c4 f000 | 0000 c5f8 | 7748 8945 | 1048 83ec | 1048 8904 
  0x000001fca795d060: 2448 c744 | 2408 0000 | 0000 4183 | bf50 0500 | 0002 0f85 | bf00 0000 | 4881 ec80 | 0000 0048 
  0x000001fca795d080: 8944 2478 | 4889 4c24 | 7048 8954 | 2468 4889 | 5c24 6048 | 896c 2450 | 4889 7424 | 4848 897c 
  0x000001fca795d0a0: 2440 4c89 | 4424 384c | 894c 2430 | 4c89 5424 | 284c 895c | 2420 4c89 | 6424 184c | 896c 2410 
  0x000001fca795d0c0: 4c89 7424 | 084c 893c | 244c 8be4 | 4883 ec20 | 4883 e4f0 | 48b8 f0f5 | 8d0a fa7f | 0000 ffd0 
  0x000001fca795d0e0: 498b e44c | 8b3c 244c | 8b74 2408 | 4c8b 6c24 | 104c 8b64 | 2418 4c8b | 5c24 204c | 8b54 2428 
  0x000001fca795d100: 4c8b 4c24 | 304c 8b44 | 2438 488b | 7c24 4048 | 8b74 2448 | 488b 6c24 | 5048 8b5c | 2460 488b 
  0x000001fca795d120: 5424 6848 | 8b4c 2470 | 488b 4424 | 7848 81c4 | 8000 0000 | 4d33 e448 | 8b5d e84c | 8b6b 084d 
  0x000001fca795d140: 8d6d 3849 | 837f 0800 | 0f84 bb00 | 0000 e805 | 0000 00e9 | 9600 0000 | 488d 4424 | 084c 896d 
  0x000001fca795d160: c049 8bcf | c5f8 7749 | 89af 3804 | 0000 4989 | 8728 0400 | 0048 83ec | 2040 f6c4 | 0f0f 8419 
  0x000001fca795d180: 0000 0048 | 83ec 0848 | b850 6653 | 0afa 7f00 | 00ff d048 | 83c4 08e9 | 0c00 0000 | 48b8 5066 
  0x000001fca795d1a0: 530a fa7f | 0000 ffd0 | 4883 c420 | 49c7 8728 | 0400 0000 | 0000 0049 | c787 3804 | 0000 0000 
  0x000001fca795d1c0: 0000 49c7 | 8730 0400 | 0000 0000 | 00c5 f877 | 4983 7f08 | 000f 8405 | 0000 00e9 | 0040 ffff 
  0x000001fca795d1e0: 4c8b 6dc0 | 4c8b 75c8 | 4e8d 74f5 | 00c3 48b9 | 3808 b70a | fa7f 0000 | 4883 e4f0 | 48b8 508c 
  0x000001fca795d200: 7a0a fa7f | 0000 ffd0 | f444 0fb7 | 5b2c 41f6 | c320 0f84 | 7201 0000 | 488d 55a8 | 4c8b 5a08 
  0x000001fca795d220: 4d85 db0f | 85bb 0000 | 00e8 0500 | 0000 e996 | 0000 0048 | 8d44 2408 | 4c89 6dc0 | 498b cfc5 
  0x000001fca795d240: f877 4989 | af38 0400 | 0049 8987 | 2804 0000 | 4883 ec20 | 40f6 c40f | 0f84 1900 | 0000 4883 
  0x000001fca795d260: ec08 48b8 | 8065 530a | fa7f 0000 | ffd0 4883 | c408 e90c | 0000 0048 | b880 6553 | 0afa 7f00 
  0x000001fca795d280: 00ff d048 | 83c4 2049 | c787 2804 | 0000 0000 | 0000 49c7 | 8738 0400 | 0000 0000 | 0049 c787 
  0x000001fca795d2a0: 3004 0000 | 0000 0000 | c5f8 7749 | 837f 0800 | 0f84 0500 | 0000 e925 | 3fff ff4c | 8b6d c04c 
  0x000001fca795d2c0: 8b75 c84e | 8d74 f500 | c348 b938 | 08b7 0afa | 7f00 0048 | 83e4 f048 | b850 8c7a | 0afa 7f00 
  0x000001fca795d2e0: 00ff d0f4 | 4c89 6dc0 | 4c8b 4a08 | 48c7 4208 | 0000 0000 | 458b 87d8 | 0600 004f | 3b4c 07f8 
  0x000001fca795d300: 0f85 4200 | 0000 4183 | afd8 0600 | 0008 4f3b | 4c07 f00f | 842a 0000 | 0049 8b01 | a802 0f85 
  0x000001fca795d320: 1200 0000 | 4c8b c049 | 83c8 01f0 | 4d0f b101 | 0f84 0d00 | 0000 4183 | 87d8 0600 | 0008 e905 
  0x000001fca795d340: 0000 00e9 | 3e00 0000 | 4c89 4a08 | 488b ca48 | 83ec 2040 | f6c4 0f0f | 8419 0000 | 0048 83ec 
  0x000001fca795d360: 0848 b8d0 | 3753 0afa | 7f00 00ff | d048 83c4 | 08e9 0c00 | 0000 48b8 | d037 530a | fa7f 0000 
  0x000001fca795d380: ffd0 4883 | c420 4c8b | 6dc0 41c6 | 8796 0300 | 0001 493b | 6f28 0f87 | 0500 0000 | e9ab 0000 
  0x000001fca795d3a0: 0048 83ec | 10c5 fb11 | 0424 4883 | ec10 4889 | 0424 48c7 | 4424 0800 | 0000 00c5 | f877 4989 
  0x000001fca795d3c0: af38 0400 | 0049 babb | d395 a7fc | 0100 004d | 8997 3004 | 0000 4989 | a728 0400 | 0049 8bcf 
  0x000001fca795d3e0: 4883 ec20 | 40f6 c40f | 0f84 1900 | 0000 4883 | ec08 48b8 | 701e 530a | fa7f 0000 | ffd0 4883 
  0x000001fca795d400: c408 e90c | 0000 0048 | b870 1e53 | 0afa 7f00 | 00ff d048 | 83c4 2049 | c787 2804 | 0000 0000 
  0x000001fca795d420: 0000 49c7 | 8738 0400 | 0000 0000 | 0049 c787 | 3004 0000 | 0000 0000 | c5f8 7748 | 8b04 2448 
  0x000001fca795d440: 83c4 10c5 | fb10 0424 | 4883 c410 | 488b 0424 | 4883 c410 | c5fb 1004 | 2448 83c4 | 104c 8b5d 
  0x000001fca795d460: 1841 ffd3 | 4c8b 5df8 | c941 c687 | 9603 0000 | 005f 498b | e3ff e7ba | 0000 0000 | e805 0000 
  0x000001fca795d480: 00e9 9600 | 0000 488d | 4424 084c | 896d c049 | 8bcf c5f8 | 7749 89af | 3804 0000 | 4989 8728 
  0x000001fca795d4a0: 0400 0048 | 83ec 2040 | f6c4 0f0f | 8419 0000 | 0048 83ec | 0848 b8c0 | 2d53 0afa | 7f00 00ff 
  0x000001fca795d4c0: d048 83c4 | 08e9 0c00 | 0000 48b8 | c02d 530a | fa7f 0000 | ffd0 4883 | c420 49c7 | 8728 0400 
  0x000001fca795d4e0: 0000 0000 | 0049 c787 | 3804 0000 | 0000 0000 | 49c7 8730 | 0400 0000 | 0000 00c5 | f877 4983 
  0x000001fca795d500: 7f08 000f | 8405 0000 | 00e9 d23c | ffff 4c8b | 6dc0 4c8b | 75c8 4e8d | 74f5 00c3 | 488b 5de8 
  0x000001fca795d520: e96e f5ff | ff66 6690 
[/MachCode]

---------------  P R O C E S S  ---------------

Threads class SMR info:
_java_thread_list=0x000001fcb645f220, length=18, elements={
0x000001fc9f0d13b0, 0x000001fcb11837c0, 0x000001fcb1184220, 0x000001fcb11874b0,
0x000001fcb1189300, 0x000001fcb118dee0, 0x000001fcb118eaa0, 0x000001fcb1191670,
0x000001fcb1205af0, 0x000001fcb12d3620, 0x000001fcb1472ba0, 0x000001fcb15fd370,
0x000001fcb15fe780, 0x000001fcb19def90, 0x000001fcb1c65ce0, 0x000001fcb1de3d80,
0x000001fcb1de4b60, 0x000001fcb64647e0
}

Java Threads: ( => current thread )
  0x000001fc9f0d13b0 JavaThread "main"                              [_thread_blocked, id=21784, stack(0x000000f9a2d00000,0x000000f9a2e00000) (1024K)]
  0x000001fcb11837c0 JavaThread "Reference Handler"          daemon [_thread_blocked, id=16364, stack(0x000000f9a3500000,0x000000f9a3600000) (1024K)]
  0x000001fcb1184220 JavaThread "Finalizer"                  daemon [_thread_blocked, id=17944, stack(0x000000f9a3600000,0x000000f9a3700000) (1024K)]
  0x000001fcb11874b0 JavaThread "Signal Dispatcher"          daemon [_thread_blocked, id=14444, stack(0x000000f9a3700000,0x000000f9a3800000) (1024K)]
  0x000001fcb1189300 JavaThread "Attach Listener"            daemon [_thread_blocked, id=7784, stack(0x000000f9a3800000,0x000000f9a3900000) (1024K)]
  0x000001fcb118dee0 JavaThread "Service Thread"             daemon [_thread_blocked, id=22484, stack(0x000000f9a3900000,0x000000f9a3a00000) (1024K)]
  0x000001fcb118eaa0 JavaThread "Monitor Deflation Thread"   daemon [_thread_blocked, id=784, stack(0x000000f9a3a00000,0x000000f9a3b00000) (1024K)]
  0x000001fcb1191670 JavaThread "C1 CompilerThread0"         daemon [_thread_blocked, id=512, stack(0x000000f9a3b00000,0x000000f9a3c00000) (1024K)]
  0x000001fcb1205af0 JavaThread "C1 CompilerThread1"         daemon [_thread_blocked, id=21724, stack(0x000000f9a3c00000,0x000000f9a3d00000) (1024K)]
  0x000001fcb12d3620 JavaThread "Common-Cleaner"             daemon [_thread_blocked, id=7360, stack(0x000000f9a3d00000,0x000000f9a3e00000) (1024K)]
  0x000001fcb1472ba0 JavaThread "C1 CompilerThread2"         daemon [_thread_blocked, id=14548, stack(0x000000f9a3e00000,0x000000f9a3f00000) (1024K)]
  0x000001fcb15fd370 JavaThread "Monitor Ctrl-Break"         daemon [_thread_in_native, id=20640, stack(0x000000f9a3f00000,0x000000f9a4000000) (1024K)]
  0x000001fcb15fe780 JavaThread "Notification Thread"        daemon [_thread_blocked, id=14720, stack(0x000000f9a4000000,0x000000f9a4100000) (1024K)]
  0x000001fcb19def90 JavaThread "C1 CompilerThread3"         daemon [_thread_blocked, id=19840, stack(0x000000f9a4100000,0x000000f9a4200000) (1024K)]
  0x000001fcb1c65ce0 JavaThread "RMI TCP Accept-0"           daemon [_thread_in_native, id=18856, stack(0x000000f9a4200000,0x000000f9a4300000) (1024K)]
  0x000001fcb1de3d80 JavaThread "Thread-0"                          [_thread_blocked, id=21928, stack(0x000000f9a4300000,0x000000f9a4400000) (1024K)]
  0x000001fcb1de4b60 JavaThread "restartedMain"                     [_thread_in_vm, id=8540, stack(0x000000f9a4400000,0x000000f9a4500000) (1024K)]
=>0x000001fcb64647e0 JavaThread "background-preinit"                [_thread_in_vm, id=20432, stack(0x000000f9a4500000,0x000000f9a4600000) (1024K)]
Total: 18

Other Threads:
  0x000001fcb1174a50 VMThread "VM Thread"                           [id=15420, stack(0x000000f9a3400000,0x000000f9a3500000) (1024K)]
  0x000001fcb1166030 WatcherThread "VM Periodic Task Thread"        [id=15428, stack(0x000000f9a3300000,0x000000f9a3400000) (1024K)]
  0x000001fc9f126510 WorkerThread "GC Thread#0"                     [id=12260, stack(0x000000f9a2e00000,0x000000f9a2f00000) (1024K)]
  0x000001fcb6488520 WorkerThread "GC Thread#1"                     [id=5552, stack(0x000000f9a4600000,0x000000f9a4700000) (1024K)]
  0x000001fcb64ae420 WorkerThread "GC Thread#2"                     [id=1904, stack(0x000000f9a4700000,0x000000f9a4800000) (1024K)]
  0x000001fcb64aec50 WorkerThread "GC Thread#3"                     [id=7800, stack(0x000000f9a4800000,0x000000f9a4900000) (1024K)]
  0x000001fcb649a250 WorkerThread "GC Thread#4"                     [id=7808, stack(0x000000f9a4900000,0x000000f9a4a00000) (1024K)]
  0x000001fcb649a680 WorkerThread "GC Thread#5"                     [id=22216, stack(0x000000f9a4a00000,0x000000f9a4b00000) (1024K)]
  0x000001fcb649aab0 WorkerThread "GC Thread#6"                     [id=18204, stack(0x000000f9a4b00000,0x000000f9a4c00000) (1024K)]
  0x000001fcb649aee0 WorkerThread "GC Thread#7"                     [id=1440, stack(0x000000f9a4c00000,0x000000f9a4d00000) (1024K)]
  0x000001fc9f1392a0 ConcurrentGCThread "G1 Main Marker"            [id=10856, stack(0x000000f9a2f00000,0x000000f9a3000000) (1024K)]
  0x000001fc9f13a5e0 WorkerThread "G1 Conc#0"                       [id=1436, stack(0x000000f9a3000000,0x000000f9a3100000) (1024K)]
  0x000001fc9f17fac0 ConcurrentGCThread "G1 Refine#0"               [id=16848, stack(0x000000f9a3100000,0x000000f9a3200000) (1024K)]
  0x000001fc9f1806d0 ConcurrentGCThread "G1 Service"                [id=22488, stack(0x000000f9a3200000,0x000000f9a3300000) (1024K)]
Total: 14

Threads with active compile tasks:
Total: 0

VM state: not at safepoint (normal execution)

VM Mutex/Monitor currently owned by a thread:  ([mutex/lock_event])
[0x00007ffa0ae372a8] Metaspace_lock - owner thread: 0x000001fcb64647e0

Heap address: 0x0000000743200000, size: 3022 MB, Compressed Oops mode: Zero based, Oop shift amount: 3

CDS archive(s) mapped at: [0x0000000080000000-0x0000000080dd0000-0x0000000080dd0000), size 14483456, SharedBaseAddress: 0x0000000080000000, ArchiveRelocationMode: 1.
Compressed class space mapped at: 0x0000000081000000-0x00000000c1000000, reserved size: 1073741824
UseCompressedClassPointers 1, UseCompactObjectHeaders 0
Narrow klass pointer bits 32, Max shift 3
Narrow klass base: 0x0000000080000000, Narrow klass shift: 0
Encoding Range: [0x0000000080000000 - 0x0000000180000000), (4294967296 bytes)
Klass Range:    [0x0000000080010000 - 0x00000000c1000000), (1090453504 bytes)
Klass ID Range:  [65536 - 1090519033) (1090453497)
Protection zone: [0x0000000080000000 - 0x0000000080010000), (65536 bytes)

GC Precious Log:
 CardTable entry size: 512
 Card Set container configuration: InlinePtr #cards 4 size 8 Array Of Cards #cards 16 size 48 Howl #buckets 8 coarsen threshold 3686 Howl Bitmap #cards 512 size 80 coarsen threshold 460 Card regions per heap region 1 cards per card region 4096
 CPUs: 8 total, 8 available
 Memory: 12087M
 Large Page Support: Disabled
 NUMA Support: Disabled
 Compressed Oops: Enabled (Zero based)
 Heap Region Size: 2M
 Heap Min Capacity: 8M
 Heap Initial Capacity: 190M
 Heap Max Capacity: 3022M
 Pre-touch: Disabled
 Parallel Workers: 8
 Concurrent Workers: 2
 Concurrent Refinement Workers: 8
 Periodic GC: Disabled

Heap:
 garbage-first heap   total reserved 3094528K, committed 196608K, used 12489K [0x0000000743200000, 0x0000000800000000)
  region size 2048K, 5 young (10240K), 3 survivors (6144K)

Heap Regions: E=young(eden), S=young(survivor), O=old, HS=humongous(starts), HC=humongous(continues), CS=collection set, F=free, TAMS=top-at-mark-start, PB=parsable bottom
|   0|0x0000000743200000, 0x0000000743400000, 0x0000000743400000|100%| O|  |TAMS 0x0000000743200000| PB 0x0000000743200000| Untracked |  0
|   1|0x0000000743400000, 0x000000074350ceb8, 0x0000000743600000| 52%| O|  |TAMS 0x0000000743400000| PB 0x0000000743400000| Untracked |  0
|   2|0x0000000743600000, 0x0000000743600000, 0x0000000743800000|  0%| F|  |TAMS 0x0000000743600000| PB 0x0000000743600000| Untracked |  0
|   3|0x0000000743800000, 0x0000000743800000, 0x0000000743a00000|  0%| F|  |TAMS 0x0000000743800000| PB 0x0000000743800000| Untracked |  0
|   4|0x0000000743a00000, 0x0000000743a00000, 0x0000000743c00000|  0%| F|  |TAMS 0x0000000743a00000| PB 0x0000000743a00000| Untracked |  0
|   5|0x0000000743c00000, 0x0000000743c00000, 0x0000000743e00000|  0%| F|  |TAMS 0x0000000743c00000| PB 0x0000000743c00000| Untracked |  0
|   6|0x0000000743e00000, 0x0000000743e00000, 0x0000000744000000|  0%| F|  |TAMS 0x0000000743e00000| PB 0x0000000743e00000| Untracked |  0
|   7|0x0000000744000000, 0x0000000744000000, 0x0000000744200000|  0%| F|  |TAMS 0x0000000744000000| PB 0x0000000744000000| Untracked |  0
|   8|0x0000000744200000, 0x0000000744200000, 0x0000000744400000|  0%| F|  |TAMS 0x0000000744200000| PB 0x0000000744200000| Untracked |  0
|   9|0x0000000744400000, 0x0000000744400000, 0x0000000744600000|  0%| F|  |TAMS 0x0000000744400000| PB 0x0000000744400000| Untracked |  0
|  10|0x0000000744600000, 0x0000000744600000, 0x0000000744800000|  0%| F|  |TAMS 0x0000000744600000| PB 0x0000000744600000| Untracked |  0
|  11|0x0000000744800000, 0x0000000744800000, 0x0000000744a00000|  0%| F|  |TAMS 0x0000000744800000| PB 0x0000000744800000| Untracked |  0
|  12|0x0000000744a00000, 0x0000000744a00000, 0x0000000744c00000|  0%| F|  |TAMS 0x0000000744a00000| PB 0x0000000744a00000| Untracked |  0
|  13|0x0000000744c00000, 0x0000000744c00000, 0x0000000744e00000|  0%| F|  |TAMS 0x0000000744c00000| PB 0x0000000744c00000| Untracked |  0
|  14|0x0000000744e00000, 0x0000000744e00000, 0x0000000745000000|  0%| F|  |TAMS 0x0000000744e00000| PB 0x0000000744e00000| Untracked |  0
|  15|0x0000000745000000, 0x0000000745000000, 0x0000000745200000|  0%| F|  |TAMS 0x0000000745000000| PB 0x0000000745000000| Untracked |  0
|  16|0x0000000745200000, 0x0000000745200000, 0x0000000745400000|  0%| F|  |TAMS 0x0000000745200000| PB 0x0000000745200000| Untracked |  0
|  17|0x0000000745400000, 0x0000000745400000, 0x0000000745600000|  0%| F|  |TAMS 0x0000000745400000| PB 0x0000000745400000| Untracked |  0
|  18|0x0000000745600000, 0x0000000745600000, 0x0000000745800000|  0%| F|  |TAMS 0x0000000745600000| PB 0x0000000745600000| Untracked |  0
|  19|0x0000000745800000, 0x0000000745800000, 0x0000000745a00000|  0%| F|  |TAMS 0x0000000745800000| PB 0x0000000745800000| Untracked |  0
|  20|0x0000000745a00000, 0x0000000745a00000, 0x0000000745c00000|  0%| F|  |TAMS 0x0000000745a00000| PB 0x0000000745a00000| Untracked |  0
|  21|0x0000000745c00000, 0x0000000745c00000, 0x0000000745e00000|  0%| F|  |TAMS 0x0000000745c00000| PB 0x0000000745c00000| Untracked |  0
|  22|0x0000000745e00000, 0x0000000745e00000, 0x0000000746000000|  0%| F|  |TAMS 0x0000000745e00000| PB 0x0000000745e00000| Untracked |  0
|  23|0x0000000746000000, 0x0000000746000000, 0x0000000746200000|  0%| F|  |TAMS 0x0000000746000000| PB 0x0000000746000000| Untracked |  0
|  24|0x0000000746200000, 0x0000000746200000, 0x0000000746400000|  0%| F|  |TAMS 0x0000000746200000| PB 0x0000000746200000| Untracked |  0
|  25|0x0000000746400000, 0x0000000746400000, 0x0000000746600000|  0%| F|  |TAMS 0x0000000746400000| PB 0x0000000746400000| Untracked |  0
|  26|0x0000000746600000, 0x0000000746600000, 0x0000000746800000|  0%| F|  |TAMS 0x0000000746600000| PB 0x0000000746600000| Untracked |  0
|  27|0x0000000746800000, 0x0000000746800000, 0x0000000746a00000|  0%| F|  |TAMS 0x0000000746800000| PB 0x0000000746800000| Untracked |  0
|  28|0x0000000746a00000, 0x0000000746a00000, 0x0000000746c00000|  0%| F|  |TAMS 0x0000000746a00000| PB 0x0000000746a00000| Untracked |  0
|  29|0x0000000746c00000, 0x0000000746c00000, 0x0000000746e00000|  0%| F|  |TAMS 0x0000000746c00000| PB 0x0000000746c00000| Untracked |  0
|  30|0x0000000746e00000, 0x0000000746e00000, 0x0000000747000000|  0%| F|  |TAMS 0x0000000746e00000| PB 0x0000000746e00000| Untracked |  0
|  31|0x0000000747000000, 0x0000000747000000, 0x0000000747200000|  0%| F|  |TAMS 0x0000000747000000| PB 0x0000000747000000| Untracked |  0
|  32|0x0000000747200000, 0x0000000747200000, 0x0000000747400000|  0%| F|  |TAMS 0x0000000747200000| PB 0x0000000747200000| Untracked |  0
|  33|0x0000000747400000, 0x0000000747400000, 0x0000000747600000|  0%| F|  |TAMS 0x0000000747400000| PB 0x0000000747400000| Untracked |  0
|  34|0x0000000747600000, 0x0000000747600000, 0x0000000747800000|  0%| F|  |TAMS 0x0000000747600000| PB 0x0000000747600000| Untracked |  0
|  35|0x0000000747800000, 0x0000000747800000, 0x0000000747a00000|  0%| F|  |TAMS 0x0000000747800000| PB 0x0000000747800000| Untracked |  0
|  36|0x0000000747a00000, 0x0000000747a00000, 0x0000000747c00000|  0%| F|  |TAMS 0x0000000747a00000| PB 0x0000000747a00000| Untracked |  0
|  37|0x0000000747c00000, 0x0000000747c00000, 0x0000000747e00000|  0%| F|  |TAMS 0x0000000747c00000| PB 0x0000000747c00000| Untracked |  0
|  38|0x0000000747e00000, 0x0000000747e00000, 0x0000000748000000|  0%| F|  |TAMS 0x0000000747e00000| PB 0x0000000747e00000| Untracked |  0
|  39|0x0000000748000000, 0x0000000748000000, 0x0000000748200000|  0%| F|  |TAMS 0x0000000748000000| PB 0x0000000748000000| Untracked |  0
|  40|0x0000000748200000, 0x0000000748200000, 0x0000000748400000|  0%| F|  |TAMS 0x0000000748200000| PB 0x0000000748200000| Untracked |  0
|  41|0x0000000748400000, 0x0000000748400000, 0x0000000748600000|  0%| F|  |TAMS 0x0000000748400000| PB 0x0000000748400000| Untracked |  0
|  42|0x0000000748600000, 0x0000000748600000, 0x0000000748800000|  0%| F|  |TAMS 0x0000000748600000| PB 0x0000000748600000| Untracked |  0
|  43|0x0000000748800000, 0x0000000748800000, 0x0000000748a00000|  0%| F|  |TAMS 0x0000000748800000| PB 0x0000000748800000| Untracked |  0
|  44|0x0000000748a00000, 0x0000000748a00000, 0x0000000748c00000|  0%| F|  |TAMS 0x0000000748a00000| PB 0x0000000748a00000| Untracked |  0
|  45|0x0000000748c00000, 0x0000000748c00000, 0x0000000748e00000|  0%| F|  |TAMS 0x0000000748c00000| PB 0x0000000748c00000| Untracked |  0
|  46|0x0000000748e00000, 0x0000000748e00000, 0x0000000749000000|  0%| F|  |TAMS 0x0000000748e00000| PB 0x0000000748e00000| Untracked |  0
|  47|0x0000000749000000, 0x0000000749000000, 0x0000000749200000|  0%| F|  |TAMS 0x0000000749000000| PB 0x0000000749000000| Untracked |  0
|  48|0x0000000749200000, 0x0000000749200000, 0x0000000749400000|  0%| F|  |TAMS 0x0000000749200000| PB 0x0000000749200000| Untracked |  0
|  49|0x0000000749400000, 0x0000000749400000, 0x0000000749600000|  0%| F|  |TAMS 0x0000000749400000| PB 0x0000000749400000| Untracked |  0
|  50|0x0000000749600000, 0x0000000749600000, 0x0000000749800000|  0%| F|  |TAMS 0x0000000749600000| PB 0x0000000749600000| Untracked |  0
|  51|0x0000000749800000, 0x0000000749800000, 0x0000000749a00000|  0%| F|  |TAMS 0x0000000749800000| PB 0x0000000749800000| Untracked |  0
|  52|0x0000000749a00000, 0x0000000749a00000, 0x0000000749c00000|  0%| F|  |TAMS 0x0000000749a00000| PB 0x0000000749a00000| Untracked |  0
|  53|0x0000000749c00000, 0x0000000749c00000, 0x0000000749e00000|  0%| F|  |TAMS 0x0000000749c00000| PB 0x0000000749c00000| Untracked |  0
|  54|0x0000000749e00000, 0x0000000749e00000, 0x000000074a000000|  0%| F|  |TAMS 0x0000000749e00000| PB 0x0000000749e00000| Untracked |  0
|  55|0x000000074a000000, 0x000000074a000000, 0x000000074a200000|  0%| F|  |TAMS 0x000000074a000000| PB 0x000000074a000000| Untracked |  0
|  56|0x000000074a200000, 0x000000074a200000, 0x000000074a400000|  0%| F|  |TAMS 0x000000074a200000| PB 0x000000074a200000| Untracked |  0
|  57|0x000000074a400000, 0x000000074a400000, 0x000000074a600000|  0%| F|  |TAMS 0x000000074a400000| PB 0x000000074a400000| Untracked |  0
|  58|0x000000074a600000, 0x000000074a600000, 0x000000074a800000|  0%| F|  |TAMS 0x000000074a600000| PB 0x000000074a600000| Untracked |  0
|  59|0x000000074a800000, 0x000000074a800000, 0x000000074aa00000|  0%| F|  |TAMS 0x000000074a800000| PB 0x000000074a800000| Untracked |  0
|  60|0x000000074aa00000, 0x000000074aa00000, 0x000000074ac00000|  0%| F|  |TAMS 0x000000074aa00000| PB 0x000000074aa00000| Untracked |  0
|  61|0x000000074ac00000, 0x000000074ac00000, 0x000000074ae00000|  0%| F|  |TAMS 0x000000074ac00000| PB 0x000000074ac00000| Untracked |  0
|  62|0x000000074ae00000, 0x000000074ae00000, 0x000000074b000000|  0%| F|  |TAMS 0x000000074ae00000| PB 0x000000074ae00000| Untracked |  0
|  63|0x000000074b000000, 0x000000074b000000, 0x000000074b200000|  0%| F|  |TAMS 0x000000074b000000| PB 0x000000074b000000| Untracked |  0
|  64|0x000000074b200000, 0x000000074b200000, 0x000000074b400000|  0%| F|  |TAMS 0x000000074b200000| PB 0x000000074b200000| Untracked |  0
|  65|0x000000074b400000, 0x000000074b400000, 0x000000074b600000|  0%| F|  |TAMS 0x000000074b400000| PB 0x000000074b400000| Untracked |  0
|  66|0x000000074b600000, 0x000000074b600000, 0x000000074b800000|  0%| F|  |TAMS 0x000000074b600000| PB 0x000000074b600000| Untracked |  0
|  67|0x000000074b800000, 0x000000074b800000, 0x000000074ba00000|  0%| F|  |TAMS 0x000000074b800000| PB 0x000000074b800000| Untracked |  0
|  68|0x000000074ba00000, 0x000000074bc00000, 0x000000074bc00000|100%| S|CS|TAMS 0x000000074ba00000| PB 0x000000074ba00000| Complete |  0
|  69|0x000000074bc00000, 0x000000074be00000, 0x000000074be00000|100%| S|CS|TAMS 0x000000074bc00000| PB 0x000000074bc00000| Complete |  0
|  70|0x000000074be00000, 0x000000074c000000, 0x000000074c000000|100%| S|CS|TAMS 0x000000074be00000| PB 0x000000074be00000| Complete |  0
|  71|0x000000074c000000, 0x000000074c000000, 0x000000074c200000|  0%| F|  |TAMS 0x000000074c000000| PB 0x000000074c000000| Untracked |  0
|  72|0x000000074c200000, 0x000000074c200000, 0x000000074c400000|  0%| F|  |TAMS 0x000000074c200000| PB 0x000000074c200000| Untracked |  0
|  73|0x000000074c400000, 0x000000074c400000, 0x000000074c600000|  0%| F|  |TAMS 0x000000074c400000| PB 0x000000074c400000| Untracked |  0
|  74|0x000000074c600000, 0x000000074c600000, 0x000000074c800000|  0%| F|  |TAMS 0x000000074c600000| PB 0x000000074c600000| Untracked |  0
|  75|0x000000074c800000, 0x000000074c800000, 0x000000074ca00000|  0%| F|  |TAMS 0x000000074c800000| PB 0x000000074c800000| Untracked |  0
|  76|0x000000074ca00000, 0x000000074ca00000, 0x000000074cc00000|  0%| F|  |TAMS 0x000000074ca00000| PB 0x000000074ca00000| Untracked |  0
|  77|0x000000074cc00000, 0x000000074cc00000, 0x000000074ce00000|  0%| F|  |TAMS 0x000000074cc00000| PB 0x000000074cc00000| Untracked |  0
|  78|0x000000074ce00000, 0x000000074ce00000, 0x000000074d000000|  0%| F|  |TAMS 0x000000074ce00000| PB 0x000000074ce00000| Untracked |  0
|  79|0x000000074d000000, 0x000000074d000000, 0x000000074d200000|  0%| F|  |TAMS 0x000000074d000000| PB 0x000000074d000000| Untracked |  0
|  80|0x000000074d200000, 0x000000074d200000, 0x000000074d400000|  0%| F|  |TAMS 0x000000074d200000| PB 0x000000074d200000| Untracked |  0
|  81|0x000000074d400000, 0x000000074d400000, 0x000000074d600000|  0%| F|  |TAMS 0x000000074d400000| PB 0x000000074d400000| Untracked |  0
|  82|0x000000074d600000, 0x000000074d600000, 0x000000074d800000|  0%| F|  |TAMS 0x000000074d600000| PB 0x000000074d600000| Untracked |  0
|  83|0x000000074d800000, 0x000000074d800000, 0x000000074da00000|  0%| F|  |TAMS 0x000000074d800000| PB 0x000000074d800000| Untracked |  0
|  84|0x000000074da00000, 0x000000074da00000, 0x000000074dc00000|  0%| F|  |TAMS 0x000000074da00000| PB 0x000000074da00000| Untracked |  0
|  85|0x000000074dc00000, 0x000000074dc00000, 0x000000074de00000|  0%| F|  |TAMS 0x000000074dc00000| PB 0x000000074dc00000| Untracked |  0
|  86|0x000000074de00000, 0x000000074de00000, 0x000000074e000000|  0%| F|  |TAMS 0x000000074de00000| PB 0x000000074de00000| Untracked |  0
|  87|0x000000074e000000, 0x000000074e000000, 0x000000074e200000|  0%| F|  |TAMS 0x000000074e000000| PB 0x000000074e000000| Untracked |  0
|  88|0x000000074e200000, 0x000000074e200000, 0x000000074e400000|  0%| F|  |TAMS 0x000000074e200000| PB 0x000000074e200000| Untracked |  0
|  89|0x000000074e400000, 0x000000074e400000, 0x000000074e600000|  0%| F|  |TAMS 0x000000074e400000| PB 0x000000074e400000| Untracked |  0
|  90|0x000000074e600000, 0x000000074e600000, 0x000000074e800000|  0%| F|  |TAMS 0x000000074e600000| PB 0x000000074e600000| Untracked |  0
|  91|0x000000074e800000, 0x000000074e800000, 0x000000074ea00000|  0%| F|  |TAMS 0x000000074e800000| PB 0x000000074e800000| Untracked |  0
|  92|0x000000074ea00000, 0x000000074ea00000, 0x000000074ec00000|  0%| F|  |TAMS 0x000000074ea00000| PB 0x000000074ea00000| Untracked |  0
|  93|0x000000074ec00000, 0x000000074ed6d3d0, 0x000000074ee00000| 71%| E|  |TAMS 0x000000074ec00000| PB 0x000000074ec00000| Complete |  0
|  94|0x000000074ee00000, 0x000000074f000000, 0x000000074f000000|100%| E|CS|TAMS 0x000000074ee00000| PB 0x000000074ee00000| Complete |  0
|1510|0x00000007ffe00000, 0x00000007fff25608, 0x0000000800000000| 57%| O|  |TAMS 0x00000007ffe00000| PB 0x00000007ffe00000| Untracked |  0

Card table byte_map: [0x000001fcab270000,0x000001fcab860000] _byte_map_base: 0x000001fca7857000

Marking Bits: (CMBitMap*) 0x000001fc9f126ca0
 Bits: [0x000001fcab860000, 0x000001fcae798000)

Polling page: 0x000001fc9d0b0000

Metaspace:
Metaspace        used 11948K, committed 12160K, reserved 1114112K
 class space     used 1296K, committed 1408K, reserved 1048576K

Usage:
  Non-class:     10.40 MB used.
      Class:      1.27 MB used.
       Both:     11.67 MB used.

Virtual space:
  Non-class space:       64.00 MB reserved,      10.50 MB ( 16%) committed,  1 nodes.
      Class space:        1.00 GB reserved,       1.38 MB ( <1%) committed,  1 nodes.
             Both:        1.06 GB reserved,      11.88 MB (  1%) committed. 

Chunk freelists:
   Non-Class:  4.53 MB
       Class:  14.52 MB
        Both:  19.05 MB

MaxMetaspaceSize: unlimited
CompressedClassSpaceSize: 1.00 GB
Initial GC threshold: 21.00 MB
Current GC threshold: 21.00 MB
CDS: on
 - commit_granule_bytes: 65536.
 - commit_granule_words: 8192.
 - virtual_space_node_default_size: 8388608.
 - enlarge_chunks_in_place: 1.
UseCompressedClassPointers 1, UseCompactObjectHeaders 0
Narrow klass pointer bits 32, Max shift 3
Narrow klass base: 0x0000000080000000, Narrow klass shift: 0
Encoding Range: [0x0000000080000000 - 0x0000000180000000), (4294967296 bytes)
Klass Range:    [0x0000000080010000 - 0x00000000c1000000), (1090453504 bytes)
Klass ID Range:  [65536 - 1090519033) (1090453497)
Protection zone: [0x0000000080000000 - 0x0000000080010000), (65536 bytes)


Internal statistics:

num_allocs_failed_limit: 0.
num_arena_births: 178.
num_arena_deaths: 0.
num_vsnodes_births: 2.
num_vsnodes_deaths: 0.
num_space_committed: 190.
num_space_uncommitted: 0.
num_chunks_returned_to_freelist: 0.
num_chunks_taken_from_freelist: 499.
num_chunk_merges: 0.
num_chunk_splits: 322.
num_chunks_enlarged: 225.
num_inconsistent_stats: 0.

CodeCache: size=49152Kb used=5514Kb max_used=5514Kb free=43637Kb
 bounds [0x000001fca7950000, 0x000001fca7ec0000, 0x000001fcaa950000]
 total_blobs=2807, nmethods=2302, adapters=426, full_count=0
Compilation: enabled, stopped_count=0, restarted_count=0

Compilation events (20 events):
Event: 0.807 Thread 0x000001fcb1205af0 2291       1       jdk.internal.vm.ContinuationSupport::isSupported (4 bytes)
Event: 0.807 Thread 0x000001fcb1205af0 nmethod 2291 0x000001fca7eadb88 code [0x000001fca7eadc80, 0x000001fca7eadd28]
Event: 0.807 Thread 0x000001fcb1191670 2294   !   1       java.util.concurrent.ConcurrentHashMap::replaceNode (437 bytes)
Event: 0.807 Thread 0x000001fcb1205af0 2295       1       java.util.concurrent.ConcurrentHashMap::remove (8 bytes)
Event: 0.807 Thread 0x000001fcb1472ba0 2296       1       java.lang.ref.ReferenceQueue::poll0 (65 bytes)
Event: 0.807 Thread 0x000001fcb19def90 2297       1       jdk.internal.vm.ContinuationSupport::pinIfSupported (10 bytes)
Event: 0.807 Thread 0x000001fcb1205af0 nmethod 2295 0x000001fca7eade88 code [0x000001fca7eadf80, 0x000001fca7eae070]
Event: 0.807 Thread 0x000001fcb1205af0 2298       1       jdk.internal.vm.ContinuationSupport::unpinIfSupported (10 bytes)
Event: 0.807 Thread 0x000001fcb19def90 nmethod 2297 0x000001fca7eae188 code [0x000001fca7eae280, 0x000001fca7eae340]
Event: 0.807 Thread 0x000001fcb1205af0 nmethod 2298 0x000001fca7eae488 code [0x000001fca7eae580, 0x000001fca7eae640]
Event: 0.807 Thread 0x000001fcb1472ba0 nmethod 2296 0x000001fca7eae788 code [0x000001fca7eae880, 0x000001fca7eaeb88]
Event: 0.808 Thread 0x000001fcb1191670 nmethod 2294 0x000001fca7eaec08 code [0x000001fca7eaed00, 0x000001fca7eafc38]
Event: 0.812 Thread 0x000001fcb1191670 2299       1       java.lang.invoke.MethodHandle::asType (28 bytes)
Event: 0.812 Thread 0x000001fcb1191670 nmethod 2299 0x000001fca7eafc88 code [0x000001fca7eafd80, 0x000001fca7eaff00]
Event: 0.817 Thread 0x000001fcb1191670 2300       1       ch.qos.logback.classic.Logger::getChildByName (68 bytes)
Event: 0.818 Thread 0x000001fcb1191670 nmethod 2300 0x000001fca7eaff88 code [0x000001fca7eb0080, 0x000001fca7eb02e8]
Event: 0.832 Thread 0x000001fcb1191670 2301       1       java.util.LinkedHashMap::newNode (23 bytes)
Event: 0.832 Thread 0x000001fcb1205af0 2302       1       java.util.LinkedHashMap::afterNodeInsertion (40 bytes)
Event: 0.832 Thread 0x000001fcb1191670 nmethod 2301 0x000001fca7eb1d88 code [0x000001fca7eb1e80, 0x000001fca7eb2118]
Event: 0.832 Thread 0x000001fcb1205af0 nmethod 2302 0x000001fca7eb2188 code [0x000001fca7eb2280, 0x000001fca7eb2450]

GC Heap Usage History (2 events):
Event: 0.798 {heap Before GC invocations=0 (full 0):
 garbage-first heap   total reserved 3094528K, committed 196608K, used 50325K [0x0000000743200000, 0x0000000800000000)
  region size 2048K, 24 young (49152K), 0 survivors (0K)
}
Event: 0.803 {heap After GC invocations=1 (full 0):
 garbage-first heap   total reserved 3094528K, committed 196608K, used 10441K [0x0000000743200000, 0x0000000800000000)
  region size 2048K, 3 young (6144K), 3 survivors (6144K)
}

Metaspace Usage History (2 events):
Event: 0.798 {metaspace Before GC invocations=0 (full 0):
 Metaspace       used 10821K, committed 11008K, reserved 1114112K
  class space    used 1185K, committed 1280K, reserved 1048576K
}
Event: 0.803 {metaspace After GC invocations=1 (full 0):
 Metaspace       used 10821K, committed 11008K, reserved 1114112K
  class space    used 1185K, committed 1280K, reserved 1048576K
}

Dll operation events (10 events):
Event: 0.010 Loaded shared library D:\Program Files (x86)\Java\jdk-25\bin\java.dll
Event: 0.112 Loaded shared library D:\Program Files (x86)\Java\jdk-25\bin\zip.dll
Event: 0.114 Loaded shared library D:\Program Files (x86)\Java\jdk-25\bin\instrument.dll
Event: 0.120 Loaded shared library D:\Program Files (x86)\Java\jdk-25\bin\net.dll
Event: 0.122 Loaded shared library D:\Program Files (x86)\Java\jdk-25\bin\nio.dll
Event: 0.124 Loaded shared library D:\Program Files (x86)\Java\jdk-25\bin\zip.dll
Event: 0.184 Loaded shared library D:\Program Files (x86)\Java\jdk-25\bin\jimage.dll
Event: 0.192 Loaded shared library D:\Program Files (x86)\Java\jdk-25\bin\extnet.dll
Event: 0.197 Loaded shared library D:\Program Files (x86)\Java\jdk-25\bin\management.dll
Event: 0.207 Loaded shared library D:\Program Files (x86)\Java\jdk-25\bin\management_ext.dll

Deoptimization events (0 events):
No events

Classes loaded (20 events):
Event: 0.790 Loading class java/beans/Introspector$1 done
Event: 0.793 Loading class java/util/AbstractList$ListItr
Event: 0.793 Loading class java/util/AbstractList$ListItr done
Event: 0.794 Loading class java/lang/AssertionError
Event: 0.794 Loading class java/lang/AssertionError done
Event: 0.807 Loading class java/util/regex/PatternSyntaxException
Event: 0.807 Loading class java/util/regex/PatternSyntaxException done
Event: 0.808 Loading class javax/xml/stream/XMLStreamException
Event: 0.809 Loading class javax/xml/stream/XMLStreamException done
Event: 0.816 Loading class org/xml/sax/SAXException
Event: 0.816 Loading class org/xml/sax/SAXException done
Event: 0.816 Loading class javax/xml/transform/Source
Event: 0.817 Loading class javax/xml/transform/Source done
Event: 0.823 Loading class java/io/NotSerializableException
Event: 0.823 Loading class java/io/ObjectStreamException
Event: 0.824 Loading class java/io/ObjectStreamException done
Event: 0.824 Loading class java/io/NotSerializableException done
Event: 0.824 Loading class java/util/concurrent/CompletionException
Event: 0.824 Loading class java/util/concurrent/CompletionException done
Event: 0.833 Loading class java/lang/reflect/AnnotatedType

Classes unloaded (0 events):
No events

Classes redefined (0 events):
No events

Internal exceptions (20 events):
Event: 0.611 Thread 0x000001fcb1de4b60 Exception <a 'java/lang/NoSuchMethodError'{0x000000074cc2ed78}: 'java.lang.Object java.lang.invoke.DirectMethodHandle$Holder.invokeStaticInit(java.lang.Object, long, java.lang.Object)'> (0x000000074cc2ed78) 
thrown [s\open\src\hotspot\share\interpreter\linkResolver.cpp, line 804]
Event: 0.611 Thread 0x000001fcb1de4b60 Exception <a 'java/lang/NoSuchMethodError'{0x000000074cc3e3f8}: 'java.lang.Object java.lang.invoke.DirectMethodHandle$Holder.newInvokeSpecial(java.lang.Object, long)'> (0x000000074cc3e3f8) 
thrown [s\open\src\hotspot\share\interpreter\linkResolver.cpp, line 804]
Event: 0.650 Thread 0x000001fcb1de4b60 Exception <a 'java/lang/NoSuchMethodError'{0x000000074cabfe20}: 'java.lang.Object java.lang.invoke.DirectMethodHandle$Holder.newInvokeSpecial(java.lang.Object, java.lang.Object, java.lang.Object, java.lang.Object, java.lang.Object, java.lang.Object, java.lang.Object)'> (0x000000074cabfe20) 
thrown [s\open\src\hotspot\share\interpreter\linkResolver.cpp, line 804]
Event: 0.652 Thread 0x000001fcb1de4b60 Exception <a 'java/lang/NoSuchMethodError'{0x000000074cae4118}: 'void java.lang.invoke.DirectMethodHandle$Holder.invokeStaticInit(java.lang.Object, java.lang.Object)'> (0x000000074cae4118) 
thrown [s\open\src\hotspot\share\interpreter\linkResolver.cpp, line 804]
Event: 0.655 Thread 0x000001fcb1de4b60 Exception <a 'java/lang/NoSuchMethodError'{0x000000074cb36d90}: 'int java.lang.invoke.DirectMethodHandle$Holder.invokeStatic(java.lang.Object, java.lang.Object, java.lang.Object, java.lang.Object)'> (0x000000074cb36d90) 
thrown [s\open\src\hotspot\share\interpreter\linkResolver.cpp, line 804]
Event: 0.663 Thread 0x000001fcb1de4b60 Exception <a 'java/lang/NoSuchMethodError'{0x000000074cbdca00}: 'java.lang.Object java.lang.invoke.DirectMethodHandle$Holder.invokeSpecial(java.lang.Object, java.lang.Object, java.lang.Object, java.lang.Object, java.lang.Object, java.lang.Object, int)'> (0x000000074cbdca00) 
thrown [s\open\src\hotspot\share\interpreter\linkResolver.cpp, line 804]
Event: 0.663 Thread 0x000001fcb1de4b60 Exception <a 'java/lang/NoSuchMethodError'{0x000000074cbeeae8}: 'java.lang.Object java.lang.invoke.DirectMethodHandle$Holder.newInvokeSpecial(java.lang.Object, java.lang.Object, java.lang.Object, java.lang.Object, java.lang.Object, java.lang.Object, int)'> (0x000000074cbeeae8) 
thrown [s\open\src\hotspot\share\interpreter\linkResolver.cpp, line 804]
Event: 0.664 Thread 0x000001fcb1de4b60 Exception <a 'java/lang/NoSuchMethodError'{0x000000074cbf7bc0}: 'java.lang.Object java.lang.invoke.DirectMethodHandle$Holder.invokeSpecial(java.lang.Object, java.lang.Object, java.lang.Object, java.lang.Object, java.lang.Object, java.lang.Object, java.lang.Object, int)'> (0x000000074cbf7bc0) 
thrown [s\open\src\hotspot\share\interpreter\linkResolver.cpp, line 804]
Event: 0.681 Thread 0x000001fcb1de4b60 Exception <a 'java/lang/NoSuchMethodError'{0x000000074c96a5e8}: 'void java.lang.invoke.DirectMethodHandle$Holder.invokeSpecial(java.lang.Object, java.lang.Object, java.lang.Object, java.lang.Object, java.lang.Object)'> (0x000000074c96a5e8) 
thrown [s\open\src\hotspot\share\interpreter\linkResolver.cpp, line 804]
Event: 0.689 Thread 0x000001fcb1de4b60 Exception <a 'java/lang/NoSuchMethodError'{0x000000074c9b81c8}: 'int java.lang.invoke.DirectMethodHandle$Holder.invokeVirtual(java.lang.Object, java.lang.Object)'> (0x000000074c9b81c8) 
thrown [s\open\src\hotspot\share\interpreter\linkResolver.cpp, line 804]
Event: 0.701 Thread 0x000001fcb1de4b60 Exception <a 'java/lang/NoSuchMethodError'{0x000000074c67cd90}: 'java.lang.Object java.lang.invoke.DirectMethodHandle$Holder.newInvokeSpecial(java.lang.Object, java.lang.Object, java.lang.Object, int, java.lang.Object)'> (0x000000074c67cd90) 
thrown [s\open\src\hotspot\share\interpreter\linkResolver.cpp, line 804]
Event: 0.701 Thread 0x000001fcb1de4b60 Exception <a 'java/lang/NoSuchMethodError'{0x000000074c68d4d8}: 'java.lang.Object java.lang.invoke.Invokers$Holder.linkToTargetMethod(java.lang.Object, java.lang.Object, int, java.lang.Object, java.lang.Object)'> (0x000000074c68d4d8) 
thrown [s\open\src\hotspot\share\interpreter\linkResolver.cpp, line 804]
Event: 0.702 Thread 0x000001fcb1de4b60 Exception <a 'java/lang/NoSuchMethodError'{0x000000074c6a80a8}: 'java.lang.Object java.lang.invoke.DirectMethodHandle$Holder.newInvokeSpecial(java.lang.Object, int, java.lang.Object)'> (0x000000074c6a80a8) 
thrown [s\open\src\hotspot\share\interpreter\linkResolver.cpp, line 804]
Event: 0.703 Thread 0x000001fcb1de4b60 Exception <a 'java/lang/NoSuchMethodError'{0x000000074c6b14e8}: 'int java.lang.invoke.DirectMethodHandle$Holder.invokeSpecialIFC(java.lang.Object, java.lang.Object, java.lang.Object, java.lang.Object)'> (0x000000074c6b14e8) 
thrown [s\open\src\hotspot\share\interpreter\linkResolver.cpp, line 804]
Event: 0.714 Thread 0x000001fcb1de4b60 Exception <a 'java/lang/NoSuchMethodError'{0x000000074c7b9070}: 'void java.lang.invoke.DirectMethodHandle$Holder.invokeInterface(java.lang.Object, java.lang.Object, java.lang.Object)'> (0x000000074c7b9070) 
thrown [s\open\src\hotspot\share\interpreter\linkResolver.cpp, line 804]
Event: 0.729 Thread 0x000001fcb1de4b60 Exception <a 'java/lang/NoSuchMethodError'{0x000000074c47ebf0}: 'java.lang.Object java.lang.invoke.DirectMethodHandle$Holder.invokeVirtual(java.lang.Object, java.lang.Object, java.lang.Object)'> (0x000000074c47ebf0) 
thrown [s\open\src\hotspot\share\interpreter\linkResolver.cpp, line 804]
Event: 0.742 Thread 0x000001fcb1de4b60 Exception <a 'java/lang/NoSuchMethodError'{0x000000074c566258}: 'void java.lang.invoke.DirectMethodHandle$Holder.invokeStatic(java.lang.Object, java.lang.Object, int)'> (0x000000074c566258) 
thrown [s\open\src\hotspot\share\interpreter\linkResolver.cpp, line 804]
Event: 0.745 Thread 0x000001fcb1de4b60 Exception <a 'java/lang/NoSuchMethodError'{0x000000074c5841b8}: 'void java.lang.invoke.DirectMethodHandle$Holder.invokeStaticInit(java.lang.Object, java.lang.Object, java.lang.Object)'> (0x000000074c5841b8) 
thrown [s\open\src\hotspot\share\interpreter\linkResolver.cpp, line 804]
Event: 0.759 Thread 0x000001fcb1de4b60 Exception <a 'java/lang/NoSuchMethodError'{0x000000074c24ae88}: 'void java.lang.invoke.DirectMethodHandle$Holder.invokeVirtual(java.lang.Object, java.lang.Object, java.lang.Object, java.lang.Object)'> (0x000000074c24ae88) 
thrown [s\open\src\hotspot\share\interpreter\linkResolver.cpp, line 804]
Event: 0.794 Thread 0x000001fcb1de4b60 Exception <a 'java/lang/IncompatibleClassChangeError'{0x000000074c0de580}: Found class java.lang.Object, but interface was expected> (0x000000074c0de580) 
thrown [s\open\src\hotspot\share\interpreter\linkResolver.cpp, line 871]

VM Operations (20 events):
Event: 0.103 Executing non-safepoint VM operation: HandshakeAllThreads (Deoptimize)
Event: 0.103 Executing non-safepoint VM operation: HandshakeAllThreads (Deoptimize) done
Event: 0.313 Executing non-safepoint VM operation: HandshakeAllThreads (Deoptimize)
Event: 0.313 Executing non-safepoint VM operation: HandshakeAllThreads (Deoptimize) done
Event: 0.339 Executing non-safepoint VM operation: HandshakeAllThreads (Deoptimize)
Event: 0.339 Executing non-safepoint VM operation: HandshakeAllThreads (Deoptimize) done
Event: 0.353 Executing non-safepoint VM operation: HandshakeAllThreads (Deoptimize)
Event: 0.353 Executing non-safepoint VM operation: HandshakeAllThreads (Deoptimize) done
Event: 0.375 Executing non-safepoint VM operation: HandshakeAllThreads (Deoptimize)
Event: 0.375 Executing non-safepoint VM operation: HandshakeAllThreads (Deoptimize) done
Event: 0.377 Executing non-safepoint VM operation: HandshakeAllThreads (Deoptimize)
Event: 0.377 Executing non-safepoint VM operation: HandshakeAllThreads (Deoptimize) done
Event: 0.568 Executing non-safepoint VM operation: HandshakeAllThreads (Deoptimize)
Event: 0.568 Executing non-safepoint VM operation: HandshakeAllThreads (Deoptimize) done
Event: 0.780 Executing non-safepoint VM operation: HandshakeAllThreads (Deoptimize)
Event: 0.780 Executing non-safepoint VM operation: HandshakeAllThreads (Deoptimize) done
Event: 0.782 Executing non-safepoint VM operation: HandshakeAllThreads (Deoptimize)
Event: 0.782 Executing non-safepoint VM operation: HandshakeAllThreads (Deoptimize) done
Event: 0.798 Executing safepoint VM operation: G1CollectForAllocation (G1 Evacuation Pause)
Event: 0.803 Executing safepoint VM operation: G1CollectForAllocation (G1 Evacuation Pause) done

Memory protections (0 events):
No events

Nmethod flushes (0 events):
No events

Events (18 events):
Event: 0.029 Thread 0x000001fc9f0d13b0 Thread added: 0x000001fc9f0d13b0
Event: 0.038 Thread 0x000001fc9f0d13b0 Thread added: 0x000001fcb11837c0
Event: 0.038 Thread 0x000001fc9f0d13b0 Thread added: 0x000001fcb1184220
Event: 0.039 Thread 0x000001fc9f0d13b0 Thread added: 0x000001fcb11874b0
Event: 0.039 Thread 0x000001fc9f0d13b0 Thread added: 0x000001fcb1189300
Event: 0.039 Thread 0x000001fc9f0d13b0 Thread added: 0x000001fcb118dee0
Event: 0.039 Thread 0x000001fc9f0d13b0 Thread added: 0x000001fcb118eaa0
Event: 0.039 Thread 0x000001fc9f0d13b0 Thread added: 0x000001fcb1191670
Event: 0.087 Thread 0x000001fcb1191670 Thread added: 0x000001fcb1205af0
Event: 0.118 Thread 0x000001fc9f0d13b0 Thread added: 0x000001fcb12d3620
Event: 0.150 Thread 0x000001fcb1205af0 Thread added: 0x000001fcb1472ba0
Event: 0.180 Thread 0x000001fc9f0d13b0 Thread added: 0x000001fcb15fd370
Event: 0.181 Thread 0x000001fc9f0d13b0 Thread added: 0x000001fcb15fe780
Event: 0.279 Thread 0x000001fcb1191670 Thread added: 0x000001fcb19def90
Event: 0.345 Thread 0x000001fc9f0d13b0 Thread added: 0x000001fcb1c65ce0
Event: 0.528 Thread 0x000001fc9f0d13b0 Thread added: 0x000001fcb1de3d80
Event: 0.529 Thread 0x000001fcb1de3d80 Thread added: 0x000001fcb1de4b60
Event: 0.786 Thread 0x000001fcb1de4b60 Thread added: 0x000001fcb64647e0


Dynamic libraries:
0x00007ff750bc0000 - 0x00007ff750bd0000 	D:\Program Files (x86)\Java\jdk-25\bin\java.exe
0x00007ffa80010000 - 0x00007ffa80208000 	C:\Windows\SYSTEM32\ntdll.dll
0x00007ffa7ebe0000 - 0x00007ffa7ec9d000 	C:\Windows\System32\KERNEL32.DLL
0x00007ffa7d8a0000 - 0x00007ffa7db96000 	C:\Windows\System32\KERNELBASE.dll
0x00007ffa7de90000 - 0x00007ffa7df90000 	C:\Windows\System32\ucrtbase.dll
0x00007ffa56db0000 - 0x00007ffa56dc7000 	D:\Program Files (x86)\Java\jdk-25\bin\jli.dll
0x00007ffa56d90000 - 0x00007ffa56dae000 	D:\Program Files (x86)\Java\jdk-25\bin\VCRUNTIME140.dll
0x00007ffa7e670000 - 0x00007ffa7e80e000 	C:\Windows\System32\USER32.dll
0x00007ffa7e030000 - 0x00007ffa7e052000 	C:\Windows\System32\win32u.dll
0x00007ffa6a220000 - 0x00007ffa6a4ba000 	C:\Windows\WinSxS\amd64_microsoft.windows.common-controls_6595b64144ccf1df_6.0.19041.3636_none_60b6a03d71f818d5\COMCTL32.dll
0x00007ffa7fb10000 - 0x00007ffa7fb3c000 	C:\Windows\System32\GDI32.dll
0x00007ffa7efb0000 - 0x00007ffa7f04e000 	C:\Windows\System32\msvcrt.dll
0x00007ffa7d6e0000 - 0x00007ffa7d7fa000 	C:\Windows\System32\gdi32full.dll
0x00007ffa7df90000 - 0x00007ffa7e02d000 	C:\Windows\System32\msvcp_win.dll
0x00007ffa7e940000 - 0x00007ffa7e970000 	C:\Windows\System32\IMM32.DLL
0x00007ffa57810000 - 0x00007ffa5781c000 	D:\Program Files (x86)\Java\jdk-25\bin\vcruntime140_1.dll
0x00007ffa561d0000 - 0x00007ffa5625d000 	D:\Program Files (x86)\Java\jdk-25\bin\msvcp140.dll
0x00007ffa0a0c0000 - 0x00007ffa0af1f000 	D:\Program Files (x86)\Java\jdk-25\bin\server\jvm.dll
0x00007ffa7ff10000 - 0x00007ffa7ffc3000 	C:\Windows\System32\ADVAPI32.dll
0x00007ffa7fba0000 - 0x00007ffa7fc3f000 	C:\Windows\System32\sechost.dll
0x00007ffa7e810000 - 0x00007ffa7e936000 	C:\Windows\System32\RPCRT4.dll
0x00007ffa7d870000 - 0x00007ffa7d897000 	C:\Windows\System32\bcrypt.dll
0x00007ffa7ef40000 - 0x00007ffa7efab000 	C:\Windows\System32\WS2_32.dll
0x00007ffa7cc30000 - 0x00007ffa7cc7b000 	C:\Windows\SYSTEM32\POWRPROF.dll
0x00007ffa6a860000 - 0x00007ffa6a86a000 	C:\Windows\SYSTEM32\VERSION.dll
0x00007ffa64bd0000 - 0x00007ffa64bf7000 	C:\Windows\SYSTEM32\WINMM.dll
0x00007ffa7caf0000 - 0x00007ffa7cb02000 	C:\Windows\SYSTEM32\UMPDC.dll
0x00007ffa7bf20000 - 0x00007ffa7bf32000 	C:\Windows\SYSTEM32\kernel.appcore.dll
0x00007ffa576c0000 - 0x00007ffa576ca000 	D:\Program Files (x86)\Java\jdk-25\bin\jimage.dll
0x00007ffa7b3d0000 - 0x00007ffa7b5b4000 	C:\Windows\SYSTEM32\DBGHELP.DLL
0x00007ffa65300000 - 0x00007ffa65334000 	C:\Windows\SYSTEM32\dbgcore.DLL
0x00007ffa7de00000 - 0x00007ffa7de82000 	C:\Windows\System32\bcryptPrimitives.dll
0x00007ffa78f40000 - 0x00007ffa78f50000 	D:\Program Files (x86)\Java\jdk-25\bin\instrument.dll
0x00007ffa56bf0000 - 0x00007ffa56c0f000 	D:\Program Files (x86)\Java\jdk-25\bin\java.dll
0x00007ffa7e540000 - 0x00007ffa7e66b000 	C:\Windows\System32\ole32.dll
0x00007ffa7f060000 - 0x00007ffa7f3b4000 	C:\Windows\System32\combase.dll
0x00007ffa7f3c0000 - 0x00007ffa7fb05000 	C:\Windows\System32\SHELL32.dll
0x00007ffa7b770000 - 0x00007ffa7bf0b000 	C:\Windows\SYSTEM32\windows.storage.dll
0x00007ffa7d110000 - 0x00007ffa7d13d000 	C:\Windows\SYSTEM32\Wldp.dll
0x00007ffa7eca0000 - 0x00007ffa7ed4d000 	C:\Windows\System32\SHCORE.dll
0x00007ffa7fb40000 - 0x00007ffa7fb95000 	C:\Windows\System32\shlwapi.dll
0x00007ffa7d610000 - 0x00007ffa7d635000 	C:\Windows\SYSTEM32\profapi.dll
0x00007ffa56170000 - 0x00007ffa56187000 	D:\Program Files (x86)\Java\jdk-25\bin\zip.dll
0x00007ffa561b0000 - 0x00007ffa561c2000 	D:\Program Files (x86)\Java\jdk-25\bin\net.dll
0x00007ffa7ce70000 - 0x00007ffa7ceda000 	C:\Windows\system32\mswsock.dll
0x00007ffa56190000 - 0x00007ffa561a6000 	D:\Program Files (x86)\Java\jdk-25\bin\nio.dll
0x00007ffa7cb60000 - 0x00007ffa7cc2a000 	C:\Windows\SYSTEM32\DNSAPI.dll
0x00007ffa7cb10000 - 0x00007ffa7cb4b000 	C:\Windows\SYSTEM32\IPHLPAPI.DLL
0x00007ffa7fcf0000 - 0x00007ffa7fcf8000 	C:\Windows\System32\NSI.dll
0x00007ffa573d0000 - 0x00007ffa573d9000 	D:\Program Files (x86)\Java\jdk-25\bin\extnet.dll
0x00007ffa6c8f0000 - 0x00007ffa6c8fa000 	C:\Windows\System32\rasadhlp.dll
0x00007ffa6ac40000 - 0x00007ffa6acc0000 	C:\Windows\System32\fwpuclnt.dll
0x00007ffa78f30000 - 0x00007ffa78f3a000 	D:\Program Files (x86)\Java\jdk-25\bin\management.dll
0x00007ffa78f20000 - 0x00007ffa78f2c000 	D:\Program Files (x86)\Java\jdk-25\bin\management_ext.dll
0x00007ffa7f050000 - 0x00007ffa7f058000 	C:\Windows\System32\PSAPI.DLL
0x00007ffa7d060000 - 0x00007ffa7d078000 	C:\Windows\SYSTEM32\CRYPTSP.dll
0x00007ffa7c730000 - 0x00007ffa7c764000 	C:\Windows\system32\rsaenh.dll
0x00007ffa7d5d0000 - 0x00007ffa7d5fe000 	C:\Windows\SYSTEM32\USERENV.dll
0x00007ffa7d080000 - 0x00007ffa7d08c000 	C:\Windows\SYSTEM32\CRYPTBASE.dll
0x00007ffa4e950000 - 0x00007ffa4e967000 	C:\Windows\system32\napinsp.dll
0x00007ffa4e860000 - 0x00007ffa4e87b000 	C:\Windows\system32\pnrpnsp.dll
0x00007ffa77f00000 - 0x00007ffa77f15000 	C:\Windows\system32\wshbth.dll
0x00007ffa77470000 - 0x00007ffa7748d000 	C:\Windows\system32\NLAapi.dll
0x00007ffa4e7b0000 - 0x00007ffa4e7c2000 	C:\Windows\System32\winrnr.dll

JVMTI agents:
D:\Program Files (x86)\JetBrains\IntelliJ IDEA 2025.2.2\lib\idea_rt.jar path:D:\Program Files (x86)\Java\jdk-25\bin\instrument.dll, loaded, initialized, instrumentlib options:52132

dbghelp: loaded successfully - version: 4.0.5 - missing functions: none
symbol engine: initialized successfully - sym options: 0x614 - pdb path: .;D:\Program Files (x86)\Java\jdk-25\bin;C:\Windows\SYSTEM32;C:\Windows\WinSxS\amd64_microsoft.windows.common-controls_6595b64144ccf1df_6.0.19041.3636_none_60b6a03d71f818d5;D:\Program Files (x86)\Java\jdk-25\bin\server

VM Arguments:
jvm_args: -XX:TieredStopAtLevel=1 -Dspring.output.ansi.enabled=always -Dcom.sun.management.jmxremote -Dspring.jmx.enabled=true -Dspring.liveBeansView.mbeanDomain -Dspring.application.admin.enabled=true -Dmanagement.endpoints.jmx.exposure.include=* -javaagent:D:\Program Files (x86)\JetBrains\IntelliJ IDEA 2025.2.2\lib\idea_rt.jar=52132 -Dfile.encoding=UTF-8 -Dsun.stdout.encoding=UTF-8 -Dsun.stderr.encoding=UTF-8 
java_command: org.example.batuku.BatukuApplication
java_class_path (initial): D:\workspace\BatukuSpring\target\classes;C:\Users\Edy\.m2\repository\org\springframework\boot\spring-boot-starter-web\3.4.0\spring-boot-starter-web-3.4.0.jar;C:\Users\Edy\.m2\repository\org\springframework\boot\spring-boot-starter\3.4.0\spring-boot-starter-3.4.0.jar;C:\Users\Edy\.m2\repository\org\springframework\boot\spring-boot-starter-logging\3.4.0\spring-boot-starter-logging-3.4.0.jar;C:\Users\Edy\.m2\repository\ch\qos\logback\logback-classic\1.5.12\logback-classic-1.5.12.jar;C:\Users\Edy\.m2\repository\ch\qos\logback\logback-core\1.5.12\logback-core-1.5.12.jar;C:\Users\Edy\.m2\repository\org\apache\logging\log4j\log4j-to-slf4j\2.24.1\log4j-to-slf4j-2.24.1.jar;C:\Users\Edy\.m2\repository\org\apache\logging\log4j\log4j-api\2.24.1\log4j-api-2.24.1.jar;C:\Users\Edy\.m2\repository\org\slf4j\jul-to-slf4j\2.0.16\jul-to-slf4j-2.0.16.jar;C:\Users\Edy\.m2\repository\jakarta\annotation\jakarta.annotation-api\2.1.1\jakarta.annotation-api-2.1.1.jar;C:\Users\Edy\.m2\repository\org\yaml\snakeyaml\2.3\snakeyaml-2.3.jar;C:\Users\Edy\.m2\repository\org\springframework\boot\spring-boot-starter-json\3.4.0\spring-boot-starter-json-3.4.0.jar;C:\Users\Edy\.m2\repository\com\fasterxml\jackson\datatype\jackson-datatype-jdk8\2.18.1\jackson-datatype-jdk8-2.18.1.jar;C:\Users\Edy\.m2\repository\com\fasterxml\jackson\datatype\jackson-datatype-jsr310\2.18.1\jackson-datatype-jsr310-2.18.1.jar;C:\Users\Edy\.m2\repository\com\fasterxml\jackson\module\jackson-module-parameter-names\2.18.1\jackson-module-parameter-names-2.18.1.jar;C:\Users\Edy\.m2\repository\org\springframework\boot\spring-boot-starter-tomcat\3.4.0\spring-boot-starter-tomcat-3.4.0.jar;C:\Users\Edy\.m2\repository\org\apache\tomcat\embed\tomcat-embed-core\10.1.33\tomcat-embed-core-10.1.33.jar;C:\Users\Edy\.m2\repository\org\apache\tomcat\embed\tomcat-embed-websocket\10.1.33\tomcat-embed-websocket-10.1.33.jar;C:\Users\Edy\.m2\repository\org\springframework\spring-web\6.2.0\spring-web-6.2.0.jar;C:\Users\Edy\.m2\repository\org\springframework\spring-beans\6.2.0\spring-beans-6.2.0.jar;C:\Users\Edy\.m2\repository\io\micrometer\micrometer-observation\1.14.1\micrometer-observation-1.14.1.jar;C:\Users\Edy\.m2\repository\io\micrometer\micrometer-commons\1.14.1\micrometer-commons-1.14.1.jar;C:\Users\Edy\.m2\repository\org\springframework\spring-webmvc\6.2.0\spring-webmvc-6.2.0.jar;C:\Users\Edy\.m2\repository\org\springframework\spring-context\6.2.0\spring-context-6.2.0.jar;C:\Users\Edy\.m2\repository\org\springframework\spring-expression\6.2.0\spring-expression-6.2.0.jar;C:\Users\Edy\.m2\repository\org\springframework\boot\spring-boot-starter-data-jpa\3.4.0\spring-boot-starter-data-jpa-3.4.0.jar;C:\Users\Edy\.m2\repository\org\springframework\boot\spring-boot-starter-jdbc\3.4.0\spring-boot-starter-jdbc-3.4.0.jar;C:\Users\Edy\.m2\repository\com\zaxxer\HikariCP\5.1.0\HikariCP-5.1.0.jar;C:\Users\Edy\.m2\repository\org\springframework\spring-jdbc\6.2.0\spring-jdbc-6.2.0.jar;C:\Users\Edy\.m2\repository\org\hibernate\orm\hibernate-core\6.6.2.Final\hibernate-core-6.6.2.Final.jar;C:\Users\Edy\.m2\repository\jakarta\persistence\jakarta.persistence-api\3.1.0\jakarta.persistence-api-3.1.0.jar;C:\Users\Edy\.m2\repository\jakarta\transaction\jakarta.transaction-api\2.0.1\jakarta.transaction-api-2.0.1.jar;C:\Users\Edy\.m2\repository\org\jboss\logging\jboss-logging\3.6.1.Final\jboss-logging-3.6.1.Final.jar;C:\Users\Edy\.m2\repository\org\hibernate\common\hibernate-commons-annotations\7.0.3.Final\hibernate-commons-annotations-7.0.3.Final.jar;C:\Users\Edy\.m2\repository\io\smallrye\jandex\3.2.0\jandex-3.2.0.jar;C:\Users\Edy\.m2\repository\com\fasterxml\classmate\1.7.0\classmate-1.7.0.jar;C:\Users\Edy\.m2\repository\net\bytebuddy\byte-buddy\1.15.10\byte-buddy-1.15.10.jar;C:\Users\Edy\.m2\repository\jakarta\inject\jakarta.inject-api\2.0.1\jakarta.inject-api-2.0.1.jar;C:\Users\Edy\.m2\repository\org\antlr\antlr4-runtime\4.13.0\antlr4-runtime-4.13.0.jar;C:\Users\Edy\.m2\repository\org\springframework\data\spring-data-jpa\3.4.0\spring-data-jpa-3.4.0.jar;C:\Users\Edy\.m2\repository\org\springframework\data\spring-data-commons\3.4.0\spring-data-commons-3.4.0.jar;C:\Users\Edy\.m2\repository\org\springframework\spring-orm\6.2.0\spring-orm-6.2.0.jar;C:\Users\Edy\.m2\repository\org\springframework\spring-tx\6.2.0\spring-tx-6.2.0.jar;C:\Users\Edy\.m2\repository\org\slf4j\slf4j-api\2.0.16\slf4j-api-2.0.16.jar;C:\Users\Edy\.m2\repository\org\springframework\spring-aspects\6.2.0\spring-aspects-6.2.0.jar;C:\Users\Edy\.m2\repository\org\aspectj\aspectjweaver\1.9.22.1\aspectjweaver-1.9.22.1.jar;C:\Users\Edy\.m2\repository\org\springframework\boot\spring-boot-starter-security\3.4.0\spring-boot-starter-security-3.4.0.jar;C:\Users\Edy\.m2\repository\org\springframework\spring-aop\6.2.0\spring-aop-6.2.0.jar;C:\Users\Edy\.m2\repository\org\springframework\security\spring-security-config\6.4.1\spring-security-config-6.4.1.jar;C:\Users\Edy\.m2\repository\org\springframework\security\spring-security-core\6.4.1\spring-security-core-6.4.1.jar;C:\Users\Edy\.m2\repository\org\springframework\security\spring-security-crypto\6.4.1\spring-security-crypto-6.4.1.jar;C:\Users\Edy\.m2\repository\org\springframework\security\spring-security-web\6.4.1\spring-security-web-6.4.1.jar;C:\Users\Edy\.m2\repository\org\springframework\boot\spring-boot-starter-validation\3.4.0\spring-boot-starter-validation-3.4.0.jar;C:\Users\Edy\.m2\repository\org\apache\tomcat\embed\tomcat-embed-el\10.1.33\tomcat-embed-el-10.1.33.jar;C:\Users\Edy\.m2\repository\org\hibernate\validator\hibernate-validator\8.0.1.Final\hibernate-validator-8.0.1.Final.jar;C:\Users\Edy\.m2\repository\jakarta\validation\jakarta.validation-api\3.0.2\jakarta.validation-api-3.0.2.jar;C:\Users\Edy\.m2\repository\com\mysql\mysql-connector-j\9.1.0\mysql-connector-j-9.1.0.jar;C:\Users\Edy\.m2\repository\org\springframework\boot\spring-boot-devtools\3.4.0\spring-boot-devtools-3.4.0.jar;C:\Users\Edy\.m2\repository\org\springframework\boot\spring-boot\3.4.0\spring-boot-3.4.0.jar;C:\Users\Edy\.m2\repository\org\springframework\boot\spring-boot-autoconfigure\3.4.0\spring-boot-autoconfigure-3.4.0.jar;C:\Users\Edy\.m2\repository\io\jsonwebtoken\jjwt\0.9.1\jjwt-0.9.1.jar;C:\Users\Edy\.m2\repository\com\fasterxml\jackson\core\jackson-databind\2.18.1\jackson-databind-2.18.1.jar;C:\Users\Edy\.m2\repository\com\fasterxml\jackson\core\jackson-annotations\2.18.1\jackson-annotations-2.18.1.jar;C:\Users\Edy\.m2\repository\com\fasterxml\jackson\core\jackson-core\2.18.1\jackson-core-2.18.1.jar;C:\Users\Edy\.m2\repository\javax\xml\bind\jaxb-api\2.3.1\jaxb-api-2.3.1.jar;C:\Users\Edy\.m2\repository\javax\activation\javax.activation-api\1.2.0\javax.activation-api-1.2.0.jar;C:\Users\Edy\.m2\repository\org\glassfish\jaxb\jaxb-runtime\2.3.9\jaxb-runtime-2.3.9.jar;C:\Users\Edy\.m2\repository\jakarta\xml\bind\jakarta.xml.bind-api\4.0.2\jakarta.xml.bind-api-4.0.2.jar;C:\Users\Edy\.m2\repository\org\glassfish\jaxb\txw2\4.0.5\txw2-4.0.5.jar;C:\Users\Edy\.m2\repository\com\sun\istack\istack-commons-runtime\4.1.2\istack-commons-runtime-4.1.2.jar;C:\Users\Edy\.m2\repository\com\sun\activation\jakarta.activation\1.2.2\jakarta.activation-1.2.2.jar;C:\Users\Edy\.m2\repository\javax\activation\activation\1.1.1\activation-1.1.1.jar;C:\Users\Edy\.m2\repository\org\springframework\spring-core\6.2.0\spring-core-6.2.0.jar;C:\Users\Edy\.m2\repository\org\springframework\spring-jcl\6.2.0\spring-jcl-6.2.0.jar
Launcher Type: SUN_STANDARD

[Global flags]
     intx CICompilerCount                          = 4                                         {product} {ergonomic}
     uint ConcGCThreads                            = 2                                         {product} {ergonomic}
     uint G1ConcRefinementThreads                  = 8                                         {product} {ergonomic}
   size_t G1HeapRegionSize                         = 2097152                                   {product} {ergonomic}
   size_t InitialHeapSize                          = 199229440                                 {product} {ergonomic}
     bool ManagementServer                         = true                                      {product} {command line}
   size_t MarkStackSize                            = 4194304                                   {product} {ergonomic}
   size_t MarkStackSizeMax                         = 536870912                                 {product} {ergonomic}
   size_t MaxHeapSize                              = 3168796672                                {product} {ergonomic}
   size_t MaxNewSize                               = 1900019712                                {product} {ergonomic}
   size_t MinHeapDeltaBytes                        = 2097152                                   {product} {ergonomic}
   size_t MinHeapSize                              = 8388608                                   {product} {ergonomic}
    uintx NonNMethodCodeHeapSize                   = 4096                                   {pd product} {ergonomic}
    uintx NonProfiledCodeHeapSize                  = 0                                      {pd product} {ergonomic}
     bool ProfileInterpreter                       = false                                  {pd product} {command line}
    uintx ProfiledCodeHeapSize                     = 0                                      {pd product} {ergonomic}
   size_t SoftMaxHeapSize                          = 3168796672                             {manageable} {ergonomic}
     intx TieredStopAtLevel                        = 1                                         {product} {command line}
     bool UseCompressedOops                        = true                           {product lp64_product} {ergonomic}
     bool UseG1GC                                  = true                                      {product} {ergonomic}
     bool UseLargePagesIndividualAllocation        = false                                  {pd product} {ergonomic}

Logging:
Log output configuration:
 #0: stdout all=warning uptime,level,tags foldmultilines=false
 #1: stderr all=off uptime,level,tags foldmultilines=false

Release file:
IMPLEMENTOR="Oracle Corporation" 
JAVA_RUNTIME_VERSION="25+37-LTS-3491" 
JAVA_VERSION="25" 
JAVA_VERSION_DATE="2025-09-16" 
LIBC="default" 
MODULES="java.base java.compiler java.datatransfer java.xml java.prefs java.desktop java.instrument java.logging java.management java.security.sasl java.naming java.rmi java.management.rmi java.net.http java.scripting java.security.jgss java.transaction.xa java.sql java.sql.rowset java.xml.crypto java.se java.smartcardio jdk.accessibility jdk.internal.jvmstat jdk.attach jdk.charsets jdk.internal.opt jdk.zipfs jdk.compiler jdk.crypto.cryptoki jdk.crypto.ec jdk.crypto.mscapi jdk.dynalink jdk.internal.ed jdk.editpad jdk.internal.vm.ci jdk.graal.compiler jdk.graal.compiler.management jdk.hotspot.agent jdk.httpserver jdk.incubator.vector jdk.internal.le jdk.internal.md jdk.jartool jdk.javadoc jdk.jcmd jdk.management jdk.management.agent jdk.jconsole jdk.jdeps jdk.jdwp.agent jdk.jdi jdk.jfr jdk.jlink jdk.jpackage jdk.jshell jdk.jsobject jdk.jstatd jdk.localedata jdk.management.jfr jdk.naming.dns jdk.naming.rmi jdk.net jdk.nio.mapmode jdk.sctp jdk.security.auth jdk.security.jgss jdk.unsupported jdk.unsupported.desktop jdk.xml.dom" 
OS_ARCH="x86_64" 
OS_NAME="Windows" 
SOURCE=".:git:49d6a23b8806 open:git:6c48f4ed707b" 

Environment Variables:
PATH=C:\Program Files (x86)\VMware\VMware Workstation\bin\;D:\Program Files (x86)\Eclipse Adoptium\jdk-25.0.0.36-hotspot\bin;C:\ProgramData\Oracle\Java\javapath;C:\Windows\system32;C:\Windows;C:\Windows\System32\Wbem;C:\Windows\System32\WindowsPowerShell\v1.0\;C:\Windows\System32\OpenSSH\;C:\Program Files (x86)\Microsoft SQL Server\160\Tools\Binn\;D:\Program Files (x86)\Microsoft SQL Server\160\Tools\Binn\;D:\Program Files (x86)\Microsoft SQL Server\Client SDK\ODBC\170\Tools\Binn\;D:\Program Files (x86)\Microsoft SQL Server\160\DTS\Binn\;C:\ProgramData\chocolatey\bin;D:\Program Files (x86)\Java\jdk-25\bin;D:\Program Files (x86)\Docker\Docker\resources\bin;D:\Program Files (x86)\Git\cmd;D:\Program Files (x86)\dotnet\;C:\Program Files (x86)\Schneider Electric\SoMachine Software\Tools\ConfigurationManager\;D:\Program Files (x86)\nodejs\;C:\Users\Edy\AppData\Local\Programs\Python\Python313\Scripts\;C:\Users\Edy\AppData\Local\Programs\Python\Python313\;C:\Users\Edy\AppData\Local\Microsoft\WindowsApps;C:\Users\Edy\.dotnet\tools;C:\Users\Edy\AppData\Roaming\npm
USERNAME=Usuário
OS=Windows_NT
PROCESSOR_IDENTIFIER=Intel64 Family 6 Model 140 Stepping 1, GenuineIntel
TMP=C:\Users\Edy\AppData\Local\Temp
TEMP=C:\Users\Edy\AppData\Local\Temp




Compilation memory statistics disabled.

Periodic native trim disabled

---------------  S Y S T E M  ---------------

OS:
 Windows 10 , 64 bit Build 19041 (10.0.19041.3636)
OS uptime: 1 days 0:11 hours

CPU: total 8 (initial active 8) (4 cores per cpu, 2 threads per core) family 6 model 140 stepping 1 microcode 0x78, cx8, cmov, fxsr, ht, mmx, 3dnowpref, sse, sse2, sse3, ssse3, sse4.1, sse4.2, popcnt, lzcnt, tsc, tscinvbit, avx, avx2, aes, erms, clmul, bmi1, bmi2, adx, avx512f, avx512dq, avx512cd, avx512bw, avx512vl, sha, fma, vzeroupper, avx512_vpopcntdq, avx512_vpclmulqdq, avx512_vaes, avx512_vnni, clflush, clflushopt, clwb, avx512_vbmi2, avx512_vbmi, rdtscp, rdpid, fsrm, gfni, avx512_bitalg, f16c, pku, cet_ibt, cet_ss, avx512_ifma
Processor Information for the first 8 processors :
  Max Mhz: 2803, Current Mhz: 2803, Mhz Limit: 2803

Memory: 4k page, system-wide physical 12087M (810M free)
TotalPageFile size 16183M (AvailPageFile size 1M)
current process WorkingSet (physical memory assigned to process): 119M, peak: 119M
current process commit charge ("private bytes"): 298M, peak: 298M

vm_info: Java HotSpot(TM) 64-Bit Server VM (25+37-LTS-3491) for windows-amd64 JRE (25+37-LTS-3491), built on 2025-08-14T21:13:00Z with unknown MS VC++:1943

END.
