#
# There is insufficient memory for the Java Runtime Environment to continue.
# Native memory allocation (mmap) failed to map 65536 bytes. Error detail: Failed to commit metaspace.
# Possible reasons:
#   The system is out of physical RAM or swap space
#   This process is running with CompressedOops enabled, and the Java Heap may be blocking the growth of the native heap
# Possible solutions:
#   Reduce memory load on the system
#   Increase physical memory or swap space
#   Check if swap backing store is full
#   Decrease Java heap size (-Xmx/-Xms)
#   Decrease number of Java threads
#   Decrease Java thread stack sizes (-Xss)
#   Set larger code cache with -XX:ReservedCodeCacheSize=
#   JVM is running with Unscaled Compressed Oops mode in which the Java heap is
#     placed in the first 4GB address space. The Java Heap base address is the
#     maximum limit for the native heap growth. Please use -XX:HeapBaseMinAddress
#     to set the Java Heap base and to place the Java Heap above 4GB virtual address.
# This output file may be truncated or incomplete.
#
#  Out of Memory Error (virtualSpaceNode.cpp:113), pid=4132, tid=1476
#
# JRE version: OpenJDK Runtime Environment JBR-21.0.8+1-1038.72-jcef (21.0.8+1) (build 21.0.8+1-b1038.72)
# Java VM: OpenJDK 64-Bit Server VM JBR-21.0.8+1-1038.72-jcef (21.0.8+1-b1038.72, mixed mode, sharing, tiered, compressed oops, compressed class ptrs, g1 gc, windows-amd64)
# No core dump will be written. Minidumps are not enabled by default on client versions of Windows
#

---------------  S U M M A R Y ------------

Command Line: -Djava.rmi.server.hostname=127.0.0.1 -Duser.timezone=UTC -Xmx2048m -Xms128m -Djdbc.classpath=C:\Users\Edy\AppData\Local\Temp\RemoteDriver2.classpath.txt --add-exports=java.desktop/sun.awt=ALL-UNNAMED --add-exports=java.desktop/java.awt.peer=ALL-UNNAMED --add-opens=java.desktop/java.awt=ALL-UNNAMED --add-opens=jdk.unsupported/sun.misc=ALL-UNNAMED --add-opens=java.base/java.nio=ALL-UNNAMED --add-opens=java.base/java.util=ALL-UNNAMED -Dfile.encoding=UTF-8 -Dsun.stdout.encoding=UTF-8 -Dsun.stderr.encoding=UTF-8 com.intellij.database.remote.RemoteJdbcServer com.mysql.cj.jdbc.Driver

Host: 11th Gen Intel(R) Core(TM) i7-1165G7 @ 2.80GHz, 8 cores, 11G,  Windows 10 , 64 bit Build 19041 (10.0.19041.3636)
Time: Thu Jun 25 18:07:07 2026 Hora de Ver緌 de GMT elapsed time: 0.553813 seconds (0d 0h 0m 0s)

---------------  T H R E A D  ---------------

Current thread (0x000001cfff27a3e0):  JavaThread "RMI TCP Connection(4)-127.0.0.1" daemon [_thread_in_vm, id=1476, stack(0x000000c000000000,0x000000c000100000) (1024K)]

Stack: [0x000000c000000000,0x000000c000100000]
Native frames: (J=compiled Java code, j=interpreted, Vv=VM code, C=native code)
V  [jvm.dll+0x6ebeb9]
V  [jvm.dll+0x8cbec3]
V  [jvm.dll+0x8ce47e]
V  [jvm.dll+0x8ceb63]
V  [jvm.dll+0x28adf6]
V  [jvm.dll+0x8c6cfe]
V  [jvm.dll+0x68c895]
V  [jvm.dll+0x1ec151]
V  [jvm.dll+0x1ebf1e]
V  [jvm.dll+0x68f1a8]
V  [jvm.dll+0x68efe2]
V  [jvm.dll+0x68d24e]
V  [jvm.dll+0x2750e0]
V  [jvm.dll+0x21f13b]
V  [jvm.dll+0x21458a]
V  [jvm.dll+0x5c96c5]
V  [jvm.dll+0x843653]
V  [jvm.dll+0x84379b]
V  [jvm.dll+0x4838e7]
V  [jvm.dll+0x489728]
C  [java.dll+0x17ec]

Java frames: (J=compiled Java code, j=interpreted, Vv=VM code)
J 383  java.lang.ClassLoader.defineClass1(Ljava/lang/ClassLoader;Ljava/lang/String;[BIILjava/security/ProtectionDomain;Ljava/lang/String;)Ljava/lang/Class; java.base@21.0.8 (0 bytes) @ 0x000001cff618ff91 [0x000001cff618fec0+0x00000000000000d1]
J 1208 c1 java.lang.ClassLoader.defineClass(Ljava/lang/String;[BIILjava/security/ProtectionDomain;)Ljava/lang/Class; java.base@21.0.8 (43 bytes) @ 0x000001cfee87de74 [0x000001cfee87db20+0x0000000000000354]
J 1324 c1 java.security.SecureClassLoader.defineClass(Ljava/lang/String;[BIILjava/security/CodeSource;)Ljava/lang/Class; java.base@21.0.8 (16 bytes) @ 0x000001cfee8b951c [0x000001cfee8b9440+0x00000000000000dc]
j  java.net.URLClassLoader.defineClass(Ljava/lang/String;Ljdk/internal/loader/Resource;)Ljava/lang/Class;+220 java.base@21.0.8
j  java.net.URLClassLoader$1.run()Ljava/lang/Class;+43 java.base@21.0.8
j  java.net.URLClassLoader$1.run()Ljava/lang/Object;+1 java.base@21.0.8
J 1502 c1 java.security.AccessController.executePrivileged(Ljava/security/PrivilegedExceptionAction;Ljava/security/AccessControlContext;Ljava/lang/Class;)Ljava/lang/Object; java.base@21.0.8 (65 bytes) @ 0x000001cfee91cfc4 [0x000001cfee91ce60+0x0000000000000164]
j  java.security.AccessController.doPrivileged(Ljava/security/PrivilegedExceptionAction;Ljava/security/AccessControlContext;)Ljava/lang/Object;+13 java.base@21.0.8
j  java.net.URLClassLoader.findClass(Ljava/lang/String;)Ljava/lang/Class;+13 java.base@21.0.8
j  com.intellij.database.remote.jdbc.impl.JdbcClassLoader$JdbcClassLoaderImpl.findClass(Ljava/lang/String;)Ljava/lang/Class;+18
J 1472 c1 java.lang.ClassLoader.loadClass(Ljava/lang/String;Z)Ljava/lang/Class; java.base@21.0.8 (121 bytes) @ 0x000001cfee90e6a4 [0x000001cfee90e0e0+0x00000000000005c4]
J 450 c1 java.lang.ClassLoader.loadClass(Ljava/lang/String;)Ljava/lang/Class; java.base@21.0.8 (7 bytes) @ 0x000001cfee73f754 [0x000001cfee73f640+0x0000000000000114]
v  ~StubRoutines::call_stub 0x000001cff5bd10e7
J 383  java.lang.ClassLoader.defineClass1(Ljava/lang/ClassLoader;Ljava/lang/String;[BIILjava/security/ProtectionDomain;Ljava/lang/String;)Ljava/lang/Class; java.base@21.0.8 (0 bytes) @ 0x000001cff618ff91 [0x000001cff618fec0+0x00000000000000d1]
J 1208 c1 java.lang.ClassLoader.defineClass(Ljava/lang/String;[BIILjava/security/ProtectionDomain;)Ljava/lang/Class; java.base@21.0.8 (43 bytes) @ 0x000001cfee87de74 [0x000001cfee87db20+0x0000000000000354]
J 1324 c1 java.security.SecureClassLoader.defineClass(Ljava/lang/String;[BIILjava/security/CodeSource;)Ljava/lang/Class; java.base@21.0.8 (16 bytes) @ 0x000001cfee8b951c [0x000001cfee8b9440+0x00000000000000dc]
j  java.net.URLClassLoader.defineClass(Ljava/lang/String;Ljdk/internal/loader/Resource;)Ljava/lang/Class;+220 java.base@21.0.8
j  java.net.URLClassLoader$1.run()Ljava/lang/Class;+43 java.base@21.0.8
j  java.net.URLClassLoader$1.run()Ljava/lang/Object;+1 java.base@21.0.8
J 1502 c1 java.security.AccessController.executePrivileged(Ljava/security/PrivilegedExceptionAction;Ljava/security/AccessControlContext;Ljava/lang/Class;)Ljava/lang/Object; java.base@21.0.8 (65 bytes) @ 0x000001cfee91cfc4 [0x000001cfee91ce60+0x0000000000000164]
j  java.security.AccessController.doPrivileged(Ljava/security/PrivilegedExceptionAction;Ljava/security/AccessControlContext;)Ljava/lang/Object;+13 java.base@21.0.8
j  java.net.URLClassLoader.findClass(Ljava/lang/String;)Ljava/lang/Class;+13 java.base@21.0.8
j  com.intellij.database.remote.jdbc.impl.JdbcClassLoader$JdbcClassLoaderImpl.findClass(Ljava/lang/String;)Ljava/lang/Class;+18
J 1472 c1 java.lang.ClassLoader.loadClass(Ljava/lang/String;Z)Ljava/lang/Class; java.base@21.0.8 (121 bytes) @ 0x000001cfee90e6a4 [0x000001cfee90e0e0+0x00000000000005c4]
J 450 c1 java.lang.ClassLoader.loadClass(Ljava/lang/String;)Ljava/lang/Class; java.base@21.0.8 (7 bytes) @ 0x000001cfee73f754 [0x000001cfee73f640+0x0000000000000114]
v  ~StubRoutines::call_stub 0x000001cff5bd10e7
j  com.mysql.cj.protocol.a.NativeProtocol.beforeHandshake()V+28
j  com.mysql.cj.protocol.a.NativeProtocol.connect(Ljava/lang/String;Ljava/lang/String;Ljava/lang/String;)V+1
j  com.mysql.cj.NativeSession.connect(Lcom/mysql/cj/conf/HostInfo;Ljava/lang/String;Ljava/lang/String;Ljava/lang/String;ILcom/mysql/cj/TransactionEventHandler;)V+110
j  com.mysql.cj.jdbc.ConnectionImpl.connectOneTryOnly(Z)V+32
j  com.mysql.cj.jdbc.ConnectionImpl.createNewIO(Z)V+31
j  com.mysql.cj.jdbc.ConnectionImpl.<init>(Lcom/mysql/cj/conf/HostInfo;)V+989
j  com.mysql.cj.jdbc.ConnectionImpl.getInstance(Lcom/mysql/cj/conf/HostInfo;)Lcom/mysql/cj/jdbc/JdbcConnection;+5
j  com.mysql.cj.jdbc.NonRegisteringDriver.connect(Ljava/lang/String;Ljava/util/Properties;)Ljava/sql/Connection;+72
j  com.intellij.database.remote.jdbc.helpers.JdbcHelperImpl.connect(Ljava/sql/Driver;Ljava/lang/String;Ljava/util/Properties;Ljava/util/Map;)Ljava/sql/Connection;+254
j  com.intellij.database.remote.jdbc.helpers.MysqlBaseJdbcHelper.connect(Ljava/sql/Driver;Ljava/lang/String;Ljava/util/Properties;Ljava/util/Map;)Ljava/sql/Connection;+41
j  com.intellij.database.remote.jdbc.impl.RemoteDriverImpl.connect(Ljava/lang/String;Ljava/util/Properties;Ljava/util/Map;)Lcom/intellij/database/remote/jdbc/RemoteConnection;+63
j  java.lang.invoke.LambdaForm$DMH+0x000001cf860b1400.invokeInterface(Ljava/lang/Object;Ljava/lang/Object;Ljava/lang/Object;Ljava/lang/Object;Ljava/lang/Object;)Ljava/lang/Object;+29 java.base@21.0.8
j  java.lang.invoke.LambdaForm$MH+0x000001cf860b2400.invoke(Ljava/lang/Object;Ljava/lang/Object;Ljava/lang/Object;Ljava/lang/Object;Ljava/lang/Object;)Ljava/lang/Object;+93 java.base@21.0.8
j  java.lang.invoke.LambdaForm$MH+0x000001cf860b2800.invokeExact_MT(Ljava/lang/Object;Ljava/lang/Object;Ljava/lang/Object;Ljava/lang/Object;Ljava/lang/Object;Ljava/lang/Object;)Ljava/lang/Object;+24 java.base@21.0.8
j  jdk.internal.reflect.DirectMethodHandleAccessor.invokeImpl(Ljava/lang/Object;[Ljava/lang/Object;)Ljava/lang/Object;+92 java.base@21.0.8
j  jdk.internal.reflect.DirectMethodHandleAccessor.invoke(Ljava/lang/Object;[Ljava/lang/Object;)Ljava/lang/Object;+23 java.base@21.0.8
j  java.lang.reflect.Method.invoke(Ljava/lang/Object;[Ljava/lang/Object;)Ljava/lang/Object;+102 java.base@21.0.8
j  sun.rmi.server.UnicastServerRef.dispatch(Ljava/rmi/Remote;Ljava/rmi/server/RemoteCall;)V+264 java.rmi@21.0.8
j  sun.rmi.transport.Transport$1.run()Ljava/lang/Void;+23 java.rmi@21.0.8
j  sun.rmi.transport.Transport$1.run()Ljava/lang/Object;+1 java.rmi@21.0.8
j  java.security.AccessController.executePrivileged(Ljava/security/PrivilegedExceptionAction;Ljava/security/AccessControlContext;Ljava/lang/Class;)Ljava/lang/Object;+29 java.base@21.0.8
j  java.security.AccessController.doPrivileged(Ljava/security/PrivilegedExceptionAction;Ljava/security/AccessControlContext;)Ljava/lang/Object;+13 java.base@21.0.8
j  sun.rmi.transport.Transport.serviceCall(Ljava/rmi/server/RemoteCall;)Z+164 java.rmi@21.0.8
j  sun.rmi.transport.tcp.TCPTransport.handleMessages(Lsun/rmi/transport/Connection;Z)V+145 java.rmi@21.0.8
j  sun.rmi.transport.tcp.TCPTransport$ConnectionHandler.run0()V+522 java.rmi@21.0.8
j  sun.rmi.transport.tcp.TCPTransport$ConnectionHandler.lambda$run$0()Ljava/lang/Void;+1 java.rmi@21.0.8
j  sun.rmi.transport.tcp.TCPTransport$ConnectionHandler$$Lambda+0x000001cf86062140.run()Ljava/lang/Object;+4 java.rmi@21.0.8
J 876 c1 java.security.AccessController.executePrivileged(Ljava/security/PrivilegedAction;Ljava/security/AccessControlContext;Ljava/lang/Class;)Ljava/lang/Object; java.base@21.0.8 (65 bytes) @ 0x000001cfee7fe344 [0x000001cfee7fe1e0+0x0000000000000164]
j  java.security.AccessController.doPrivileged(Ljava/security/PrivilegedAction;Ljava/security/AccessControlContext;)Ljava/lang/Object;+13 java.base@21.0.8
j  sun.rmi.transport.tcp.TCPTransport$ConnectionHandler.run()V+37 java.rmi@21.0.8
j  java.util.concurrent.ThreadPoolExecutor.runWorker(Ljava/util/concurrent/ThreadPoolExecutor$Worker;)V+92 java.base@21.0.8
j  java.util.concurrent.ThreadPoolExecutor$Worker.run()V+5 java.base@21.0.8
j  java.lang.Thread.runWith(Ljava/lang/Object;Ljava/lang/Runnable;)V+5 java.base@21.0.8
j  java.lang.Thread.run()V+19 java.base@21.0.8
v  ~StubRoutines::call_stub 0x000001cff5bd10e7

Compiled method (n/a) 573  383     n 0       java.lang.ClassLoader::defineClass1 (native)
 total in heap  [0x000001cff618fd10,0x000001cff6190470] = 1888
 relocation     [0x000001cff618fe70,0x000001cff618feb0] = 64
 main code      [0x000001cff618fec0,0x000001cff619046f] = 1455
 stub code      [0x000001cff619046f,0x000001cff6190470] = 1

[Constant Pool (empty)]

[MachCode]
[Entry Point]
  # {method} {0x000001cf84af4f88} 'defineClass1' '(Ljava/lang/ClassLoader;Ljava/lang/String;[BIILjava/security/ProtectionDomain;Ljava/lang/String;)Ljava/lang/Class;' in 'java/lang/ClassLoader'
  # parm0:    rdx:rdx   = 'java/lang/ClassLoader'
  # parm1:    r8:r8     = 'java/lang/String'
  # parm2:    r9:r9     = '[B'
  # parm3:    rdi       = int
  # parm4:    rsi       = int
  # parm5:    rcx:rcx   = 'java/security/ProtectionDomain'
  # parm6:    [sp+0xa0]   = 'java/lang/String'  (sp of caller)
  0x000001cff618fec0: 448b 5208 | 49bb 0000 | 0084 cf01 | 0000 4d03 | d349 3bc2 | 0f84 0600 

  0x000001cff618fed8: ;   {runtime_call ic_miss_stub}
  0x000001cff618fed8: 0000 e9a1 | eaa8 ff90 
[Verified Entry Point]
  0x000001cff618fee0: 8984 2400 | 80ff ff55 | 488b ec48 | 81ec 9000 | 0000 6690 | 4181 7f20 | 0100 0000 

  0x000001cff618fefc: ;   {runtime_call StubRoutines (final stubs)}
  0x000001cff618fefc: 7405 e8bd | 5da7 ff48 | 837d 1000 | 488d 4510 | 480f 4445 | 1048 8944 | 2440 4889 | 4c24 7048 
  0x000001cff618ff1c: 83f9 0048 | 8d44 2470 | 480f 4444 | 2470 4889 | 4424 3848 | 8974 2430 | 4889 7c24 | 284c 894c 
  0x000001cff618ff3c: 2458 4983 | f900 488d | 4424 5848 | 0f44 4424 | 5848 8944 | 2420 4c89 | 4424 5049 | 83f8 004c 
  0x000001cff618ff5c: 8d4c 2450 | 4c0f 444c | 2450 4889 | 5424 4848 | 83fa 004c | 8d44 2448 | 4c0f 4444 

  0x000001cff618ff78: ;   {oop(a 'java/lang/Class'{0x00000000867a2fd0} = 'java/lang/ClassLoader')}
  0x000001cff618ff78: 2448 49be | d02f 7a86 | 0000 0000 | 4c89 7424 | 784c 8d74 | 2478 498b | d6c5 f877 

  0x000001cff618ff94: ;   {internal_word}
  0x000001cff618ff94: 49ba 91ff | 18f6 cf01 | 0000 4d89 | 97a0 0300 | 0049 89a7 | 9803 0000 

  0x000001cff618ffac: ;   {external_word}
  0x000001cff618ffac: 49ba 8ef0 | f8bc f97f | 0000 4180 | 3a00 0f84 | 4e00 0000 | 5241 5041 

  0x000001cff618ffc4: ;   {metadata({method} {0x000001cf84af4f88} 'defineClass1' '(Ljava/lang/ClassLoader;Ljava/lang/String;[BIILjava/security/ProtectionDomain;Ljava/lang/String;)Ljava/lang/Class;' in 'java/lang/ClassLoader')}
  0x000001cff618ffc4: 5148 ba80 | 4faf 84cf | 0100 0049 | 8bcf 4883 | ec20 40f6 | c40f 0f84 | 1900 0000 | 4883 ec08 
  0x000001cff618ffe4: ;   {runtime_call}
  0x000001cff618ffe4: 48b8 1031 | a2bc f97f | 0000 ffd0 | 4883 c408 | e90c 0000 

  0x000001cff618fff8: ;   {runtime_call}
  0x000001cff618fff8: 0048 b810 | 31a2 bcf9 | 7f00 00ff | d048 83c4 | 2041 5941 | 585a 498d | 8fb8 0300 | 0041 c787 
  0x000001cff6190018: 4404 0000 | 0400 0000 

  0x000001cff6190020: ;   {runtime_call}
  0x000001cff6190020: 48b8 ac16 | 3b0b fa7f | 0000 ffd0 | c5f8 7741 | c787 4404 | 0000 0500 | 0000 f083 | 4424 c000 
  0x000001cff6190040: 493b af48 | 0400 000f | 870e 0000 | 0041 83bf | 4004 0000 | 000f 842b | 0000 00c5 | f877 4889 
  0x000001cff6190060: 45f8 498b | cf4c 8be4 | 4883 ec20 | 4883 e4f0 

  0x000001cff6190070: ;   {runtime_call}
  0x000001cff6190070: 48b8 70fc | 6cbc f97f | 0000 ffd0 | 498b e44d | 33e4 488b | 45f8 41c7 | 8744 0400 | 0008 0000 
  0x000001cff6190090: 0041 83bf | c004 0000 | 020f 84a3 

  0x000001cff619009c: ;   {external_word}
  0x000001cff619009c: 0300 0049 | ba8e f0f8 | bcf9 7f00 | 0041 803a | 000f 844c | 0000 0048 

  0x000001cff61900b4: ;   {metadata({method} {0x000001cf84af4f88} 'defineClass1' '(Ljava/lang/ClassLoader;Ljava/lang/String;[BIILjava/security/ProtectionDomain;Ljava/lang/String;)Ljava/lang/Class;' in 'java/lang/ClassLoader')}
  0x000001cff61900b4: 8945 f848 | ba80 4faf | 84cf 0100 | 0049 8bcf | 4883 ec20 | 40f6 c40f | 0f84 1900 | 0000 4883 
  0x000001cff61900d4: ;   {runtime_call}
  0x000001cff61900d4: ec08 48b8 | 1031 a2bc | f97f 0000 | ffd0 4883 | c408 e90c 

  0x000001cff61900e8: ;   {runtime_call}
  0x000001cff61900e8: 0000 0048 | b810 31a2 | bcf9 7f00 | 00ff d048 | 83c4 2048 | 8b45 f849 | c787 9803 | 0000 0000 
  0x000001cff6190108: 0000 49c7 | 87a0 0300 | 0000 0000 | 00c5 f877 | 4885 c00f | 84fe 0200 | 00a8 030f | 8508 0000 
  0x000001cff6190128: 0048 8b00 | e9ee 0200 | 00a8 010f | 8509 0000 | 0048 8b40 | fee9 dd02 | 0000 488b | 40ff 4180 
  0x000001cff6190148: 7f40 000f | 84ce 0200 | 0048 83f8 | 000f 84c4 | 0200 0049 | 8b4f 2848 | 83f9 000f | 8414 0000 
  0x000001cff6190168: 0048 83e9 | 0849 894f | 2849 034f | 3848 8901 | e9a2 0200 | 0048 81ec | 5001 0000 | 4889 0424 
  0x000001cff6190188: 4889 4c24 | 0848 8954 | 2410 4889 | 7424 1848 | 897c 2420 | 4c89 4424 | 284c 894c | 2430 4c89 
  0x000001cff61901a8: 5424 384c | 895c 2440 | c5fb 1144 | 2450 c5fb | 114c 2458 | c5fb 1154 | 2460 c5fb | 115c 2468 
  0x000001cff61901c8: c5fb 1164 | 2470 c5fb | 116c 2478 | c5fb 11b4 | 2480 0000 | 00c5 fb11 | bc24 8800 | 0000 c57b 
  0x000001cff61901e8: ;   {no_reloc}
  0x000001cff61901e8: 1184 2490 | 0000 00c5 | 7b11 8c24 | 9800 0000 | c57b 1194 | 24a0 0000 | 00c5 7b11 | 9c24 a800 
  0x000001cff6190208: 0000 c57b | 11a4 24b0 | 0000 00c5 | 7b11 ac24 | b800 0000 | c57b 11b4 | 24c0 0000 | 00c5 7b11 
  0x000001cff6190228: bc24 c800 | 0000 62e1 | ff08 1144 | 241a 62e1 | ff08 114c | 241b 62e1 | ff08 1154 | 241c 62e1 
  0x000001cff6190248: ff08 115c | 241d 62e1 | ff08 1164 | 241e 62e1 | ff08 116c | 241f 62e1 | ff08 1174 | 2420 62e1 
  0x000001cff6190268: ff08 117c | 2421 6261 | ff08 1144 | 2422 6261 | ff08 114c | 2423 6261 | ff08 1154 | 2424 6261 
  0x000001cff6190288: ff08 115c | 2425 6261 | ff08 1164 | 2426 6261 | ff08 116c | 2427 6261 | ff08 1174 | 2428 6261 
  0x000001cff61902a8: ff08 117c | 2429 498b | d748 8bc8 | 4883 ec20 | 40f6 c40f | 0f84 1900 | 0000 4883 

  0x000001cff61902c4: ;   {runtime_call}
  0x000001cff61902c4: ec08 48b8 | 7004 60bc | f97f 0000 | ffd0 4883 | c408 e90c 

  0x000001cff61902d8: ;   {runtime_call}
  0x000001cff61902d8: 0000 0048 | b870 0460 | bcf9 7f00 | 00ff d048 | 83c4 2062 | 61ff 0810 | 7c24 2962 | 61ff 0810 
  0x000001cff61902f8: 7424 2862 | 61ff 0810 | 6c24 2762 | 61ff 0810 | 6424 2662 | 61ff 0810 | 5c24 2562 | 61ff 0810 
  0x000001cff6190318: 5424 2462 | 61ff 0810 | 4c24 2362 | 61ff 0810 | 4424 2262 | e1ff 0810 | 7c24 2162 | e1ff 0810 
  0x000001cff6190338: 7424 2062 | e1ff 0810 | 6c24 1f62 | e1ff 0810 | 6424 1e62 | e1ff 0810 | 5c24 1d62 | e1ff 0810 
  0x000001cff6190358: 5424 1c62 | e1ff 0810 | 4c24 1b62 | e1ff 0810 | 4424 1ac5 | 7b10 bc24 | c800 0000 | c57b 10b4 
  0x000001cff6190378: 24c0 0000 | 00c5 7b10 | ac24 b800 | 0000 c57b | 10a4 24b0 | 0000 00c5 | 7b10 9c24 | a800 0000 
  0x000001cff6190398: c57b 1094 | 24a0 0000 | 00c5 7b10 | 8c24 9800 | 0000 c57b | 1084 2490 | 0000 00c5 | fb10 bc24 
  0x000001cff61903b8: 8800 0000 | c5fb 10b4 | 2480 0000 | 00c5 fb10 | 6c24 78c5 | fb10 6424 | 70c5 fb10 | 5c24 68c5 
  0x000001cff61903d8: ;   {no_reloc}
  0x000001cff61903d8: fb10 5424 | 60c5 fb10 | 4c24 58c5 | fb10 4424 | 504c 8b5c | 2440 4c8b | 5424 384c | 8b4c 2430 
  0x000001cff61903f8: 4c8b 4424 | 2848 8b7c | 2420 488b | 7424 1848 | 8b54 2410 | 488b 4c24 | 0848 8b04 | 2448 81c4 
  0x000001cff6190418: 5001 0000 | c5f8 7749 | 8b8f 2804 | 0000 c781 | 0001 0000 | 0000 0000 | c949 837f | 0800 0f85 
  0x000001cff6190438: 0100 0000 

  0x000001cff619043c: ;   {runtime_call StubRoutines (initial stubs)}
  0x000001cff619043c: c3e9 be0a | a4ff c5f8 | 7748 8945 | f84c 8be4 | 4883 ec20 | 4883 e4f0 

  0x000001cff6190454: ;   {runtime_call}
  0x000001cff6190454: 48b8 6068 | a2bc f97f | 0000 ffd0 | 498b e44d | 33e4 488b | 45f8 e930 | fcff fff4 
[/MachCode]


Compiled method (c1) 580 1208       3       java.lang.ClassLoader::defineClass (43 bytes)
 total in heap  [0x000001cfee87d910,0x000001cfee87e280] = 2416
 relocation     [0x000001cfee87da70,0x000001cfee87db10] = 160
 main code      [0x000001cfee87db20,0x000001cfee87dfb8] = 1176
 stub code      [0x000001cfee87dfb8,0x000001cfee87e030] = 120
 metadata       [0x000001cfee87e030,0x000001cfee87e070] = 64
 scopes data    [0x000001cfee87e070,0x000001cfee87e160] = 240
 scopes pcs     [0x000001cfee87e160,0x000001cfee87e240] = 224
 dependencies   [0x000001cfee87e240,0x000001cfee87e258] = 24
 nul chk table  [0x000001cfee87e258,0x000001cfee87e280] = 40

[Constant Pool (empty)]

[MachCode]
[Entry Point]
  # {method} {0x000001cf84af5318} 'defineClass' '(Ljava/lang/String;[BIILjava/security/ProtectionDomain;)Ljava/lang/Class;' in 'java/lang/ClassLoader'
  # this:     rdx:rdx   = 'java/lang/ClassLoader'
  # parm0:    r8:r8     = 'java/lang/String'
  # parm1:    r9:r9     = '[B'
  # parm2:    rdi       = int
  # parm3:    rsi       = int
  # parm4:    rcx:rcx   = 'java/security/ProtectionDomain'
  #           [sp+0xc0]  (sp of caller)
  0x000001cfee87db20: 448b 5208 | 49bb 0000 | 0084 cf01 | 0000 4d03 | d34c 3bd0 

  0x000001cfee87db34: ;   {runtime_call ic_miss_stub}
  0x000001cfee87db34: 0f85 460e | 3a07 660f | 1f44 0000 
[Verified Entry Point]
  0x000001cfee87db40: 8984 2400 | 80ff ff55 | 4881 ecb0 | 0000 0090 | 4181 7f20 | 0100 0000 

  0x000001cfee87db58: ;   {runtime_call StubRoutines (final stubs)}
  0x000001cfee87db58: 7405 e861 | 8138 0748 | 8954 2478 

  0x000001cfee87db64: ;   {metadata(method data for {method} {0x000001cf84af5318} 'defineClass' '(Ljava/lang/String;[BIILjava/security/ProtectionDomain;)Ljava/lang/Class;' in 'java/lang/ClassLoader')}
  0x000001cfee87db64: 48bb 88de | 1bc6 cf01 | 0000 8b83 | cc00 0000 | 83c0 0289 | 83cc 0000 | 0025 fe07 | 0000 85c0 
  0x000001cfee87db84: 0f84 5003 | 0000 89b4 | 2494 0000 | 0089 bc24 | 9000 0000 | 4c89 8c24 | 8800 0000 

  0x000001cfee87dba0: ;   {metadata(method data for {method} {0x000001cf84af5318} 'defineClass' '(Ljava/lang/String;[BIILjava/security/ProtectionDomain;)Ljava/lang/Class;' in 'java/lang/ClassLoader')}
  0x000001cfee87dba0: 488b da48 | b888 de1b | c6cf 0100 | 0048 8380 | 1001 0000 | 0149 8bd8 | 4c8b c34c | 8bc9 488b 
  0x000001cfee87dbc0: ca48 8bd1 | 4889 9c24 | 8000 0000 

  0x000001cfee87dbcc: ;   {optimized virtual_call}
  0x000001cfee87dbcc: 6666 90e8 

  0x000001cfee87dbd0: ; ImmutableOopMap {[120]=Oop [128]=Oop [136]=Oop }
                      ;*invokevirtual preDefineClass {reexecute=0 rethrow=0 return_oop=0}
                      ; - java.lang.ClassLoader::defineClass@4 (line 1025)
  0x000001cfee87dbd0: 4c11 0400 

  0x000001cfee87dbd4: ;   {other}
  0x000001cfee87dbd4: 0f1f 8400 | c402 0000 | 4889 8424 | 9800 0000 | 488b 5424 

  0x000001cfee87dbe8: ;   {metadata(method data for {method} {0x000001cf84af5318} 'defineClass' '(Ljava/lang/String;[BIILjava/security/ProtectionDomain;)Ljava/lang/Class;' in 'java/lang/ClassLoader')}
  0x000001cfee87dbe8: 7849 b888 | de1b c6cf | 0100 0049 | 8380 4801 

  0x000001cfee87dbf8: ;   {metadata(method data for {method} {0x000001cf84af5008} 'defineClassSourceLocation' '(Ljava/security/ProtectionDomain;)Ljava/lang/String;' in 'java/lang/ClassLoader')}
  0x000001cfee87dbf8: 0000 0149 | b8d0 e51b | c6cf 0100 | 0041 8b90 | cc00 0000 | 83c2 0241 | 8990 cc00 | 0000 81e2 
  0x000001cfee87dc18: feff 1f00 | 85d2 0f84 | d702 0000 

  0x000001cfee87dc24: ; implicit exception: dispatches to 0x000001cfee87df1c
  0x000001cfee87dc24: 483b 004c 

  0x000001cfee87dc28: ;   {metadata(method data for {method} {0x000001cf84af5008} 'defineClassSourceLocation' '(Ljava/security/ProtectionDomain;)Ljava/lang/String;' in 'java/lang/ClassLoader')}
  0x000001cfee87dc28: 8bc0 48ba | d0e5 1bc6 | cf01 0000 | 4883 8210 | 0100 0001 | 448b 4010 

  0x000001cfee87dc40: ;   {metadata(method data for {method} {0x000001cf84af5008} 'defineClassSourceLocation' '(Ljava/security/ProtectionDomain;)Ljava/lang/String;' in 'java/lang/ClassLoader')}
  0x000001cfee87dc40: 4d85 c048 | bad0 e51b | c6cf 0100 | 0048 c7c6 | 5801 0000 | 7507 48c7 | c648 0100 | 0048 8b3c 
  0x000001cfee87dc60: 3248 8d7f | 0148 893c | 320f 850f 

  0x000001cfee87dc6c: ;   {oop(nullptr)}
  0x000001cfee87dc6c: 0000 0048 | bb00 0000 | 0000 0000 | 00e9 a101 | 0000 493b | 0049 8bd0 

  0x000001cfee87dc84: ;   {metadata(method data for {method} {0x000001cf84af5008} 'defineClassSourceLocation' '(Ljava/security/ProtectionDomain;)Ljava/lang/String;' in 'java/lang/ClassLoader')}
  0x000001cfee87dc84: 48be d0e5 | 1bc6 cf01 | 0000 4883 | 8668 0100 | 0001 418b | 500c 4885 

  0x000001cfee87dc9c: ;   {metadata(method data for {method} {0x000001cf84af5008} 'defineClassSourceLocation' '(Ljava/security/ProtectionDomain;)Ljava/lang/String;' in 'java/lang/ClassLoader')}
  0x000001cfee87dc9c: d248 bed0 | e51b c6cf | 0100 0048 | c7c7 b001 | 0000 7507 | 48c7 c7a0 | 0100 0048 | 8b1c 3e48 
  0x000001cfee87dcbc: 8d5b 0148 | 891c 3e0f | 850f 0000 

  0x000001cfee87dcc8: ;   {oop(nullptr)}
  0x000001cfee87dcc8: 0048 bb00 | 0000 0000 | 0000 00e9 | 4701 0000 

  0x000001cfee87dcd8: ;   {metadata(method data for {method} {0x000001cf84af5008} 'defineClassSourceLocation' '(Ljava/security/ProtectionDomain;)Ljava/lang/String;' in 'java/lang/ClassLoader')}
  0x000001cfee87dcd8: 48be d0e5 | 1bc6 cf01 | 0000 4883 | 86c0 0100 | 0001 483b | 024c 8bc2 

  0x000001cfee87dcf0: ;   {metadata(method data for {method} {0x000001cf84af5008} 'defineClassSourceLocation' '(Ljava/security/ProtectionDomain;)Ljava/lang/String;' in 'java/lang/ClassLoader')}
  0x000001cfee87dcf0: 48be d0e5 | 1bc6 cf01 | 0000 4883 | 86f8 0100 

  0x000001cfee87dd00: ;   {metadata(method data for {method} {0x000001cf8401f068} 'toString' '()Ljava/lang/String;' in 'java/net/URL')}
  0x000001cfee87dd00: 0001 49b8 | 08f0 14c6 | cf01 0000 | 418b b0cc | 0000 0083 | c602 4189 | b0cc 0000 | 0081 e6fe 
  0x000001cfee87dd20: ff1f 0085 | f60f 8400 | 0200 004c 

  0x000001cfee87dd2c: ;   {metadata(method data for {method} {0x000001cf8401f068} 'toString' '()Ljava/lang/String;' in 'java/net/URL')}
  0x000001cfee87dd2c: 8bc2 48be | 08f0 14c6 | cf01 0000 | 4883 8610 | 0100 0001 

  0x000001cfee87dd40: ;   {metadata(method data for {method} {0x000001cf84ae6fb8} 'toExternalForm' '()Ljava/lang/String;' in 'java/net/URL')}
  0x000001cfee87dd40: 49b8 90f1 | 14c6 cf01 | 0000 418b | b0cc 0000 | 0083 c602 | 4189 b0cc | 0000 0081 | e6fe ff1f 
  0x000001cfee87dd60: 0085 f60f | 84e3 0100 | 008b 7238 

  0x000001cfee87dd6c: ; implicit exception: dispatches to 0x000001cfee87df6d
  0x000001cfee87dd6c: 483b 064c 

  0x000001cfee87dd70: ;   {metadata(method data for {method} {0x000001cf84ae6fb8} 'toExternalForm' '()Ljava/lang/String;' in 'java/net/URL')}
  0x000001cfee87dd70: 8bc6 48bf | 90f1 14c6 | cf01 0000 | 458b 4008 | 49ba 0000 | 0084 cf01 | 0000 4d03 | c24c 3b87 
  0x000001cfee87dd90: 2001 0000 | 750d 4883 | 8728 0100 | 0001 e960 | 0000 004c | 3b87 3001 | 0000 750d | 4883 8738 
  0x000001cfee87ddb0: 0100 0001 | e94a 0000 | 0048 83bf | 2001 0000 | 0075 174c | 8987 2001 | 0000 48c7 | 8728 0100 
  0x000001cfee87ddd0: 0001 0000 | 00e9 2900 | 0000 4883 | bf30 0100 | 0000 7517 | 4c89 8730 | 0100 0048 | c787 3801 
  0x000001cfee87ddf0: 0000 0100 | 0000 e908 | 0000 0048 | 8387 1001 | 0000 014c | 8bc2 488b | d666 0f1f 

  0x000001cfee87de0c: ;   {optimized virtual_call}
  0x000001cfee87de0c: 4400 00e8 

  0x000001cfee87de10: ; ImmutableOopMap {[120]=Oop [128]=Oop [136]=Oop [152]=Oop }
                      ;*invokevirtual toExternalForm {reexecute=0 rethrow=0 return_oop=0}
                      ; - java.net.URL::toExternalForm@5 (line 1203)
                      ; - java.net.URL::toString@1 (line 1189)
                      ; - java.lang.ClassLoader::defineClassSourceLocation@22 (line 927)
                      ; - java.lang.ClassLoader::defineClass@12 (line 1026)
  0x000001cfee87de10: 8c64 f9ff 

  0x000001cfee87de14: ;   {other}
  0x000001cfee87de14: 0f1f 8400 | 0405 0001 | 488b d848 | 8b84 2498 | 0000 008b | b424 9400 | 0000 8bbc | 2490 0000 
  0x000001cfee87de34: 004c 8b8c | 2488 0000 | 004c 8b84 | 2480 0000 | 0048 8b54 

  0x000001cfee87de48: ;   {metadata(method data for {method} {0x000001cf84af5318} 'defineClass' '(Ljava/lang/String;[BIILjava/security/ProtectionDomain;)Ljava/lang/Class;' in 'java/lang/ClassLoader')}
  0x000001cfee87de48: 2478 48b9 | 88de 1bc6 | cf01 0000 | 4883 8180 | 0100 0001 | 4c8b da49 | 8bd3 488b | c848 891c 
  0x000001cfee87de68: 2466 0f1f 

  0x000001cfee87de6c: ;   {static_call}
  0x000001cfee87de6c: 4400 00e8 

  0x000001cfee87de70: ; ImmutableOopMap {[120]=Oop [152]=Oop }
                      ;*invokestatic defineClass1 {reexecute=0 rethrow=0 return_oop=0}
                      ; - java.lang.ClassLoader::defineClass@27 (line 1027)
  0x000001cfee87de70: 6c20 9107 

  0x000001cfee87de74: ;   {other}
  0x000001cfee87de74: 0f1f 8400 | 6405 0002 | 488b 5424 

  0x000001cfee87de80: ;   {metadata(method data for {method} {0x000001cf84af5318} 'defineClass' '(Ljava/lang/String;[BIILjava/security/ProtectionDomain;)Ljava/lang/Class;' in 'java/lang/ClassLoader')}
  0x000001cfee87de80: 7849 b888 | de1b c6cf | 0100 0049 | 8380 9001 | 0000 014c | 8bc0 4c8b | 8c24 9800 | 0000 488b 
  0x000001cfee87dea0: 5424 7848 | 8984 24a0 | 0000 000f 

  0x000001cfee87deac: ;   {optimized virtual_call}
  0x000001cfee87deac: 1f40 00e8 

  0x000001cfee87deb0: ; ImmutableOopMap {[160]=Oop }
                      ;*invokevirtual postDefineClass {reexecute=0 rethrow=0 return_oop=0}
                      ; - java.lang.ClassLoader::defineClass@37 (line 1028)
  0x000001cfee87deb0: 6c0f 0000 

  0x000001cfee87deb4: ;   {other}
  0x000001cfee87deb4: 0f1f 8400 | a405 0003 | 488b 8424 | a000 0000 | 4881 c4b0 | 0000 005d 

  0x000001cfee87decc: ;   {poll_return}
  0x000001cfee87decc: 493b a748 | 0400 000f | 8799 0000 

  0x000001cfee87ded8: ;   {metadata({method} {0x000001cf84af5318} 'defineClass' '(Ljava/lang/String;[BIILjava/security/ProtectionDomain;)Ljava/lang/Class;' in 'java/lang/ClassLoader')}
  0x000001cfee87ded8: 00c3 49ba | 1053 af84 | cf01 0000 | 4c89 5424 | 0848 c704 | 24ff ffff 

  0x000001cfee87def0: ;   {runtime_call counter_overflow Runtime1 stub}
  0x000001cfee87def0: ffe8 0ace 

  0x000001cfee87def4: ; ImmutableOopMap {rdx=Oop r8=Oop r9=Oop rcx=Oop [120]=Oop }
                      ;*synchronization entry
                      ; - java.lang.ClassLoader::defineClass@-1 (line 1025)
  0x000001cfee87def4: 4707 e98f 

  0x000001cfee87def8: ;   {metadata({method} {0x000001cf84af5008} 'defineClassSourceLocation' '(Ljava/security/ProtectionDomain;)Ljava/lang/String;' in 'java/lang/ClassLoader')}
  0x000001cfee87def8: fcff ff49 | ba00 50af | 84cf 0100 | 004c 8954 | 2408 48c7 | 0424 ffff 

  0x000001cfee87df10: ;   {runtime_call counter_overflow Runtime1 stub}
  0x000001cfee87df10: ffff e8e9 

  0x000001cfee87df14: ; ImmutableOopMap {rax=Oop [120]=Oop [128]=Oop [136]=Oop [152]=Oop }
                      ;*synchronization entry
                      ; - java.lang.ClassLoader::defineClassSourceLocation@-1 (line 924)
                      ; - java.lang.ClassLoader::defineClass@12 (line 1026)
  0x000001cfee87df14: cd47 07e9 | 08fd ffff 

  0x000001cfee87df1c: ;   {runtime_call throw_null_pointer_exception Runtime1 stub}
  0x000001cfee87df1c: e8ff 3547 

  0x000001cfee87df20: ; ImmutableOopMap {rax=Oop [120]=Oop [128]=Oop [136]=Oop [152]=Oop }
                      ;*invokevirtual getCodeSource {reexecute=0 rethrow=0 return_oop=0}
                      ; - java.lang.ClassLoader::defineClassSourceLocation@1 (line 924)
                      ; - java.lang.ClassLoader::defineClass@12 (line 1026)
                      ;   {runtime_call throw_null_pointer_exception Runtime1 stub}
  0x000001cfee87df20: 07e8 fa35 

  0x000001cfee87df24: ; ImmutableOopMap {rax=Oop r8=Oop [120]=Oop [128]=Oop [136]=Oop [152]=Oop }
                      ;*invokevirtual getLocation {reexecute=0 rethrow=0 return_oop=0}
                      ; - java.lang.ClassLoader::defineClassSourceLocation@12 (line 926)
                      ; - java.lang.ClassLoader::defineClass@12 (line 1026)
                      ;   {runtime_call throw_null_pointer_exception Runtime1 stub}
  0x000001cfee87df24: 4707 e8f5 

  0x000001cfee87df28: ; ImmutableOopMap {rdx=Oop [120]=Oop [128]=Oop [136]=Oop [152]=Oop }
                      ;*invokevirtual toString {reexecute=0 rethrow=0 return_oop=0}
                      ; - java.lang.ClassLoader::defineClassSourceLocation@22 (line 927)
                      ; - java.lang.ClassLoader::defineClass@12 (line 1026)
                      ;   {metadata({method} {0x000001cf8401f068} 'toString' '()Ljava/lang/String;' in 'java/net/URL')}
  0x000001cfee87df28: 3547 0749 | ba60 f001 | 84cf 0100 | 004c 8954 | 2408 48c7 | 0424 ffff 

  0x000001cfee87df40: ;   {runtime_call counter_overflow Runtime1 stub}
  0x000001cfee87df40: ffff e8b9 

  0x000001cfee87df44: ; ImmutableOopMap {rdx=Oop [120]=Oop [128]=Oop [136]=Oop [152]=Oop }
                      ;*synchronization entry
                      ; - java.net.URL::toString@-1 (line 1189)
                      ; - java.lang.ClassLoader::defineClassSourceLocation@22 (line 927)
                      ; - java.lang.ClassLoader::defineClass@12 (line 1026)
  0x000001cfee87df44: cd47 07e9 | dffd ffff 

  0x000001cfee87df4c: ;   {metadata({method} {0x000001cf84ae6fb8} 'toExternalForm' '()Ljava/lang/String;' in 'java/net/URL')}
  0x000001cfee87df4c: 49ba b06f | ae84 cf01 | 0000 4c89 | 5424 0848 | c704 24ff 

  0x000001cfee87df60: ;   {runtime_call counter_overflow Runtime1 stub}
  0x000001cfee87df60: ffff ffe8 

  0x000001cfee87df64: ; ImmutableOopMap {rdx=Oop [120]=Oop [128]=Oop [136]=Oop [152]=Oop }
                      ;*synchronization entry
                      ; - java.net.URL::toExternalForm@-1 (line 1203)
                      ; - java.net.URL::toString@1 (line 1189)
                      ; - java.lang.ClassLoader::defineClassSourceLocation@22 (line 927)
                      ; - java.lang.ClassLoader::defineClass@12 (line 1026)
  0x000001cfee87df64: 98cd 4707 | e9fc fdff 

  0x000001cfee87df6c: ;   {runtime_call throw_null_pointer_exception Runtime1 stub}
  0x000001cfee87df6c: ffe8 ae35 

  0x000001cfee87df70: ; ImmutableOopMap {rdx=Oop rsi=Oop [120]=Oop [128]=Oop [136]=Oop [152]=Oop }
                      ;*invokevirtual toExternalForm {reexecute=0 rethrow=0 return_oop=0}
                      ; - java.net.URL::toExternalForm@5 (line 1203)
                      ; - java.net.URL::toString@1 (line 1189)
                      ; - java.lang.ClassLoader::defineClassSourceLocation@22 (line 927)
                      ; - java.lang.ClassLoader::defineClass@12 (line 1026)
                      ;   {internal_word}
  0x000001cfee87df70: 4707 49ba | ccde 87ee | cf01 0000 | 4d89 9760 

  0x000001cfee87df80: ;   {runtime_call SafepointBlob}
  0x000001cfee87df80: 0400 00e9 | f88b 3a07 | 498b 87f8 | 0400 0049 | c787 f804 | 0000 0000 | 0000 49c7 | 8700 0500 
  0x000001cfee87dfa0: 0000 0000 | 0048 81c4 | b000 0000 

  0x000001cfee87dfac: ;   {runtime_call unwind_exception Runtime1 stub}
  0x000001cfee87dfac: 5de9 4e20 | 4707 f4f4 | f4f4 f4f4 
[Stub Code]
  0x000001cfee87dfb8: ;   {no_reloc}
  0x000001cfee87dfb8: 0f1f 4400 

  0x000001cfee87dfbc: ;   {static_stub}
  0x000001cfee87dfbc: 0048 bb00 | 0000 0000 

  0x000001cfee87dfc4: ;   {runtime_call nmethod}
  0x000001cfee87dfc4: 0000 00e9 | fbff ffff 

  0x000001cfee87dfcc: ;   {static_stub}
  0x000001cfee87dfcc: 48bb 7050 | af84 cf01 

  0x000001cfee87dfd4: ;   {runtime_call I2C/C2I adapters}
  0x000001cfee87dfd4: 0000 e9b0 

  0x000001cfee87dfd8: ;   {static_stub}
  0x000001cfee87dfd8: d039 0748 | bb00 0000 | 0000 0000 

  0x000001cfee87dfe4: ;   {runtime_call nmethod}
  0x000001cfee87dfe4: 00e9 fbff 

  0x000001cfee87dfe8: ;   {static_stub}
  0x000001cfee87dfe8: ffff 48bb | 104f af84 | cf01 0000 

  0x000001cfee87dff4: ;   {runtime_call I2C/C2I adapters}
  0x000001cfee87dff4: e992 d039 

  0x000001cfee87dff8: ;   {runtime_call handle_exception_from_callee Runtime1 stub}
  0x000001cfee87dff8: 07e8 8272 

  0x000001cfee87dffc: ;   {external_word}
  0x000001cfee87dffc: 4707 48b9 | 40d7 cebc | f97f 0000 | 4883 e4f0 

  0x000001cfee87e00c: ;   {runtime_call}
  0x000001cfee87e00c: 48b8 90f2 | 90bc f97f | 0000 ffd0 

  0x000001cfee87e018: ;   {section_word}
  0x000001cfee87e018: f449 ba19 | e087 eecf | 0100 0041 

  0x000001cfee87e024: ;   {runtime_call DeoptimizationBlob}
  0x000001cfee87e024: 52e9 f69f | 3a07 f4f4 | f4f4 f4f4 
[/MachCode]


Compiled method (c1) 588 1324       3       java.security.SecureClassLoader::defineClass (16 bytes)
 total in heap  [0x000001cfee8b9290,0x000001cfee8b9690] = 1024
 relocation     [0x000001cfee8b93f0,0x000001cfee8b9440] = 80
 main code      [0x000001cfee8b9440,0x000001cfee8b9598] = 344
 stub code      [0x000001cfee8b9598,0x000001cfee8b95e8] = 80
 metadata       [0x000001cfee8b95e8,0x000001cfee8b95f0] = 8
 scopes data    [0x000001cfee8b95f0,0x000001cfee8b9638] = 72
 scopes pcs     [0x000001cfee8b9638,0x000001cfee8b9688] = 80
 dependencies   [0x000001cfee8b9688,0x000001cfee8b9690] = 8

[Constant Pool (empty)]

[MachCode]
[Entry Point]
  # {method} {0x000001cf84059ef0} 'defineClass' '(Ljava/lang/String;[BIILjava/security/CodeSource;)Ljava/lang/Class;' in 'java/security/SecureClassLoader'
  # this:     rdx:rdx   = 'java/security/SecureClassLoader'
  # parm0:    r8:r8     = 'java/lang/String'
  # parm1:    r9:r9     = '[B'
  # parm2:    rdi       = int
  # parm3:    rsi       = int
  # parm4:    rcx:rcx   = 'java/security/CodeSource'
  #           [sp+0x80]  (sp of caller)
  0x000001cfee8b9440: 448b 5208 | 49bb 0000 | 0084 cf01 | 0000 4d03 | d34c 3bd0 

  0x000001cfee8b9454: ;   {runtime_call ic_miss_stub}
  0x000001cfee8b9454: 0f85 2655 | 3607 660f | 1f44 0000 
[Verified Entry Point]
  0x000001cfee8b9460: 8984 2400 | 80ff ff55 | 4883 ec70 | 4181 7f20 | 0100 0000 

  0x000001cfee8b9474: ;   {runtime_call StubRoutines (final stubs)}
  0x000001cfee8b9474: 7405 e845 

  0x000001cfee8b9478: ;   {metadata(method data for {method} {0x000001cf84059ef0} 'defineClass' '(Ljava/lang/String;[BIILjava/security/CodeSource;)Ljava/lang/Class;' in 'java/security/SecureClassLoader')}
  0x000001cfee8b9478: c834 0748 | bb80 7208 | c6cf 0100 | 008b 83cc | 0000 0083 | c002 8983 | cc00 0000 | 25fe 0700 
  0x000001cfee8b9498: 0085 c00f | 8496 0000 | 0089 7424 | 5c89 7c24 | 584c 894c | 2450 4c89 | 4424 4848 

  0x000001cfee8b94b4: ;   {metadata(method data for {method} {0x000001cf84059ef0} 'defineClass' '(Ljava/lang/String;[BIILjava/security/CodeSource;)Ljava/lang/Class;' in 'java/security/SecureClassLoader')}
  0x000001cfee8b94b4: 8bda 48b8 | 8072 08c6 | cf01 0000 | 4883 8010 | 0100 0001 | 4c8b c148 | 8bc2 488b | d048 8944 
  0x000001cfee8b94d4: ;   {optimized virtual_call}
  0x000001cfee8b94d4: 2440 90e8 

  0x000001cfee8b94d8: ; ImmutableOopMap {[64]=Oop [72]=Oop [80]=Oop }
                      ;*invokevirtual getProtectionDomain {reexecute=0 rethrow=0 return_oop=0}
                      ; - java.security.SecureClassLoader::defineClass@9 (line 150)
  0x000001cfee8b94d8: 442e fcff 

  0x000001cfee8b94dc: ;   {other}
  0x000001cfee8b94dc: 0f1f 8400 | 4c02 0000 | 488b 5424 

  0x000001cfee8b94e8: ;   {metadata(method data for {method} {0x000001cf84059ef0} 'defineClass' '(Ljava/lang/String;[BIILjava/security/CodeSource;)Ljava/lang/Class;' in 'java/security/SecureClassLoader')}
  0x000001cfee8b94e8: 4049 b880 | 7208 c6cf | 0100 0049 | 8380 4801 | 0000 014c | 8b44 2448 | 4c8b 4c24 | 508b 7c24 
  0x000001cfee8b9508: 588b 7424 | 5c48 8bc8 | 488b 5424 

  0x000001cfee8b9514: ;   {optimized virtual_call}
  0x000001cfee8b9514: 4066 90e8 

  0x000001cfee8b9518: ; ImmutableOopMap {}
                      ;*invokevirtual defineClass {reexecute=0 rethrow=0 return_oop=0}
                      ; - java.security.SecureClassLoader::defineClass@12 (line 150)
  0x000001cfee8b9518: 2446 fcff 

  0x000001cfee8b951c: ;   {other}
  0x000001cfee8b951c: 0f1f 8400 | 8c02 0001 | 4883 c470 

  0x000001cfee8b9528: ;   {poll_return}
  0x000001cfee8b9528: 5d49 3ba7 | 4804 0000 | 0f87 2200 

  0x000001cfee8b9534: ;   {metadata({method} {0x000001cf84059ef0} 'defineClass' '(Ljava/lang/String;[BIILjava/security/CodeSource;)Ljava/lang/Class;' in 'java/security/SecureClassLoader')}
  0x000001cfee8b9534: 0000 c349 | bae8 9e05 | 84cf 0100 | 004c 8954 | 2408 48c7 | 0424 ffff 

  0x000001cfee8b954c: ;   {runtime_call counter_overflow Runtime1 stub}
  0x000001cfee8b954c: ffff e8ad 

  0x000001cfee8b9550: ; ImmutableOopMap {rdx=Oop r8=Oop r9=Oop rcx=Oop }
                      ;*synchronization entry
                      ; - java.security.SecureClassLoader::defineClass@-1 (line 150)
  0x000001cfee8b9550: 1744 07e9 | 49ff ffff 

  0x000001cfee8b9558: ;   {internal_word}
  0x000001cfee8b9558: 49ba 2995 | 8bee cf01 | 0000 4d89 | 9760 0400 

  0x000001cfee8b9568: ;   {runtime_call SafepointBlob}
  0x000001cfee8b9568: 00e9 12d6 | 3607 498b | 87f8 0400 | 0049 c787 | f804 0000 | 0000 0000 | 49c7 8700 | 0500 0000 
  0x000001cfee8b9588: 0000 0048 | 83c4 705d 

  0x000001cfee8b9590: ;   {runtime_call unwind_exception Runtime1 stub}
  0x000001cfee8b9590: e96b 6a43 | 07f4 f4f4 
[Stub Code]
  0x000001cfee8b9598: ;   {no_reloc}
  0x000001cfee8b9598: 48bb 0000 | 0000 0000 

  0x000001cfee8b95a0: ;   {runtime_call nmethod}
  0x000001cfee8b95a0: 0000 e9fb 

  0x000001cfee8b95a4: ;   {static_stub}
  0x000001cfee8b95a4: ffff ff48 | bb00 0000 | 0000 0000 

  0x000001cfee8b95b0: ;   {runtime_call nmethod}
  0x000001cfee8b95b0: 00e9 fbff 

  0x000001cfee8b95b4: ;   {runtime_call handle_exception_from_callee Runtime1 stub}
  0x000001cfee8b95b4: ffff e8c5 

  0x000001cfee8b95b8: ;   {external_word}
  0x000001cfee8b95b8: bc43 0748 | b940 d7ce | bcf9 7f00 | 0048 83e4 

  0x000001cfee8b95c8: ;   {runtime_call}
  0x000001cfee8b95c8: f048 b890 | f290 bcf9 | 7f00 00ff 

  0x000001cfee8b95d4: ;   {section_word}
  0x000001cfee8b95d4: d0f4 49ba | d695 8bee | cf01 0000 

  0x000001cfee8b95e0: ;   {runtime_call DeoptimizationBlob}
  0x000001cfee8b95e0: 4152 e939 | ea36 07f4 
[/MachCode]


---------------  P R O C E S S  ---------------

Threads class SMR info:
_java_thread_list=0x000001cfff4ff1c0, length=23, elements={
0x000001cfe8324690, 0x000001cffebf6d40, 0x000001cffebf91b0, 0x000001cffebfbfe0,
0x000001cffebfda50, 0x000001cffec00780, 0x000001cffebfe8a0, 0x000001cffebff300,
0x000001cffec088e0, 0x000001cffec13bc0, 0x000001cffee80d20, 0x000001cffeec24e0,
0x000001cfff2bacf0, 0x000001cfff3eeb40, 0x000001cfff11ca70, 0x000001cfff1a64b0,
0x000001cfff10ae90, 0x000001cfff245050, 0x000001cfff270960, 0x000001cfff2775f0,
0x000001cfff27a3e0, 0x000001cfff2796c0, 0x000001cfff278310
}

Java Threads: ( => current thread )
  0x000001cfe8324690 JavaThread "main"                              [_thread_blocked, id=12532, stack(0x000000c07e500000,0x000000c07e600000) (1024K)]
  0x000001cffebf6d40 JavaThread "Common-Cleaner"             daemon [_thread_blocked, id=3844, stack(0x000000c07ed00000,0x000000c07ee00000) (1024K)]
  0x000001cffebf91b0 JavaThread "Reference Handler"          daemon [_thread_blocked, id=15556, stack(0x000000c07ee00000,0x000000c07ef00000) (1024K)]
  0x000001cffebfbfe0 JavaThread "Finalizer"                  daemon [_thread_blocked, id=14516, stack(0x000000c07ef00000,0x000000c07f000000) (1024K)]
  0x000001cffebfda50 JavaThread "Signal Dispatcher"          daemon [_thread_blocked, id=3732, stack(0x000000c07f000000,0x000000c07f100000) (1024K)]
  0x000001cffec00780 JavaThread "Attach Listener"            daemon [_thread_blocked, id=4696, stack(0x000000c07f100000,0x000000c07f200000) (1024K)]
  0x000001cffebfe8a0 JavaThread "Service Thread"             daemon [_thread_blocked, id=1180, stack(0x000000c07f200000,0x000000c07f300000) (1024K)]
  0x000001cffebff300 JavaThread "Monitor Deflation Thread"   daemon [_thread_blocked, id=4700, stack(0x000000c07f300000,0x000000c07f400000) (1024K)]
  0x000001cffec088e0 JavaThread "C2 CompilerThread0"         daemon [_thread_blocked, id=16884, stack(0x000000c07f400000,0x000000c07f500000) (1024K)]
  0x000001cffec13bc0 JavaThread "C1 CompilerThread0"         daemon [_thread_blocked, id=14076, stack(0x000000c07f500000,0x000000c07f600000) (1024K)]
  0x000001cffee80d20 JavaThread "Notification Thread"        daemon [_thread_blocked, id=14872, stack(0x000000c07f600000,0x000000c07f700000) (1024K)]
  0x000001cffeec24e0 JavaThread "C2 CompilerThread1"         daemon [_thread_blocked, id=14496, stack(0x000000c07f700000,0x000000c07f800000) (1024K)]
  0x000001cfff2bacf0 JavaThread "RMI TCP Accept-49731"       daemon [_thread_in_native, id=7384, stack(0x000000c07f800000,0x000000c07f900000) (1024K)]
  0x000001cfff3eeb40 JavaThread "RMI TCP Accept-0"           daemon [_thread_in_native, id=784, stack(0x000000c07f900000,0x000000c07fa00000) (1024K)]
  0x000001cfff11ca70 JavaThread "RMI Reaper"                        [_thread_blocked, id=18108, stack(0x000000c07fa00000,0x000000c07fb00000) (1024K)]
  0x000001cfff1a64b0 JavaThread "RMI GC Daemon"              daemon [_thread_blocked, id=17928, stack(0x000000c07fb00000,0x000000c07fc00000) (1024K)]
  0x000001cfff10ae90 JavaThread "RMI TCP Connection(1)-127.0.0.1" daemon [_thread_in_native, id=16960, stack(0x000000c07fc00000,0x000000c07fd00000) (1024K)]
  0x000001cfff245050 JavaThread "RMI TCP Connection(2)-127.0.0.1" daemon [_thread_in_native, id=9816, stack(0x000000c07fd00000,0x000000c07fe00000) (1024K)]
  0x000001cfff270960 JavaThread "RMI Scheduler(0)"           daemon [_thread_blocked, id=16140, stack(0x000000c07fe00000,0x000000c07ff00000) (1024K)]
  0x000001cfff2775f0 JavaThread "RMI TCP Connection(3)-127.0.0.1" daemon [_thread_in_native, id=8644, stack(0x000000c07ff00000,0x000000c080000000) (1024K)]
=>0x000001cfff27a3e0 JavaThread "RMI TCP Connection(4)-127.0.0.1" daemon [_thread_in_vm, id=1476, stack(0x000000c000000000,0x000000c000100000) (1024K)]
  0x000001cfff2796c0 JavaThread "RMI RenewClean-[127.0.0.1:63876]" daemon [_thread_blocked, id=8708, stack(0x000000c000100000,0x000000c000200000) (1024K)]
  0x000001cfff278310 JavaThread "mysql-cj-abandoned-connection-cleanup" daemon [_thread_blocked, id=10880, stack(0x000000c000200000,0x000000c000300000) (1024K)]
Total: 23

Other Threads:
  0x000001cffebdb2a0 VMThread "VM Thread"                           [id=12448, stack(0x000000c07ec00000,0x000000c07ed00000) (1024K)]
  0x000001cffebcb420 WatcherThread "VM Periodic Task Thread"        [id=18092, stack(0x000000c07eb00000,0x000000c07ec00000) (1024K)]
  0x000001cfea6aa710 WorkerThread "GC Thread#0"                     [id=13596, stack(0x000000c07e600000,0x000000c07e700000) (1024K)]
  0x000001cfff555080 WorkerThread "GC Thread#1"                     [id=6412, stack(0x000000c000300000,0x000000c000400000) (1024K)]
  0x000001cfff2e30b0 WorkerThread "GC Thread#2"                     [id=12896, stack(0x000000c000400000,0x000000c000500000) (1024K)]
  0x000001cfff438990 WorkerThread "GC Thread#3"                     [id=9448, stack(0x000000c000500000,0x000000c000600000) (1024K)]
  0x000001cfff650a80 WorkerThread "GC Thread#4"                     [id=17920, stack(0x000000c000600000,0x000000c000700000) (1024K)]
  0x000001cfff650e20 WorkerThread "GC Thread#5"                     [id=6904, stack(0x000000c000700000,0x000000c000800000) (1024K)]
  0x000001cfff6511c0 WorkerThread "GC Thread#6"                     [id=13564, stack(0x000000c000800000,0x000000c000900000) (1024K)]
  0x000001cfff651d70 WorkerThread "GC Thread#7"                     [id=8816, stack(0x000000c000900000,0x000000c000a00000) (1024K)]
  0x000001cfea6bbf50 ConcurrentGCThread "G1 Main Marker"            [id=2760, stack(0x000000c07e700000,0x000000c07e800000) (1024K)]
  0x000001cfea6bc960 WorkerThread "G1 Conc#0"                       [id=16524, stack(0x000000c07e800000,0x000000c07e900000) (1024K)]
  0x000001cffea8e530 ConcurrentGCThread "G1 Refine#0"               [id=15796, stack(0x000000c07e900000,0x000000c07ea00000) (1024K)]
  0x000001cffea8efb0 ConcurrentGCThread "G1 Service"                [id=14844, stack(0x000000c07ea00000,0x000000c07eb00000) (1024K)]
Total: 14

Threads with active compile tasks:
Total: 0

VM state: not at safepoint (normal execution)

VM Mutex/Monitor currently owned by a thread:  ([mutex/lock_event])
[0x00007ff9bcfa5ad8] Metaspace_lock - owner thread: 0x000001cfff27a3e0

Heap address: 0x0000000080000000, size: 2048 MB, Compressed Oops mode: 32-bit

CDS archive(s) mapped at: [0x000001cf84000000-0x000001cf85c00000-0x000001cf85c00000), size 29360128, SharedBaseAddress: 0x000001cf84000000, ArchiveRelocationMode: 1.
Compressed class space mapped at: 0x000001cf86000000-0x000001cfc6000000, reserved size: 1073741824
Narrow klass base: 0x000001cf84000000, Narrow klass shift: 0, Narrow klass range: 0x100000000

GC Precious Log:
 CardTable entry size: 512
 Card Set container configuration: InlinePtr #cards 5 size 8 Array Of Cards #cards 12 size 40 Howl #buckets 4 coarsen threshold 1843 Howl Bitmap #cards 512 size 80 coarsen threshold 460 Card regions per heap region 1 cards per card region 2048
 CPUs: 8 total, 8 available
 Memory: 12087M
 Large Page Support: Disabled
 NUMA Support: Disabled
 Compressed Oops: Enabled (32-bit)
 Heap Region Size: 1M
 Heap Min Capacity: 128M
 Heap Initial Capacity: 128M
 Heap Max Capacity: 2G
 Pre-touch: Disabled
 Parallel Workers: 8
 Concurrent Workers: 2
 Concurrent Refinement Workers: 8
 Periodic GC: Disabled

Heap:
 garbage-first heap   total 131072K, used 14400K [0x0000000080000000, 0x0000000100000000)
  region size 1024K, 10 young (10240K), 3 survivors (3072K)
 Metaspace       used 7257K, committed 7616K, reserved 1114112K
  class space    used 923K, committed 1088K, reserved 1048576K

Heap Regions: E=young(eden), S=young(survivor), O=old, HS=humongous(starts), HC=humongous(continues), CS=collection set, F=free, TAMS=top-at-mark-start, PB=parsable bottom
|   0|0x0000000080000000, 0x0000000080100000, 0x0000000080100000|100%|HS|  |TAMS 0x0000000080000000| PB 0x0000000080000000| Complete 
|   1|0x0000000080100000, 0x0000000080200000, 0x0000000080200000|100%|HC|  |TAMS 0x0000000080100000| PB 0x0000000080100000| Complete 
|   2|0x0000000080200000, 0x0000000080300000, 0x0000000080300000|100%|HS|  |TAMS 0x0000000080200000| PB 0x0000000080200000| Complete 
|   3|0x0000000080300000, 0x0000000080400000, 0x0000000080400000|100%|HS|  |TAMS 0x0000000080300000| PB 0x0000000080300000| Complete 
|   4|0x0000000080400000, 0x0000000080500000, 0x0000000080500000|100%| O|  |TAMS 0x0000000080400000| PB 0x0000000080400000| Untracked 
|   5|0x0000000080500000, 0x0000000080600000, 0x0000000080600000|100%| O|  |TAMS 0x0000000080500000| PB 0x0000000080500000| Untracked 
|   6|0x0000000080600000, 0x0000000080610000, 0x0000000080700000|  6%| O|  |TAMS 0x0000000080600000| PB 0x0000000080600000| Untracked 
|   7|0x0000000080700000, 0x0000000080700000, 0x0000000080800000|  0%| F|  |TAMS 0x0000000080700000| PB 0x0000000080700000| Untracked 
|   8|0x0000000080800000, 0x0000000080800000, 0x0000000080900000|  0%| F|  |TAMS 0x0000000080800000| PB 0x0000000080800000| Untracked 
|   9|0x0000000080900000, 0x0000000080900000, 0x0000000080a00000|  0%| F|  |TAMS 0x0000000080900000| PB 0x0000000080900000| Untracked 
|  10|0x0000000080a00000, 0x0000000080a00000, 0x0000000080b00000|  0%| F|  |TAMS 0x0000000080a00000| PB 0x0000000080a00000| Untracked 
|  11|0x0000000080b00000, 0x0000000080b00000, 0x0000000080c00000|  0%| F|  |TAMS 0x0000000080b00000| PB 0x0000000080b00000| Untracked 
|  12|0x0000000080c00000, 0x0000000080c00000, 0x0000000080d00000|  0%| F|  |TAMS 0x0000000080c00000| PB 0x0000000080c00000| Untracked 
|  13|0x0000000080d00000, 0x0000000080d00000, 0x0000000080e00000|  0%| F|  |TAMS 0x0000000080d00000| PB 0x0000000080d00000| Untracked 
|  14|0x0000000080e00000, 0x0000000080e00000, 0x0000000080f00000|  0%| F|  |TAMS 0x0000000080e00000| PB 0x0000000080e00000| Untracked 
|  15|0x0000000080f00000, 0x0000000080f00000, 0x0000000081000000|  0%| F|  |TAMS 0x0000000080f00000| PB 0x0000000080f00000| Untracked 
|  16|0x0000000081000000, 0x0000000081000000, 0x0000000081100000|  0%| F|  |TAMS 0x0000000081000000| PB 0x0000000081000000| Untracked 
|  17|0x0000000081100000, 0x0000000081100000, 0x0000000081200000|  0%| F|  |TAMS 0x0000000081100000| PB 0x0000000081100000| Untracked 
|  18|0x0000000081200000, 0x0000000081200000, 0x0000000081300000|  0%| F|  |TAMS 0x0000000081200000| PB 0x0000000081200000| Untracked 
|  19|0x0000000081300000, 0x0000000081300000, 0x0000000081400000|  0%| F|  |TAMS 0x0000000081300000| PB 0x0000000081300000| Untracked 
|  20|0x0000000081400000, 0x0000000081400000, 0x0000000081500000|  0%| F|  |TAMS 0x0000000081400000| PB 0x0000000081400000| Untracked 
|  21|0x0000000081500000, 0x0000000081500000, 0x0000000081600000|  0%| F|  |TAMS 0x0000000081500000| PB 0x0000000081500000| Untracked 
|  22|0x0000000081600000, 0x0000000081600000, 0x0000000081700000|  0%| F|  |TAMS 0x0000000081600000| PB 0x0000000081600000| Untracked 
|  23|0x0000000081700000, 0x0000000081700000, 0x0000000081800000|  0%| F|  |TAMS 0x0000000081700000| PB 0x0000000081700000| Untracked 
|  24|0x0000000081800000, 0x0000000081800000, 0x0000000081900000|  0%| F|  |TAMS 0x0000000081800000| PB 0x0000000081800000| Untracked 
|  25|0x0000000081900000, 0x0000000081900000, 0x0000000081a00000|  0%| F|  |TAMS 0x0000000081900000| PB 0x0000000081900000| Untracked 
|  26|0x0000000081a00000, 0x0000000081a00000, 0x0000000081b00000|  0%| F|  |TAMS 0x0000000081a00000| PB 0x0000000081a00000| Untracked 
|  27|0x0000000081b00000, 0x0000000081b00000, 0x0000000081c00000|  0%| F|  |TAMS 0x0000000081b00000| PB 0x0000000081b00000| Untracked 
|  28|0x0000000081c00000, 0x0000000081c00000, 0x0000000081d00000|  0%| F|  |TAMS 0x0000000081c00000| PB 0x0000000081c00000| Untracked 
|  29|0x0000000081d00000, 0x0000000081d00000, 0x0000000081e00000|  0%| F|  |TAMS 0x0000000081d00000| PB 0x0000000081d00000| Untracked 
|  30|0x0000000081e00000, 0x0000000081e00000, 0x0000000081f00000|  0%| F|  |TAMS 0x0000000081e00000| PB 0x0000000081e00000| Untracked 
|  31|0x0000000081f00000, 0x0000000081f00000, 0x0000000082000000|  0%| F|  |TAMS 0x0000000081f00000| PB 0x0000000081f00000| Untracked 
|  32|0x0000000082000000, 0x0000000082000000, 0x0000000082100000|  0%| F|  |TAMS 0x0000000082000000| PB 0x0000000082000000| Untracked 
|  33|0x0000000082100000, 0x0000000082100000, 0x0000000082200000|  0%| F|  |TAMS 0x0000000082100000| PB 0x0000000082100000| Untracked 
|  34|0x0000000082200000, 0x0000000082200000, 0x0000000082300000|  0%| F|  |TAMS 0x0000000082200000| PB 0x0000000082200000| Untracked 
|  35|0x0000000082300000, 0x0000000082300000, 0x0000000082400000|  0%| F|  |TAMS 0x0000000082300000| PB 0x0000000082300000| Untracked 
|  36|0x0000000082400000, 0x0000000082400000, 0x0000000082500000|  0%| F|  |TAMS 0x0000000082400000| PB 0x0000000082400000| Untracked 
|  37|0x0000000082500000, 0x0000000082500000, 0x0000000082600000|  0%| F|  |TAMS 0x0000000082500000| PB 0x0000000082500000| Untracked 
|  38|0x0000000082600000, 0x0000000082600000, 0x0000000082700000|  0%| F|  |TAMS 0x0000000082600000| PB 0x0000000082600000| Untracked 
|  39|0x0000000082700000, 0x0000000082700000, 0x0000000082800000|  0%| F|  |TAMS 0x0000000082700000| PB 0x0000000082700000| Untracked 
|  40|0x0000000082800000, 0x0000000082800000, 0x0000000082900000|  0%| F|  |TAMS 0x0000000082800000| PB 0x0000000082800000| Untracked 
|  41|0x0000000082900000, 0x0000000082900000, 0x0000000082a00000|  0%| F|  |TAMS 0x0000000082900000| PB 0x0000000082900000| Untracked 
|  42|0x0000000082a00000, 0x0000000082a00000, 0x0000000082b00000|  0%| F|  |TAMS 0x0000000082a00000| PB 0x0000000082a00000| Untracked 
|  43|0x0000000082b00000, 0x0000000082b00000, 0x0000000082c00000|  0%| F|  |TAMS 0x0000000082b00000| PB 0x0000000082b00000| Untracked 
|  44|0x0000000082c00000, 0x0000000082c00000, 0x0000000082d00000|  0%| F|  |TAMS 0x0000000082c00000| PB 0x0000000082c00000| Untracked 
|  45|0x0000000082d00000, 0x0000000082d00000, 0x0000000082e00000|  0%| F|  |TAMS 0x0000000082d00000| PB 0x0000000082d00000| Untracked 
|  46|0x0000000082e00000, 0x0000000082e00000, 0x0000000082f00000|  0%| F|  |TAMS 0x0000000082e00000| PB 0x0000000082e00000| Untracked 
|  47|0x0000000082f00000, 0x0000000082f00000, 0x0000000083000000|  0%| F|  |TAMS 0x0000000082f00000| PB 0x0000000082f00000| Untracked 
|  48|0x0000000083000000, 0x0000000083000000, 0x0000000083100000|  0%| F|  |TAMS 0x0000000083000000| PB 0x0000000083000000| Untracked 
|  49|0x0000000083100000, 0x0000000083100000, 0x0000000083200000|  0%| F|  |TAMS 0x0000000083100000| PB 0x0000000083100000| Untracked 
|  50|0x0000000083200000, 0x0000000083200000, 0x0000000083300000|  0%| F|  |TAMS 0x0000000083200000| PB 0x0000000083200000| Untracked 
|  51|0x0000000083300000, 0x0000000083300000, 0x0000000083400000|  0%| F|  |TAMS 0x0000000083300000| PB 0x0000000083300000| Untracked 
|  52|0x0000000083400000, 0x0000000083400000, 0x0000000083500000|  0%| F|  |TAMS 0x0000000083400000| PB 0x0000000083400000| Untracked 
|  53|0x0000000083500000, 0x0000000083500000, 0x0000000083600000|  0%| F|  |TAMS 0x0000000083500000| PB 0x0000000083500000| Untracked 
|  54|0x0000000083600000, 0x0000000083600000, 0x0000000083700000|  0%| F|  |TAMS 0x0000000083600000| PB 0x0000000083600000| Untracked 
|  55|0x0000000083700000, 0x0000000083700000, 0x0000000083800000|  0%| F|  |TAMS 0x0000000083700000| PB 0x0000000083700000| Untracked 
|  56|0x0000000083800000, 0x0000000083800000, 0x0000000083900000|  0%| F|  |TAMS 0x0000000083800000| PB 0x0000000083800000| Untracked 
|  57|0x0000000083900000, 0x0000000083900000, 0x0000000083a00000|  0%| F|  |TAMS 0x0000000083900000| PB 0x0000000083900000| Untracked 
|  58|0x0000000083a00000, 0x0000000083a00000, 0x0000000083b00000|  0%| F|  |TAMS 0x0000000083a00000| PB 0x0000000083a00000| Untracked 
|  59|0x0000000083b00000, 0x0000000083b00000, 0x0000000083c00000|  0%| F|  |TAMS 0x0000000083b00000| PB 0x0000000083b00000| Untracked 
|  60|0x0000000083c00000, 0x0000000083c00000, 0x0000000083d00000|  0%| F|  |TAMS 0x0000000083c00000| PB 0x0000000083c00000| Untracked 
|  61|0x0000000083d00000, 0x0000000083d00000, 0x0000000083e00000|  0%| F|  |TAMS 0x0000000083d00000| PB 0x0000000083d00000| Untracked 
|  62|0x0000000083e00000, 0x0000000083e00000, 0x0000000083f00000|  0%| F|  |TAMS 0x0000000083e00000| PB 0x0000000083e00000| Untracked 
|  63|0x0000000083f00000, 0x0000000083f00000, 0x0000000084000000|  0%| F|  |TAMS 0x0000000083f00000| PB 0x0000000083f00000| Untracked 
|  64|0x0000000084000000, 0x0000000084000000, 0x0000000084100000|  0%| F|  |TAMS 0x0000000084000000| PB 0x0000000084000000| Untracked 
|  65|0x0000000084100000, 0x0000000084100000, 0x0000000084200000|  0%| F|  |TAMS 0x0000000084100000| PB 0x0000000084100000| Untracked 
|  66|0x0000000084200000, 0x0000000084200000, 0x0000000084300000|  0%| F|  |TAMS 0x0000000084200000| PB 0x0000000084200000| Untracked 
|  67|0x0000000084300000, 0x0000000084300000, 0x0000000084400000|  0%| F|  |TAMS 0x0000000084300000| PB 0x0000000084300000| Untracked 
|  68|0x0000000084400000, 0x0000000084400000, 0x0000000084500000|  0%| F|  |TAMS 0x0000000084400000| PB 0x0000000084400000| Untracked 
|  69|0x0000000084500000, 0x0000000084500000, 0x0000000084600000|  0%| F|  |TAMS 0x0000000084500000| PB 0x0000000084500000| Untracked 
|  70|0x0000000084600000, 0x0000000084600000, 0x0000000084700000|  0%| F|  |TAMS 0x0000000084600000| PB 0x0000000084600000| Untracked 
|  71|0x0000000084700000, 0x0000000084700000, 0x0000000084800000|  0%| F|  |TAMS 0x0000000084700000| PB 0x0000000084700000| Untracked 
|  72|0x0000000084800000, 0x0000000084800000, 0x0000000084900000|  0%| F|  |TAMS 0x0000000084800000| PB 0x0000000084800000| Untracked 
|  73|0x0000000084900000, 0x0000000084900000, 0x0000000084a00000|  0%| F|  |TAMS 0x0000000084900000| PB 0x0000000084900000| Untracked 
|  74|0x0000000084a00000, 0x0000000084a00000, 0x0000000084b00000|  0%| F|  |TAMS 0x0000000084a00000| PB 0x0000000084a00000| Untracked 
|  75|0x0000000084b00000, 0x0000000084b00000, 0x0000000084c00000|  0%| F|  |TAMS 0x0000000084b00000| PB 0x0000000084b00000| Untracked 
|  76|0x0000000084c00000, 0x0000000084c00000, 0x0000000084d00000|  0%| F|  |TAMS 0x0000000084c00000| PB 0x0000000084c00000| Untracked 
|  77|0x0000000084d00000, 0x0000000084d00000, 0x0000000084e00000|  0%| F|  |TAMS 0x0000000084d00000| PB 0x0000000084d00000| Untracked 
|  78|0x0000000084e00000, 0x0000000084e00000, 0x0000000084f00000|  0%| F|  |TAMS 0x0000000084e00000| PB 0x0000000084e00000| Untracked 
|  79|0x0000000084f00000, 0x0000000084f00000, 0x0000000085000000|  0%| F|  |TAMS 0x0000000084f00000| PB 0x0000000084f00000| Untracked 
|  80|0x0000000085000000, 0x0000000085000000, 0x0000000085100000|  0%| F|  |TAMS 0x0000000085000000| PB 0x0000000085000000| Untracked 
|  81|0x0000000085100000, 0x0000000085100000, 0x0000000085200000|  0%| F|  |TAMS 0x0000000085100000| PB 0x0000000085100000| Untracked 
|  82|0x0000000085200000, 0x0000000085200000, 0x0000000085300000|  0%| F|  |TAMS 0x0000000085200000| PB 0x0000000085200000| Untracked 
|  83|0x0000000085300000, 0x0000000085300000, 0x0000000085400000|  0%| F|  |TAMS 0x0000000085300000| PB 0x0000000085300000| Untracked 
|  84|0x0000000085400000, 0x0000000085400000, 0x0000000085500000|  0%| F|  |TAMS 0x0000000085400000| PB 0x0000000085400000| Untracked 
|  85|0x0000000085500000, 0x0000000085500000, 0x0000000085600000|  0%| F|  |TAMS 0x0000000085500000| PB 0x0000000085500000| Untracked 
|  86|0x0000000085600000, 0x0000000085600000, 0x0000000085700000|  0%| F|  |TAMS 0x0000000085600000| PB 0x0000000085600000| Untracked 
|  87|0x0000000085700000, 0x0000000085700000, 0x0000000085800000|  0%| F|  |TAMS 0x0000000085700000| PB 0x0000000085700000| Untracked 
|  88|0x0000000085800000, 0x0000000085800000, 0x0000000085900000|  0%| F|  |TAMS 0x0000000085800000| PB 0x0000000085800000| Untracked 
|  89|0x0000000085900000, 0x0000000085900000, 0x0000000085a00000|  0%| F|  |TAMS 0x0000000085900000| PB 0x0000000085900000| Untracked 
|  90|0x0000000085a00000, 0x0000000085a00000, 0x0000000085b00000|  0%| F|  |TAMS 0x0000000085a00000| PB 0x0000000085a00000| Untracked 
|  91|0x0000000085b00000, 0x0000000085b00000, 0x0000000085c00000|  0%| F|  |TAMS 0x0000000085b00000| PB 0x0000000085b00000| Untracked 
|  92|0x0000000085c00000, 0x0000000085c00000, 0x0000000085d00000|  0%| F|  |TAMS 0x0000000085c00000| PB 0x0000000085c00000| Untracked 
|  93|0x0000000085d00000, 0x0000000085d00000, 0x0000000085e00000|  0%| F|  |TAMS 0x0000000085d00000| PB 0x0000000085d00000| Untracked 
|  94|0x0000000085e00000, 0x0000000085e00000, 0x0000000085f00000|  0%| F|  |TAMS 0x0000000085e00000| PB 0x0000000085e00000| Untracked 
|  95|0x0000000085f00000, 0x0000000085f00000, 0x0000000086000000|  0%| F|  |TAMS 0x0000000085f00000| PB 0x0000000085f00000| Untracked 
|  96|0x0000000086000000, 0x0000000086000000, 0x0000000086100000|  0%| F|  |TAMS 0x0000000086000000| PB 0x0000000086000000| Untracked 
|  97|0x0000000086100000, 0x0000000086100000, 0x0000000086200000|  0%| F|  |TAMS 0x0000000086100000| PB 0x0000000086100000| Untracked 
|  98|0x0000000086200000, 0x0000000086200000, 0x0000000086300000|  0%| F|  |TAMS 0x0000000086200000| PB 0x0000000086200000| Untracked 
|  99|0x0000000086300000, 0x0000000086300000, 0x0000000086400000|  0%| F|  |TAMS 0x0000000086300000| PB 0x0000000086300000| Untracked 
| 100|0x0000000086400000, 0x0000000086400000, 0x0000000086500000|  0%| F|  |TAMS 0x0000000086400000| PB 0x0000000086400000| Untracked 
| 101|0x0000000086500000, 0x0000000086500000, 0x0000000086600000|  0%| F|  |TAMS 0x0000000086500000| PB 0x0000000086500000| Untracked 
| 102|0x0000000086600000, 0x0000000086700000, 0x0000000086700000|100%| S|CS|TAMS 0x0000000086600000| PB 0x0000000086600000| Complete 
| 103|0x0000000086700000, 0x0000000086800000, 0x0000000086800000|100%| S|CS|TAMS 0x0000000086700000| PB 0x0000000086700000| Complete 
| 104|0x0000000086800000, 0x0000000086900000, 0x0000000086900000|100%| S|CS|TAMS 0x0000000086800000| PB 0x0000000086800000| Complete 
| 105|0x0000000086900000, 0x0000000086900000, 0x0000000086a00000|  0%| F|  |TAMS 0x0000000086900000| PB 0x0000000086900000| Untracked 
| 106|0x0000000086a00000, 0x0000000086a00000, 0x0000000086b00000|  0%| F|  |TAMS 0x0000000086a00000| PB 0x0000000086a00000| Untracked 
| 107|0x0000000086b00000, 0x0000000086b00000, 0x0000000086c00000|  0%| F|  |TAMS 0x0000000086b00000| PB 0x0000000086b00000| Untracked 
| 108|0x0000000086c00000, 0x0000000086c00000, 0x0000000086d00000|  0%| F|  |TAMS 0x0000000086c00000| PB 0x0000000086c00000| Untracked 
| 109|0x0000000086d00000, 0x0000000086d00000, 0x0000000086e00000|  0%| F|  |TAMS 0x0000000086d00000| PB 0x0000000086d00000| Untracked 
| 110|0x0000000086e00000, 0x0000000086e00000, 0x0000000086f00000|  0%| F|  |TAMS 0x0000000086e00000| PB 0x0000000086e00000| Untracked 
| 111|0x0000000086f00000, 0x0000000086f00000, 0x0000000087000000|  0%| F|  |TAMS 0x0000000086f00000| PB 0x0000000086f00000| Untracked 
| 112|0x0000000087000000, 0x0000000087000000, 0x0000000087100000|  0%| F|  |TAMS 0x0000000087000000| PB 0x0000000087000000| Untracked 
| 113|0x0000000087100000, 0x0000000087100000, 0x0000000087200000|  0%| F|  |TAMS 0x0000000087100000| PB 0x0000000087100000| Untracked 
| 114|0x0000000087200000, 0x0000000087200000, 0x0000000087300000|  0%| F|  |TAMS 0x0000000087200000| PB 0x0000000087200000| Untracked 
| 115|0x0000000087300000, 0x0000000087300000, 0x0000000087400000|  0%| F|  |TAMS 0x0000000087300000| PB 0x0000000087300000| Untracked 
| 116|0x0000000087400000, 0x0000000087400000, 0x0000000087500000|  0%| F|  |TAMS 0x0000000087400000| PB 0x0000000087400000| Untracked 
| 117|0x0000000087500000, 0x0000000087500000, 0x0000000087600000|  0%| F|  |TAMS 0x0000000087500000| PB 0x0000000087500000| Untracked 
| 118|0x0000000087600000, 0x0000000087600000, 0x0000000087700000|  0%| F|  |TAMS 0x0000000087600000| PB 0x0000000087600000| Untracked 
| 119|0x0000000087700000, 0x0000000087700000, 0x0000000087800000|  0%| F|  |TAMS 0x0000000087700000| PB 0x0000000087700000| Untracked 
| 120|0x0000000087800000, 0x0000000087800000, 0x0000000087900000|  0%| F|  |TAMS 0x0000000087800000| PB 0x0000000087800000| Untracked 
| 121|0x0000000087900000, 0x0000000087910ea0, 0x0000000087a00000|  6%| E|  |TAMS 0x0000000087900000| PB 0x0000000087900000| Complete 
| 122|0x0000000087a00000, 0x0000000087b00000, 0x0000000087b00000|100%| E|  |TAMS 0x0000000087a00000| PB 0x0000000087a00000| Complete 
| 123|0x0000000087b00000, 0x0000000087c00000, 0x0000000087c00000|100%| E|CS|TAMS 0x0000000087b00000| PB 0x0000000087b00000| Complete 
| 124|0x0000000087c00000, 0x0000000087d00000, 0x0000000087d00000|100%| E|CS|TAMS 0x0000000087c00000| PB 0x0000000087c00000| Complete 
| 125|0x0000000087d00000, 0x0000000087e00000, 0x0000000087e00000|100%| E|CS|TAMS 0x0000000087d00000| PB 0x0000000087d00000| Complete 
| 126|0x0000000087e00000, 0x0000000087f00000, 0x0000000087f00000|100%| E|CS|TAMS 0x0000000087e00000| PB 0x0000000087e00000| Complete 
| 127|0x0000000087f00000, 0x0000000088000000, 0x0000000088000000|100%| E|CS|TAMS 0x0000000087f00000| PB 0x0000000087f00000| Complete 

Card table byte_map: [0x000001cffddd0000,0x000001cffe1d0000] _byte_map_base: 0x000001cffd9d0000

Marking Bits: (CMBitMap*) 0x000001cfea6aad20
 Bits: [0x000001cf80000000, 0x000001cf82000000)

Polling page: 0x000001cfe8490000

Metaspace:

Usage:
  Non-class:      6.19 MB used.
      Class:    923.14 KB used.
       Both:      7.09 MB used.

Virtual space:
  Non-class space:       64.00 MB reserved,       6.38 MB ( 10%) committed,  1 nodes.
      Class space:        1.00 GB reserved,       1.06 MB ( <1%) committed,  1 nodes.
             Both:        1.06 GB reserved,       7.44 MB ( <1%) committed. 

Chunk freelists:
   Non-Class:  7.67 MB
       Class:  14.95 MB
        Both:  22.62 MB

MaxMetaspaceSize: unlimited
CompressedClassSpaceSize: 1.00 GB
Initial GC threshold: 21.00 MB
Current GC threshold: 21.00 MB
CDS: on
 - commit_granule_bytes: 65536.
 - commit_granule_words: 8192.
 - virtual_space_node_default_size: 8388608.
 - enlarge_chunks_in_place: 1.
 - use_allocation_guard: 0.


Internal statistics:

num_allocs_failed_limit: 0.
num_arena_births: 390.
num_arena_deaths: 0.
num_vsnodes_births: 2.
num_vsnodes_deaths: 0.
num_space_committed: 119.
num_space_uncommitted: 0.
num_chunks_returned_to_freelist: 0.
num_chunks_taken_from_freelist: 660.
num_chunk_merges: 0.
num_chunk_splits: 435.
num_chunks_enlarged: 237.
num_inconsistent_stats: 0.

CodeHeap 'non-profiled nmethods': size=120000Kb used=546Kb max_used=546Kb free=119453Kb
 bounds [0x000001cff6170000, 0x000001cff63e0000, 0x000001cffd6a0000]
CodeHeap 'profiled nmethods': size=120000Kb used=2611Kb max_used=2611Kb free=117388Kb
 bounds [0x000001cfee6a0000, 0x000001cfee930000, 0x000001cff5bd0000]
CodeHeap 'non-nmethods': size=5760Kb used=1584Kb max_used=1599Kb free=4175Kb
 bounds [0x000001cff5bd0000, 0x000001cff5e40000, 0x000001cff6170000]
CodeCache: size=245760Kb, used=4741Kb, max_used=4756Kb, free=241016Kb
 total_blobs=2044, nmethods=1520, adapters=429, full_count=0
Compilation: enabled, stopped_count=0, restarted_count=0

Compilation events (20 events):
Event: 0.543 Thread 0x000001cffec13bc0 nmethod 1506 0x000001cfee929690 code [0x000001cfee929840, 0x000001cfee929960]
Event: 0.543 Thread 0x000001cffec13bc0 1512       3       java.lang.invoke.MethodHandle::asTypeUncached (54 bytes)
Event: 0.543 Thread 0x000001cffec13bc0 nmethod 1512 0x000001cfee929a10 code [0x000001cfee929ce0, 0x000001cfee92a780]
Event: 0.543 Thread 0x000001cffec13bc0 1513       3       java.lang.invoke.MethodType::isConvertibleTo (164 bytes)
Event: 0.543 Thread 0x000001cffec13bc0 nmethod 1513 0x000001cfee92ac10 code [0x000001cfee92ae60, 0x000001cfee92b738]
Event: 0.543 Thread 0x000001cffec13bc0 1514       1       java.lang.invoke.MethodHandleImpl$IntrinsicMethodHandle::getTarget (5 bytes)
Event: 0.543 Thread 0x000001cffec13bc0 nmethod 1514 0x000001cff61f7690 code [0x000001cff61f7820, 0x000001cff61f78e8]
Event: 0.543 Thread 0x000001cffec13bc0 1515       1       java.lang.invoke.MethodHandle::internalForm (5 bytes)
Event: 0.543 Thread 0x000001cffec13bc0 nmethod 1515 0x000001cff61f7990 code [0x000001cff61f7b20, 0x000001cff61f7be8]
Event: 0.546 Thread 0x000001cffec13bc0 1516       1       java.lang.Boolean::booleanValue (5 bytes)
Event: 0.547 Thread 0x000001cffec13bc0 nmethod 1516 0x000001cff61f7c90 code [0x000001cff61f7e20, 0x000001cff61f7ef0]
Event: 0.547 Thread 0x000001cffec13bc0 1517       3       jdk.internal.perf.PerfCounter::addElapsedTimeFrom (10 bytes)
Event: 0.547 Thread 0x000001cffec13bc0 nmethod 1517 0x000001cfee92ba10 code [0x000001cfee92bbc0, 0x000001cfee92bd48]
Event: 0.548 Thread 0x000001cffec13bc0 1518       3       java.util.jar.Attributes::getValue (9 bytes)
Event: 0.548 Thread 0x000001cffec13bc0 nmethod 1518 0x000001cfee92be10 code [0x000001cfee92bfe0, 0x000001cfee92c308]
Event: 0.548 Thread 0x000001cffec13bc0 1519       3       java.util.jar.Attributes::get (11 bytes)
Event: 0.548 Thread 0x000001cffec13bc0 nmethod 1519 0x000001cfee92c410 code [0x000001cfee92c5c0, 0x000001cfee92c798]
Event: 0.549 Thread 0x000001cffec088e0 1520       4       java.lang.StringLatin1::indexOf (121 bytes)
Event: 0.551 Thread 0x000001cffec13bc0 1521   !   3       java.util.zip.Inflater::needsInput (55 bytes)
Event: 0.551 Thread 0x000001cffec13bc0 nmethod 1521 0x000001cfee92c890 code [0x000001cfee92ca40, 0x000001cfee92cde0]

GC Heap History (2 events):
Event: 0.461 GC heap before
{Heap before GC invocations=0 (full 0):
 garbage-first heap   total 131072K, used 27648K [0x0000000080000000, 0x0000000100000000)
  region size 1024K, 23 young (23552K), 0 survivors (0K)
 Metaspace       used 5281K, committed 5632K, reserved 1114112K
  class space    used 722K, committed 896K, reserved 1048576K
}
Event: 0.467 GC heap after
{Heap after GC invocations=1 (full 0):
 garbage-first heap   total 131072K, used 9280K [0x0000000080000000, 0x0000000100000000)
  region size 1024K, 3 young (3072K), 3 survivors (3072K)
 Metaspace       used 5281K, committed 5632K, reserved 1114112K
  class space    used 722K, committed 896K, reserved 1048576K
}

Dll operation events (2 events):
Event: 0.012 Loaded shared library D:\Program Files (x86)\JetBrains\IntelliJ IDEA 2025.2.2\jbr\bin\java.dll
Event: 0.129 Loaded shared library D:\Program Files (x86)\JetBrains\IntelliJ IDEA 2025.2.2\jbr\bin\zip.dll

Deoptimization events (20 events):
Event: 0.401 Thread 0x000001cfff27a3e0 DEOPT PACKING pc=0x000001cff61be1ac sp=0x000000c0000fb930
Event: 0.401 Thread 0x000001cfff27a3e0 DEOPT UNPACKING pc=0x000001cff5c27da2 sp=0x000000c0000fb860 mode 2
Event: 0.407 Thread 0x000001cfff278310 DEOPT PACKING pc=0x000001cfee7e3449 sp=0x000000c0002fddc0
Event: 0.407 Thread 0x000001cfff278310 DEOPT UNPACKING pc=0x000001cff5c288e2 sp=0x000000c0002fd230 mode 0
Event: 0.407 Thread 0x000001cfff278310 DEOPT PACKING pc=0x000001cfee7e3449 sp=0x000000c0002fddc0
Event: 0.407 Thread 0x000001cfff278310 DEOPT UNPACKING pc=0x000001cff5c288e2 sp=0x000000c0002fd230 mode 0
Event: 0.407 Thread 0x000001cfff278310 DEOPT PACKING pc=0x000001cfee7e3449 sp=0x000000c0002fddc0
Event: 0.407 Thread 0x000001cfff278310 DEOPT UNPACKING pc=0x000001cff5c288e2 sp=0x000000c0002fd230 mode 0
Event: 0.407 Thread 0x000001cfff278310 DEOPT PACKING pc=0x000001cfee7e3449 sp=0x000000c0002fddc0
Event: 0.407 Thread 0x000001cfff278310 DEOPT UNPACKING pc=0x000001cff5c288e2 sp=0x000000c0002fd230 mode 0
Event: 0.407 Thread 0x000001cfff278310 DEOPT PACKING pc=0x000001cfee7e3449 sp=0x000000c0002fddc0
Event: 0.407 Thread 0x000001cfff278310 DEOPT UNPACKING pc=0x000001cff5c288e2 sp=0x000000c0002fd230 mode 0
Event: 0.473 Thread 0x000001cfff27a3e0 Uncommon trap: trap_request=0xffffff45 fr.pc=0x000001cff61d4138 relative=0x0000000000000098
Event: 0.473 Thread 0x000001cfff27a3e0 Uncommon trap: reason=unstable_if action=reinterpret pc=0x000001cff61d4138 method=java.lang.ref.ReferenceQueue.headIsNull()Z @ 4 c2
Event: 0.473 Thread 0x000001cfff27a3e0 DEOPT PACKING pc=0x000001cff61d4138 sp=0x000000c0000fd800
Event: 0.473 Thread 0x000001cfff27a3e0 DEOPT UNPACKING pc=0x000001cff5c27da2 sp=0x000000c0000fd6c0 mode 2
Event: 0.473 Thread 0x000001cfff27a3e0 Uncommon trap: trap_request=0xffffff45 fr.pc=0x000001cff61e870c relative=0x000000000000006c
Event: 0.473 Thread 0x000001cfff27a3e0 Uncommon trap: reason=unstable_if action=reinterpret pc=0x000001cff61e870c method=java.lang.ref.ReferenceQueue.headIsNull()Z @ 4 c2
Event: 0.473 Thread 0x000001cfff27a3e0 DEOPT PACKING pc=0x000001cff61e870c sp=0x000000c0000fd790
Event: 0.474 Thread 0x000001cfff27a3e0 DEOPT UNPACKING pc=0x000001cff5c27da2 sp=0x000000c0000fd6c0 mode 2

Classes loaded (20 events):
Event: 0.390 Loading class sun/net/spi/DefaultProxySelector$3
Event: 0.390 Loading class sun/net/spi/DefaultProxySelector$3 done
Event: 0.393 Loading class sun/rmi/transport/tcp/TCPChannel$1
Event: 0.393 Loading class sun/rmi/transport/tcp/TCPChannel$1 done
Event: 0.394 Loading class sun/rmi/transport/DGCClient$EndpointEntry$1
Event: 0.394 Loading class sun/rmi/transport/DGCClient$EndpointEntry$1 done
Event: 0.394 Loading class com/jetbrains/exported/JBRApi$Provided
Event: 0.394 Loading class com/jetbrains/exported/JBRApi$Provided done
Event: 0.395 Loading class java/awt/Desktop$DesktopActions
Event: 0.395 Loading class java/awt/Desktop$DesktopActions done
Event: 0.417 Loading class java/util/InvalidPropertiesFormatException
Event: 0.417 Loading class java/util/InvalidPropertiesFormatException done
Event: 0.419 Loading class java/util/HashMap$UnsafeHolder
Event: 0.419 Loading class java/util/HashMap$UnsafeHolder done
Event: 0.459 Loading class javax/naming/NamingException
Event: 0.459 Loading class javax/naming/NamingException done
Event: 0.461 Loading class java/net/URLDecoder
Event: 0.461 Loading class java/net/URLDecoder done
Event: 0.488 Loading class java/math/MathContext
Event: 0.488 Loading class java/math/MathContext done

Classes unloaded (0 events):
No events

Classes redefined (0 events):
No events

Internal exceptions (20 events):
Event: 0.313 Thread 0x000001cfe8324690 Exception <a 'java/lang/NoSuchMethodError'{0x000000008722e048}: 'java.lang.Object java.lang.invoke.DirectMethodHandle$Holder.invokeStaticInit(java.lang.Object, java.lang.Object, int, int, int, int)'> (0x000000008722e048) 
thrown [s\src\hotspot\share\interpreter\linkResolver.cpp, line 784]
Event: 0.345 Thread 0x000001cfe8324690 Exception <a 'java/lang/NoSuchMethodError'{0x00000000870a3b08}: 'java.lang.Object java.lang.invoke.Invokers$Holder.linkToTargetMethod(java.lang.Object, long, java.lang.Object)'> (0x00000000870a3b08) 
thrown [s\src\hotspot\share\interpreter\linkResolver.cpp, line 784]
Event: 0.361 Thread 0x000001cfff10ae90 Exception <a 'java/lang/NoSuchMethodError'{0x0000000086f97e80}: 'long java.lang.invoke.DirectMethodHandle$Holder.invokeSpecial(java.lang.Object, java.lang.Object)'> (0x0000000086f97e80) 
thrown [s\src\hotspot\share\interpreter\linkResolver.cpp, line 784]
Event: 0.361 Thread 0x000001cfff245050 Exception <a 'java/lang/NoSuchMethodError'{0x0000000086f3a938}: 'long java.lang.invoke.DirectMethodHandle$Holder.invokeSpecial(java.lang.Object, java.lang.Object)'> (0x0000000086f3a938) 
thrown [s\src\hotspot\share\interpreter\linkResolver.cpp, line 784]
Event: 0.361 Thread 0x000001cfff10ae90 Exception <a 'java/lang/NoSuchMethodError'{0x0000000086f9b2b8}: 'long java.lang.invoke.Invokers$Holder.invokeExact_MT(java.lang.Object, java.lang.Object)'> (0x0000000086f9b2b8) 
thrown [s\src\hotspot\share\interpreter\linkResolver.cpp, line 784]
Event: 0.361 Thread 0x000001cfff245050 Exception <a 'java/lang/NoSuchMethodError'{0x0000000086f3dd20}: 'long java.lang.invoke.Invokers$Holder.invokeExact_MT(java.lang.Object, java.lang.Object)'> (0x0000000086f3dd20) 
thrown [s\src\hotspot\share\interpreter\linkResolver.cpp, line 784]
Event: 0.367 Thread 0x000001cfff10ae90 Exception <a 'java/lang/NoSuchMethodError'{0x0000000086fc23d8}: 'void java.lang.invoke.DirectMethodHandle$Holder.invokeSpecial(java.lang.Object, java.lang.Object, java.lang.Object)'> (0x0000000086fc23d8) 
thrown [s\src\hotspot\share\interpreter\linkResolver.cpp, line 784]
Event: 0.367 Thread 0x000001cfff245050 Exception <a 'java/lang/NoSuchMethodError'{0x0000000086f6a488}: 'void java.lang.invoke.DirectMethodHandle$Holder.invokeSpecial(java.lang.Object, java.lang.Object, java.lang.Object)'> (0x0000000086f6a488) 
thrown [s\src\hotspot\share\interpreter\linkResolver.cpp, line 784]
Event: 0.377 Thread 0x000001cfff2775f0 Exception <a 'java/lang/NoSuchMethodError'{0x0000000086e9ae30}: static [B.<clinit>()V> (0x0000000086e9ae30) 
thrown [s\src\hotspot\share\prims\jni.cpp, line 1144]
Event: 0.377 Thread 0x000001cfff27a3e0 Exception <a 'java/lang/NoSuchMethodError'{0x0000000086d0fe68}: static [B.<clinit>()V> (0x0000000086d0fe68) 
thrown [s\src\hotspot\share\prims\jni.cpp, line 1144]
Event: 0.379 Thread 0x000001cfff2775f0 Exception <a 'java/lang/NoSuchMethodError'{0x0000000086e9c910}: 'int java.lang.invoke.DirectMethodHandle$Holder.invokeInterface(java.lang.Object, java.lang.Object)'> (0x0000000086e9c910) 
thrown [s\src\hotspot\share\interpreter\linkResolver.cpp, line 784]
Event: 0.379 Thread 0x000001cfff27a3e0 Exception <a 'java/lang/NoSuchMethodError'{0x0000000086d11820}: 'long java.lang.invoke.DirectMethodHandle$Holder.invokeInterface(java.lang.Object, java.lang.Object)'> (0x0000000086d11820) 
thrown [s\src\hotspot\share\interpreter\linkResolver.cpp, line 784]
Event: 0.392 Thread 0x000001cfff27a3e0 Exception <a 'java/lang/NoSuchMethodError'{0x0000000086d630d0}: static [Ljava/rmi/server/ObjID;.<clinit>()V> (0x0000000086d630d0) 
thrown [s\src\hotspot\share\prims\jni.cpp, line 1144]
Event: 0.394 Thread 0x000001cfff2796c0 Exception <a 'java/lang/NoSuchMethodError'{0x0000000086d77370}: 'java.lang.Object java.lang.invoke.DirectMethodHandle$Holder.invokeSpecial(java.lang.Object, java.lang.Object, int, java.lang.Object, long)'> (0x0000000086d77370) 
thrown [s\src\hotspot\share\interpreter\linkResolver.cpp, line 784]
Event: 0.394 Thread 0x000001cfff2796c0 Exception <a 'java/lang/NoSuchMethodError'{0x0000000086d7e128}: 'java.lang.Object java.lang.invoke.DirectMethodHandle$Holder.newInvokeSpecial(java.lang.Object, java.lang.Object, int, java.lang.Object, long)'> (0x0000000086d7e128) 
thrown [s\src\hotspot\share\interpreter\linkResolver.cpp, line 784]
Event: 0.395 Thread 0x000001cfff27a3e0 Exception <a 'java/lang/NoSuchMethodError'{0x0000000086df0ac8}: 'void java.lang.invoke.Invokers$Holder.linkToTargetMethod(java.lang.Object, java.lang.Object)'> (0x0000000086df0ac8) 
thrown [s\src\hotspot\share\interpreter\linkResolver.cpp, line 784]
Event: 0.396 Thread 0x000001cfff27a3e0 Exception <a 'java/lang/NoSuchMethodError'{0x0000000086df5920}: 'void java.lang.invoke.DirectMethodHandle$Holder.invokeInterface(java.lang.Object, java.lang.Object)'> (0x0000000086df5920) 
thrown [s\src\hotspot\share\interpreter\linkResolver.cpp, line 784]
Event: 0.419 Thread 0x000001cfff27a3e0 Exception <a 'java/lang/NoSuchMethodError'{0x0000000086b45f80}: 'java.lang.Object java.lang.invoke.DirectMethodHandle$Holder.invokeInterface(java.lang.Object, java.lang.Object, java.lang.Object, java.lang.Object, java.lang.Object)'> (0x0000000086b45f80) 
thrown [s\src\hotspot\share\interpreter\linkResolver.cpp, line 784]
Event: 0.420 Thread 0x000001cfff27a3e0 Exception <a 'java/lang/NoSuchMethodError'{0x0000000086b59338}: 'java.lang.Object java.lang.invoke.Invokers$Holder.invokeExact_MT(java.lang.Object, java.lang.Object, java.lang.Object, java.lang.Object, java.lang.Object, java.lang.Object)'> (0x0000000086b59338) 
thrown [s\src\hotspot\share\interpreter\linkResolver.cpp, line 784]
Event: 0.490 Thread 0x000001cfff27a3e0 Exception <a 'java/lang/NoSuchMethodError'{0x0000000087e47ce0}: 'java.lang.Object java.lang.invoke.DirectMethodHandle$Holder.invokeVirtual(java.lang.Object, java.lang.Object, java.lang.Object)'> (0x0000000087e47ce0) 
thrown [s\src\hotspot\share\interpreter\linkResolver.cpp, line 784]

ZGC Phase Switch (0 events):
No events

VM Operations (14 events):
Event: 0.154 Executing VM operation: HandshakeAllThreads (Deoptimize)
Event: 0.154 Executing VM operation: HandshakeAllThreads (Deoptimize) done
Event: 0.245 Executing VM operation: HandshakeAllThreads (Deoptimize)
Event: 0.245 Executing VM operation: HandshakeAllThreads (Deoptimize) done
Event: 0.368 Executing VM operation: ICBufferFull
Event: 0.368 Executing VM operation: ICBufferFull done
Event: 0.422 Executing VM operation: HandshakeAllThreads (Deoptimize)
Event: 0.422 Executing VM operation: HandshakeAllThreads (Deoptimize) done
Event: 0.460 Executing VM operation: HandshakeAllThreads (Deoptimize)
Event: 0.460 Executing VM operation: HandshakeAllThreads (Deoptimize) done
Event: 0.461 Executing VM operation: G1CollectForAllocation (G1 Evacuation Pause)
Event: 0.467 Executing VM operation: G1CollectForAllocation (G1 Evacuation Pause) done
Event: 0.488 Executing VM operation: HandshakeAllThreads (Deoptimize)
Event: 0.488 Executing VM operation: HandshakeAllThreads (Deoptimize) done

Memory protections (0 events):
No events

Nmethod flushes (0 events):
No events

Events (20 events):
Event: 0.075 Thread 0x000001cfe8324690 Thread added: 0x000001cffec13bc0
Event: 0.100 Thread 0x000001cfe8324690 Thread added: 0x000001cffee80d20
Event: 0.105 Loaded shared library D:\Program Files (x86)\JetBrains\IntelliJ IDEA 2025.2.2\jbr\bin\net.dll
Event: 0.107 Loaded shared library D:\Program Files (x86)\JetBrains\IntelliJ IDEA 2025.2.2\jbr\bin\nio.dll
Event: 0.119 Thread 0x000001cffec088e0 Thread added: 0x000001cffeec24e0
Event: 0.127 Loaded shared library D:\Program Files (x86)\JetBrains\IntelliJ IDEA 2025.2.2\jbr\bin\zip.dll
Event: 0.150 Loaded shared library D:\Program Files (x86)\JetBrains\IntelliJ IDEA 2025.2.2\jbr\bin\jimage.dll
Event: 0.324 Loaded shared library D:\Program Files (x86)\JetBrains\IntelliJ IDEA 2025.2.2\jbr\bin\extnet.dll
Event: 0.327 Thread 0x000001cfe8324690 Thread added: 0x000001cfff2bacf0
Event: 0.333 Thread 0x000001cfe8324690 Thread added: 0x000001cfff3eeb40
Event: 0.333 Thread 0x000001cfe8324690 Thread added: 0x000001cfff11ca70
Event: 0.335 Loaded shared library D:\Program Files (x86)\JetBrains\IntelliJ IDEA 2025.2.2\jbr\bin\rmi.dll
Event: 0.335 Thread 0x000001cfe8324690 Thread added: 0x000001cfff1a64b0
Event: 0.351 Thread 0x000001cfff2bacf0 Thread added: 0x000001cfff10ae90
Event: 0.351 Thread 0x000001cfff2bacf0 Thread added: 0x000001cfff245050
Event: 0.369 Thread 0x000001cfff245050 Thread added: 0x000001cfff270960
Event: 0.372 Thread 0x000001cfff3eeb40 Thread added: 0x000001cfff2775f0
Event: 0.372 Thread 0x000001cfff3eeb40 Thread added: 0x000001cfff27a3e0
Event: 0.388 Thread 0x000001cfff27a3e0 Thread added: 0x000001cfff2796c0
Event: 0.405 Thread 0x000001cfff27a3e0 Thread added: 0x000001cfff278310


Dynamic libraries:
0x00007ff78ec20000 - 0x00007ff78ec2a000 	D:\Program Files (x86)\JetBrains\IntelliJ IDEA 2025.2.2\jbr\bin\java.exe
0x00007ffa1e110000 - 0x00007ffa1e308000 	C:\Windows\SYSTEM32\ntdll.dll
0x00007ffa1c9f0000 - 0x00007ffa1caad000 	C:\Windows\System32\KERNEL32.DLL
0x00007ffa1bb10000 - 0x00007ffa1be06000 	C:\Windows\System32\KERNELBASE.dll
0x00007ffa1b9c0000 - 0x00007ffa1bac0000 	C:\Windows\System32\ucrtbase.dll
0x00007ffa17270000 - 0x00007ffa1728b000 	D:\Program Files (x86)\JetBrains\IntelliJ IDEA 2025.2.2\jbr\bin\VCRUNTIME140.dll
0x00007ffa02fa0000 - 0x00007ffa02fb8000 	D:\Program Files (x86)\JetBrains\IntelliJ IDEA 2025.2.2\jbr\bin\jli.dll
0x00007ffa1c850000 - 0x00007ffa1c9ee000 	C:\Windows\System32\USER32.dll
0x00007ffa1be10000 - 0x00007ffa1be32000 	C:\Windows\System32\win32u.dll
0x00007ffa05420000 - 0x00007ffa056ba000 	C:\Windows\WinSxS\amd64_microsoft.windows.common-controls_6595b64144ccf1df_6.0.19041.3636_none_60b6a03d71f818d5\COMCTL32.dll
0x00007ffa1c590000 - 0x00007ffa1c5bc000 	C:\Windows\System32\GDI32.dll
0x00007ffa1c460000 - 0x00007ffa1c4fe000 	C:\Windows\System32\msvcrt.dll
0x00007ffa1b8a0000 - 0x00007ffa1b9ba000 	C:\Windows\System32\gdi32full.dll
0x00007ffa1beb0000 - 0x00007ffa1bf4d000 	C:\Windows\System32\msvcp_win.dll
0x00007ffa1c560000 - 0x00007ffa1c590000 	C:\Windows\System32\IMM32.DLL
0x00007ffa17290000 - 0x00007ffa1729c000 	D:\Program Files (x86)\JetBrains\IntelliJ IDEA 2025.2.2\jbr\bin\vcruntime140_1.dll
0x00007ff9fdf40000 - 0x00007ff9fdfcd000 	D:\Program Files (x86)\JetBrains\IntelliJ IDEA 2025.2.2\jbr\bin\msvcp140.dll
0x00007ff9bc2d0000 - 0x00007ff9bd09b000 	D:\Program Files (x86)\JetBrains\IntelliJ IDEA 2025.2.2\jbr\bin\server\jvm.dll
0x00007ffa1cac0000 - 0x00007ffa1cb73000 	C:\Windows\System32\ADVAPI32.dll
0x00007ffa1c7a0000 - 0x00007ffa1c83f000 	C:\Windows\System32\sechost.dll
0x00007ffa1da90000 - 0x00007ffa1dbb6000 	C:\Windows\System32\RPCRT4.dll
0x00007ffa1b870000 - 0x00007ffa1b897000 	C:\Windows\System32\bcrypt.dll
0x00007ffa1cff0000 - 0x00007ffa1d05b000 	C:\Windows\System32\WS2_32.dll
0x00007ffa1b1d0000 - 0x00007ffa1b21b000 	C:\Windows\SYSTEM32\POWRPROF.dll
0x00007ffa07910000 - 0x00007ffa0791a000 	C:\Windows\SYSTEM32\VERSION.dll
0x00007ffa01230000 - 0x00007ffa01257000 	C:\Windows\SYSTEM32\WINMM.dll
0x00007ffa1b1b0000 - 0x00007ffa1b1c2000 	C:\Windows\SYSTEM32\UMPDC.dll
0x00007ffa19630000 - 0x00007ffa19642000 	C:\Windows\SYSTEM32\kernel.appcore.dll
0x00007ffa17260000 - 0x00007ffa1726a000 	D:\Program Files (x86)\JetBrains\IntelliJ IDEA 2025.2.2\jbr\bin\jimage.dll
0x00007ffa0c520000 - 0x00007ffa0c704000 	C:\Windows\SYSTEM32\DBGHELP.DLL
0x00007ff9fcf30000 - 0x00007ff9fcf64000 	C:\Windows\SYSTEM32\dbgcore.DLL
0x00007ffa1b7e0000 - 0x00007ffa1b862000 	C:\Windows\System32\bcryptPrimitives.dll
0x00007ffa0b3b0000 - 0x00007ffa0b3d0000 	D:\Program Files (x86)\JetBrains\IntelliJ IDEA 2025.2.2\jbr\bin\java.dll
0x00007ffa1d330000 - 0x00007ffa1da75000 	C:\Windows\System32\SHELL32.dll
0x00007ffa19850000 - 0x00007ffa19feb000 	C:\Windows\SYSTEM32\windows.storage.dll
0x00007ffa1dd70000 - 0x00007ffa1e0c4000 	C:\Windows\System32\combase.dll
0x00007ffa1b060000 - 0x00007ffa1b08d000 	C:\Windows\SYSTEM32\Wldp.dll
0x00007ffa1d1f0000 - 0x00007ffa1d29d000 	C:\Windows\System32\SHCORE.dll
0x00007ffa1c6e0000 - 0x00007ffa1c735000 	C:\Windows\System32\shlwapi.dll
0x00007ffa1b710000 - 0x00007ffa1b735000 	C:\Windows\SYSTEM32\profapi.dll
0x00007ffa17250000 - 0x00007ffa17260000 	D:\Program Files (x86)\JetBrains\IntelliJ IDEA 2025.2.2\jbr\bin\net.dll
0x00007ffa0e460000 - 0x00007ffa0e56a000 	C:\Windows\SYSTEM32\WINHTTP.dll
0x00007ffa1ae40000 - 0x00007ffa1aeaa000 	C:\Windows\system32\mswsock.dll
0x00007ffa09b80000 - 0x00007ffa09b96000 	D:\Program Files (x86)\JetBrains\IntelliJ IDEA 2025.2.2\jbr\bin\nio.dll
0x00007ffa09ba0000 - 0x00007ffa09bb8000 	D:\Program Files (x86)\JetBrains\IntelliJ IDEA 2025.2.2\jbr\bin\zip.dll
0x00007ffa1ab50000 - 0x00007ffa1ab8b000 	C:\Windows\SYSTEM32\IPHLPAPI.DLL
0x00007ffa1cab0000 - 0x00007ffa1cab8000 	C:\Windows\System32\NSI.dll
0x00007ffa1b100000 - 0x00007ffa1b118000 	C:\Windows\SYSTEM32\CRYPTSP.dll
0x00007ffa1a790000 - 0x00007ffa1a7c4000 	C:\Windows\system32\rsaenh.dll
0x00007ffa1b690000 - 0x00007ffa1b6be000 	C:\Windows\SYSTEM32\USERENV.dll
0x00007ffa1afd0000 - 0x00007ffa1afdc000 	C:\Windows\SYSTEM32\CRYPTBASE.dll
0x00007ffa04c30000 - 0x00007ffa04c39000 	D:\Program Files (x86)\JetBrains\IntelliJ IDEA 2025.2.2\jbr\bin\extnet.dll
0x00007ff9f7bf0000 - 0x00007ff9f7bf7000 	D:\Program Files (x86)\JetBrains\IntelliJ IDEA 2025.2.2\jbr\bin\rmi.dll
0x00007ffa1ab90000 - 0x00007ffa1ac5a000 	C:\Windows\SYSTEM32\DNSAPI.dll
0x00007ffa0a4c0000 - 0x00007ffa0a4ca000 	C:\Windows\System32\rasadhlp.dll
0x00007ffa08740000 - 0x00007ffa087c0000 	C:\Windows\System32\fwpuclnt.dll

JVMTI agents: none

dbghelp: loaded successfully - version: 4.0.5 - missing functions: none
symbol engine: initialized successfully - sym options: 0x614 - pdb path: .;D:\Program Files (x86)\JetBrains\IntelliJ IDEA 2025.2.2\jbr\bin;C:\Windows\SYSTEM32;C:\Windows\WinSxS\amd64_microsoft.windows.common-controls_6595b64144ccf1df_6.0.19041.3636_none_60b6a03d71f818d5;D:\Program Files (x86)\JetBrains\IntelliJ IDEA 2025.2.2\jbr\bin\server

VM Arguments:
jvm_args: -Djava.rmi.server.hostname=127.0.0.1 -Duser.timezone=UTC -Xmx2048m -Xms128m -Djdbc.classpath=C:\Users\Edy\AppData\Local\Temp\RemoteDriver2.classpath.txt --add-exports=java.desktop/sun.awt=ALL-UNNAMED --add-exports=java.desktop/java.awt.peer=ALL-UNNAMED --add-opens=java.desktop/java.awt=ALL-UNNAMED --add-opens=jdk.unsupported/sun.misc=ALL-UNNAMED --add-opens=java.base/java.nio=ALL-UNNAMED --add-opens=java.base/java.util=ALL-UNNAMED -Dfile.encoding=UTF-8 -Dsun.stdout.encoding=UTF-8 -Dsun.stderr.encoding=UTF-8 
java_command: com.intellij.database.remote.RemoteJdbcServer com.mysql.cj.jdbc.Driver
java_class_path (initial): D:\Program Files (x86)\JetBrains\IntelliJ IDEA 2025.2.2\lib\util_rt.jar;D:\Program Files (x86)\JetBrains\IntelliJ IDEA 2025.2.2\lib\util-8.jar;D:\Program Files (x86)\JetBrains\IntelliJ IDEA 2025.2.2\lib\groovy.jar;D:\Program Files (x86)\JetBrains\IntelliJ IDEA 2025.2.2\plugins\DatabaseTools\lib\jdbc-console.jar;D:\Program Files (x86)\JetBrains\IntelliJ IDEA 2025.2.2\lib\modules\intellij.grid.types.jar;D:\Program Files (x86)\JetBrains\IntelliJ IDEA 2025.2.2\lib\util.jar;D:\Program Files (x86)\JetBrains\IntelliJ IDEA 2025.2.2\lib\bouncy-castle.jar
Launcher Type: SUN_STANDARD

[Global flags]
     intx CICompilerCount                          = 4                                         {product} {ergonomic}
     uint ConcGCThreads                            = 2                                         {product} {ergonomic}
     uint G1ConcRefinementThreads                  = 8                                         {product} {ergonomic}
   size_t G1HeapRegionSize                         = 1048576                                   {product} {ergonomic}
    uintx GCDrainStackTargetSize                   = 64                                        {product} {ergonomic}
   size_t InitialHeapSize                          = 134217728                                 {product} {command line}
   size_t MarkStackSize                            = 4194304                                   {product} {ergonomic}
   size_t MaxHeapSize                              = 2147483648                                {product} {command line}
   size_t MaxNewSize                               = 1287651328                                {product} {ergonomic}
   size_t MinHeapDeltaBytes                        = 1048576                                   {product} {ergonomic}
   size_t MinHeapSize                              = 134217728                                 {product} {command line}
    uintx NonNMethodCodeHeapSize                   = 5839372                                {pd product} {ergonomic}
    uintx NonProfiledCodeHeapSize                  = 122909434                              {pd product} {ergonomic}
    uintx ProfiledCodeHeapSize                     = 122909434                              {pd product} {ergonomic}
    uintx ReservedCodeCacheSize                    = 251658240                              {pd product} {ergonomic}
     bool SegmentedCodeCache                       = true                                      {product} {ergonomic}
   size_t SoftMaxHeapSize                          = 2147483648                             {manageable} {ergonomic}
     bool UseCompressedOops                        = true                           {product lp64_product} {ergonomic}
     bool UseG1GC                                  = true                                      {product} {ergonomic}
     bool UseLargePagesIndividualAllocation        = false                                  {pd product} {ergonomic}

Logging:
Log output configuration:
 #0: stdout all=warning uptime,level,tags foldmultilines=false
 #1: stderr all=off uptime,level,tags foldmultilines=false

Environment Variables:
PATH=C:\Program Files (x86)\VMware\VMware Workstation\bin\;D:\Program Files (x86)\Eclipse Adoptium\jdk-25.0.0.36-hotspot\bin;C:\ProgramData\Oracle\Java\javapath;C:\Windows\system32;C:\Windows;C:\Windows\System32\Wbem;C:\Windows\System32\WindowsPowerShell\v1.0\;C:\Windows\System32\OpenSSH\;C:\Program Files (x86)\Microsoft SQL Server\160\Tools\Binn\;D:\Program Files (x86)\Microsoft SQL Server\160\Tools\Binn\;D:\Program Files (x86)\Microsoft SQL Server\Client SDK\ODBC\170\Tools\Binn\;D:\Program Files (x86)\Microsoft SQL Server\160\DTS\Binn\;C:\ProgramData\chocolatey\bin;D:\Program Files (x86)\Java\jdk-25\bin;D:\Program Files (x86)\Docker\Docker\resources\bin;D:\Program Files (x86)\Git\cmd;D:\Program Files (x86)\dotnet\;C:\Program Files (x86)\Schneider Electric\SoMachine Software\Tools\ConfigurationManager\;D:\Program Files (x86)\nodejs\;C:\Program Files (x86)\ZeroTier\One\;C:\Program Files (x86)\Schneider Electric\Vijeo-Designer\Vijeo-Runtime\Public\bin\;C:\Users\Edy\AppData\Local\Programs\Python\Python313\Scripts\;C:\Users\Edy\AppData\Local\Programs\Python\Python313\;C:\Users\Edy\AppData\Local\Microsoft\WindowsApps;C:\Users\Edy\.dotnet\tools;C:\Users\Edy\AppData\Roaming\npm
USERNAME=Usu嫫io
OS=Windows_NT
PROCESSOR_IDENTIFIER=Intel64 Family 6 Model 140 Stepping 1, GenuineIntel
TMP=C:\Users\Edy\AppData\Local\Temp
TEMP=C:\Users\Edy\AppData\Local\Temp




Periodic native trim disabled

JNI global refs:
JNI global refs: 17, weak refs: 0

JNI global refs memory usage: 835, weak refs: 833

Process memory usage:
Resident Set Size: 103088K (0% of 12377400K total physical memory with 1231360K free physical memory)

OOME stack traces (most recent first):
Classloader memory used:
Loader bootstrap                                                                       : 2574K
Loader jdk.internal.loader.ClassLoaders$AppClassLoader                                 : 2513K
Loader com.intellij.database.remote.jdbc.impl.JdbcClassLoader$JdbcClassLoaderImpl      : 1820K
Loader jdk.internal.loader.ClassLoaders$PlatformClassLoader                            : 270K
Loader jdk.internal.reflect.DelegatingClassLoader                                      : 80176B

---------------  S Y S T E M  ---------------

OS:
 Windows 10 , 64 bit Build 19041 (10.0.19041.3636)
OS uptime: 1 days 0:32 hours
Hyper-V role detected

CPU: total 8 (initial active 8) (4 cores per cpu, 2 threads per core) family 6 model 140 stepping 1 microcode 0x78, cx8, cmov, fxsr, ht, mmx, 3dnowpref, sse, sse2, sse3, ssse3, sse4.1, sse4.2, popcnt, lzcnt, tsc, tscinvbit, avx, avx2, aes, erms, clmul, bmi1, bmi2, adx, avx512f, avx512dq, avx512cd, avx512bw, avx512vl, sha, fma, vzeroupper, avx512_vpopcntdq, avx512_vpclmulqdq, avx512_vaes, avx512_vnni, clflush, clflushopt, clwb, avx512_vbmi2, avx512_vbmi, hv, rdtscp, rdpid, fsrm, gfni, avx512_bitalg, f16c, cet_ibt, cet_ss, avx512_ifma
Processor Information for the first 8 processors :
  Max Mhz: 2803, Current Mhz: 2803, Mhz Limit: 2803

Memory: 4k page, system-wide physical 12087M (1202M free)
TotalPageFile size 16183M (AvailPageFile size 3M)
current process WorkingSet (physical memory assigned to process): 100M, peak: 100M
current process commit charge ("private bytes"): 240M, peak: 242M

vm_info: OpenJDK 64-Bit Server VM (21.0.8+1-b1038.72) for windows-amd64 JRE (21.0.8+1-b1038.72), built on 2025-09-08 by "builduser" with MS VC++ 16.10 / 16.11 (VS2019)

END.
