#
# There is insufficient memory for the Java Runtime Environment to continue.
# Native memory allocation (mmap) failed to map 65536 bytes. Error detail: Failed to commit metaspace.
# Possible reasons:
#   The system is out of physical RAM or swap space
#   This process is running with CompressedOops enabled, and the Java Heap may be blocking the growth of the native heap
# Possible solutions:
#   Reduce memory load on the system
#   Increase physical memory or swap space
#   Check if swap backing store is full
#   Decrease Java heap size (-Xmx/-Xms)
#   Decrease number of Java threads
#   Decrease Java thread stack sizes (-Xss)
#   Set larger code cache with -XX:ReservedCodeCacheSize=
#   JVM is running with Unscaled Compressed Oops mode in which the Java heap is
#     placed in the first 4GB address space. The Java Heap base address is the
#     maximum limit for the native heap growth. Please use -XX:HeapBaseMinAddress
#     to set the Java Heap base and to place the Java Heap above 4GB virtual address.
# This output file may be truncated or incomplete.
#
#  Out of Memory Error (virtualSpaceNode.cpp:113), pid=13420, tid=15764
#
# JRE version: OpenJDK Runtime Environment JBR-21.0.8+1-1038.72-jcef (21.0.8+1) (build 21.0.8+1-b1038.72)
# Java VM: OpenJDK 64-Bit Server VM JBR-21.0.8+1-1038.72-jcef (21.0.8+1-b1038.72, mixed mode, tiered, compressed oops, compressed class ptrs, g1 gc, windows-amd64)
# No core dump will be written. Minidumps are not enabled by default on client versions of Windows
#

---------------  S U M M A R Y ------------

Command Line: -Djava.rmi.server.hostname=127.0.0.1 -Duser.timezone=UTC -Xmx2048m -Xms128m -Djdbc.classpath=C:\Users\Edy\AppData\Local\Temp\RemoteDriver9.classpath.txt --add-exports=java.desktop/sun.awt=ALL-UNNAMED --add-exports=java.desktop/java.awt.peer=ALL-UNNAMED --add-opens=java.desktop/java.awt=ALL-UNNAMED --add-opens=jdk.unsupported/sun.misc=ALL-UNNAMED --add-opens=java.base/java.nio=ALL-UNNAMED --add-opens=java.base/java.util=ALL-UNNAMED -Dfile.encoding=UTF-8 -Dsun.stdout.encoding=UTF-8 -Dsun.stderr.encoding=UTF-8 com.intellij.database.remote.RemoteJdbcServer com.mysql.cj.jdbc.Driver

Host: 11th Gen Intel(R) Core(TM) i7-1165G7 @ 2.80GHz, 8 cores, 11G,  Windows 10 , 64 bit Build 19041 (10.0.19041.3636)
Time: Thu Jun 25 18:09:08 2026 Hora de Verăo de GMT elapsed time: 0.426382 seconds (0d 0h 0m 0s)

---------------  T H R E A D  ---------------

Current thread (0x000002d5102f38f0):  JavaThread "main"             [_thread_in_vm, id=15764, stack(0x000000f212a00000,0x000000f212b00000) (1024K)]

Stack: [0x000000f212a00000,0x000000f212b00000]
Native frames: (J=compiled Java code, j=interpreted, Vv=VM code, C=native code)
V  [jvm.dll+0x6ebeb9]
V  [jvm.dll+0x8cbec3]
V  [jvm.dll+0x8ce47e]
V  [jvm.dll+0x8ceb63]
V  [jvm.dll+0x28adf6]
V  [jvm.dll+0x8c6cfe]
V  [jvm.dll+0x68c895]
V  [jvm.dll+0x68c8fa]
V  [jvm.dll+0x68f116]
V  [jvm.dll+0x68efe2]
V  [jvm.dll+0x68d24e]
V  [jvm.dll+0x697517]
V  [jvm.dll+0x21e6ac]
V  [jvm.dll+0x21ebf5]
V  [jvm.dll+0x21f5d6]
V  [jvm.dll+0x21458a]
V  [jvm.dll+0x5c96c5]
V  [jvm.dll+0x22605c]
V  [jvm.dll+0x842c7c]
V  [jvm.dll+0x843d12]
V  [jvm.dll+0x8442d4]
V  [jvm.dll+0x843f68]
V  [jvm.dll+0x27773b]
V  [jvm.dll+0x277955]
V  [jvm.dll+0x5ec5f7]
V  [jvm.dll+0x5ef71e]
V  [jvm.dll+0x3ead30]
V  [jvm.dll+0x3ea3ad]
C  0x000002d51b889fd5

The last pc belongs to invokestatic (printed below).
Java frames: (J=compiled Java code, j=interpreted, Vv=VM code)
j  sun.util.logging.internal.LoggingProviderImpl.demandLoggerFor(Ljava/lang/String;Ljava/lang/Module;)Ljava/lang/System$Logger;+20 java.logging@21.0.8
j  jdk.internal.logger.DefaultLoggerFinder.getLogger(Ljava/lang/String;Ljava/lang/Module;)Ljava/lang/System$Logger;+21 java.base@21.0.8
j  jdk.internal.logger.LazyLoggers.getLoggerFromFinder(Ljava/lang/String;Ljava/lang/Module;)Ljava/lang/System$Logger;+13 java.base@21.0.8
j  jdk.internal.logger.LazyLoggers.getLazyLogger(Ljava/lang/String;Ljava/lang/Module;)Ljava/lang/System$Logger;+20 java.base@21.0.8
j  jdk.internal.logger.LazyLoggers.getLogger(Ljava/lang/String;Ljava/lang/Module;)Ljava/lang/System$Logger;+9 java.base@21.0.8
j  java.lang.System.getLogger(Ljava/lang/String;)Ljava/lang/System$Logger;+29 java.base@21.0.8
j  java.lang.Shutdown.logRuntimeExit(I)V+2 java.base@21.0.8
j  java.lang.Shutdown.exit(I)V+1 java.base@21.0.8
j  java.lang.Runtime.exit(I)V+14 java.base@21.0.8
j  java.lang.System.exit(I)V+4 java.base@21.0.8
j  com.intellij.execution.rmi.RemoteServer.start(Ljava/rmi/Remote;ZZ)V+296
j  com.intellij.execution.rmi.RemoteServer.start(Ljava/rmi/Remote;)V+3
j  com.intellij.database.remote.RemoteJdbcServerBase.start(Ljava/rmi/Remote;)V+1
j  com.intellij.database.remote.RemoteJdbcServer.start(Ljava/rmi/Remote;)V+12
j  com.intellij.database.remote.RemoteJdbcServer.main([Ljava/lang/String;)V+15
v  ~StubRoutines::call_stub 0x000002d51b8710e7
invokestatic  184 invokestatic  [0x000002d51b889f20, 0x000002d51b88a1d0]  688 bytes
[MachCode]
  0x000002d51b889f20: 4883 ec08 | c5fa 1104 | 24eb 1f48 | 83ec 10c5 | fb11 0424 | eb14 4883 | ec10 4889 | 0424 48c7 
  0x000002d51b889f40: 4424 0800 | 0000 00eb | 0150 4c89 | 6dc0 410f | b755 0148 | 8b4d d0c1 | e202 8b5c | d138 c1eb 
  0x000002d51b889f60: 1081 e3ff | 0000 0081 | fbb8 0000 | 000f 84b4 | 0000 00bb | b800 0000 | e805 0000 | 00e9 9900 
  0x000002d51b889f80: 0000 488b | d348 8d44 | 2408 4c89 | 6dc0 498b | cfc5 f877 | 4989 afa8 | 0300 0049 | 8987 9803 
  0x000002d51b889fa0: 0000 4883 | ec20 40f6 | c40f 0f84 | 1900 0000 | 4883 ec08 | 48b8 40a3 | 6bbc f97f | 0000 ffd0 
  0x000002d51b889fc0: 4883 c408 | e90c 0000 | 0048 b840 | a36b bcf9 | 7f00 00ff | d048 83c4 | 2049 c787 | 9803 0000 
  0x000002d51b889fe0: 0000 0000 | 49c7 87a8 | 0300 0000 | 0000 0049 | c787 a003 | 0000 0000 | 0000 c5f8 | 7749 837f 
  0x000002d51b88a000: 0800 0f84 | 0500 0000 | e9f3 6efe | ff4c 8b6d | c04c 8b75 | c84e 8d74 | f500 c341 | 0fb7 5501 
  0x000002d51b88a020: 488b 4dd0 | c1e2 0248 | 8b5c d140 | 488b 5b08 | 488b 5b08 | 488b 5b18 | 80bb 6101 | 0000 040f 
  0x000002d51b88a040: 840d 0000 | 004c 3bbb | 6801 0000 | 0f85 21ff | ffff 488b | 5cd1 408b | 54d1 50c1 | ea1c 49ba 
  0x000002d51b88a060: 107c fbbc | f97f 0000 | 498b 14d2 | 5248 8b45 | d848 85c0 | 0f84 1200 | 0000 4883 | 4008 0148 
  0x000002d51b88a080: 8358 0800 | 4883 c010 | 4889 45d8 | 488b 45d8 | 4885 c00f | 842b 0100 | 0080 78f0 | 0a0f 8521 
  0x000002d51b88a0a0: 0100 0048 | 83c0 084c | 8b68 f841 | 83ed 0041 | 83fd 020f | 8c00 0100 | 004c 8b6b | 0845 0fb7 
  0x000002d51b88a0c0: 6d2e 4c2b | 2841 83ed | 014e 8b6c | ec08 4d85 | ed75 0ef6 | 4008 0175 | 4ff0 4883 | 4808 01eb 
  0x000002d51b88a0e0: 4745 8b6d | 0849 c1e5 | 034d 8bd5 | 4c33 6808 | 49f7 c5fc | ffff ff74 | 2f41 f6c5 | 0275 2948 
  0x000002d51b88a100: 8378 0800 | 741e 4883 | 7808 0174 | 174d 8bea | 4c33 6808 | 49f7 c5fc | ffff ff74 | 0b48 8348 
  0x000002d51b88a120: 0802 eb04 | 4c89 6808 | 4883 c010 | 4c8b 68e8 | 4183 ed02 | 4183 fd02 | 0f8c 7b00 | 0000 4c8b 
  0x000002d51b88a140: 6b08 450f | b76d 2e4c | 2b28 4183 | ed01 4e8b | 6cec 084d | 85ed 750e | f640 0801 | 754f f048 
  0x000002d51b88a160: 8348 0801 | eb47 458b | 6d08 49c1 | e503 4d8b | d54c 3368 | 0849 f7c5 | fcff ffff | 742f 41f6 
  0x000002d51b88a180: c502 7529 | 4883 7808 | 0074 1e48 | 8378 0801 | 7417 4d8b | ea4c 3368 | 0849 f7c5 | fcff ffff 
  0x000002d51b88a1a0: 740b 4883 | 4808 02eb | 044c 8968 | 0848 83c0 | 104c 8b68 | d841 83ed | 0441 c1e5 | 0349 03c5 
  0x000002d51b88a1c0: 4889 45d8 | 4c8d 6c24 | 084c 896d | f0ff 6368 
[/MachCode]

---------------  P R O C E S S  ---------------

Threads class SMR info:
_java_thread_list=0x000002d528716f30, length=15, elements={
0x000002d5102f38f0, 0x000002d528a72620, 0x000002d528a4ed50, 0x000002d528a50920,
0x000002d528a89300, 0x000002d528a8bd70, 0x000002d528a8e8f0, 0x000002d528a8ef80,
0x000002d528aaa870, 0x000002d528aad320, 0x000002d528a8f610, 0x000002d528d2f530,
0x000002d528a8c820, 0x000002d528a8ceb0, 0x000002d528a8e260
}

Java Threads: ( => current thread )
=>0x000002d5102f38f0 JavaThread "main"                              [_thread_in_vm, id=15764, stack(0x000000f212a00000,0x000000f212b00000) (1024K)]
  0x000002d528a72620 JavaThread "Common-Cleaner"             daemon [_thread_blocked, id=11784, stack(0x000000f213200000,0x000000f213300000) (1024K)]
  0x000002d528a4ed50 JavaThread "Reference Handler"          daemon [_thread_blocked, id=17596, stack(0x000000f213300000,0x000000f213400000) (1024K)]
  0x000002d528a50920 JavaThread "Finalizer"                  daemon [_thread_blocked, id=712, stack(0x000000f213400000,0x000000f213500000) (1024K)]
  0x000002d528a89300 JavaThread "Signal Dispatcher"          daemon [_thread_blocked, id=9160, stack(0x000000f213500000,0x000000f213600000) (1024K)]
  0x000002d528a8bd70 JavaThread "Attach Listener"            daemon [_thread_blocked, id=8812, stack(0x000000f213600000,0x000000f213700000) (1024K)]
  0x000002d528a8e8f0 JavaThread "Service Thread"             daemon [_thread_blocked, id=3964, stack(0x000000f213700000,0x000000f213800000) (1024K)]
  0x000002d528a8ef80 JavaThread "Monitor Deflation Thread"   daemon [_thread_blocked, id=7364, stack(0x000000f213800000,0x000000f213900000) (1024K)]
  0x000002d528aaa870 JavaThread "C2 CompilerThread0"         daemon [_thread_blocked, id=12564, stack(0x000000f213900000,0x000000f213a00000) (1024K)]
  0x000002d528aad320 JavaThread "C1 CompilerThread0"         daemon [_thread_blocked, id=620, stack(0x000000f213a00000,0x000000f213b00000) (1024K)]
  0x000002d528a8f610 JavaThread "Notification Thread"        daemon [_thread_blocked, id=13720, stack(0x000000f213b00000,0x000000f213c00000) (1024K)]
  0x000002d528d2f530 JavaThread "C2 CompilerThread1"         daemon [_thread_blocked, id=15736, stack(0x000000f213c00000,0x000000f213d00000) (1024K)]
  0x000002d528a8c820 JavaThread "RMI TCP Accept-11004"       daemon [_thread_in_native, id=8968, stack(0x000000f213d00000,0x000000f213e00000) (1024K)]
  0x000002d528a8ceb0 JavaThread "RMI TCP Accept-0"           daemon [_thread_in_native, id=9172, stack(0x000000f213e00000,0x000000f213f00000) (1024K)]
  0x000002d528a8e260 JavaThread "RMI Reaper"                        [_thread_blocked, id=14552, stack(0x000000f213f00000,0x000000f214000000) (1024K)]
Total: 15

Other Threads:
  0x000002d528881d70 VMThread "VM Thread"                           [id=13416, stack(0x000000f213100000,0x000000f213200000) (1024K)]
  0x000002d52886c040 WatcherThread "VM Periodic Task Thread"        [id=16516, stack(0x000000f213000000,0x000000f213100000) (1024K)]
  0x000002d5103486e0 WorkerThread "GC Thread#0"                     [id=13792, stack(0x000000f212b00000,0x000000f212c00000) (1024K)]
  0x000002d510359780 ConcurrentGCThread "G1 Main Marker"            [id=3360, stack(0x000000f212c00000,0x000000f212d00000) (1024K)]
  0x000002d51035a190 WorkerThread "G1 Conc#0"                       [id=10208, stack(0x000000f212d00000,0x000000f212e00000) (1024K)]
  0x000002d52872e130 ConcurrentGCThread "G1 Refine#0"               [id=7304, stack(0x000000f212e00000,0x000000f212f00000) (1024K)]
  0x000002d52872ebb0 ConcurrentGCThread "G1 Service"                [id=17304, stack(0x000000f212f00000,0x000000f213000000) (1024K)]
Total: 7

Threads with active compile tasks:
Total: 0

VM state: not at safepoint (normal execution)

VM Mutex/Monitor currently owned by a thread:  ([mutex/lock_event])
[0x00007ff9bcfa5ad8] Metaspace_lock - owner thread: 0x000002d5102f38f0

Heap address: 0x0000000080000000, size: 2048 MB, Compressed Oops mode: 32-bit

CDS archive(s) not mapped
Compressed class space mapped at: 0x0000000100000000-0x0000000140000000, reserved size: 1073741824
Narrow klass base: 0x0000000000000000, Narrow klass shift: 3, Narrow klass range: 0x140000000

GC Precious Log:
 CardTable entry size: 512
 Card Set container configuration: InlinePtr #cards 5 size 8 Array Of Cards #cards 12 size 40 Howl #buckets 4 coarsen threshold 1843 Howl Bitmap #cards 512 size 80 coarsen threshold 460 Card regions per heap region 1 cards per card region 2048
 CPUs: 8 total, 8 available
 Memory: 12087M
 Large Page Support: Disabled
 NUMA Support: Disabled
 Compressed Oops: Enabled (32-bit)
 Heap Region Size: 1M
 Heap Min Capacity: 128M
 Heap Initial Capacity: 128M
 Heap Max Capacity: 2G
 Pre-touch: Disabled
 Parallel Workers: 8
 Concurrent Workers: 2
 Concurrent Refinement Workers: 8
 Periodic GC: Disabled

Heap:
 garbage-first heap   total 131072K, used 18432K [0x0000000080000000, 0x0000000100000000)
  region size 1024K, 15 young (15360K), 0 survivors (0K)
 Metaspace       used 13715K, committed 13824K, reserved 1114112K
  class space    used 1405K, committed 1472K, reserved 1048576K

Heap Regions: E=young(eden), S=young(survivor), O=old, HS=humongous(starts), HC=humongous(continues), CS=collection set, F=free, TAMS=top-at-mark-start, PB=parsable bottom
|   0|0x0000000080000000, 0x0000000080100000, 0x0000000080100000|100%|HS|  |TAMS 0x0000000080000000| PB 0x0000000080000000| Complete 
|   1|0x0000000080100000, 0x0000000080200000, 0x0000000080200000|100%|HC|  |TAMS 0x0000000080100000| PB 0x0000000080100000| Complete 
|   2|0x0000000080200000, 0x0000000080300000, 0x0000000080300000|100%|HS|  |TAMS 0x0000000080200000| PB 0x0000000080200000| Complete 
|   3|0x0000000080300000, 0x0000000080400000, 0x0000000080400000|100%|HS|  |TAMS 0x0000000080300000| PB 0x0000000080300000| Complete 
|   4|0x0000000080400000, 0x0000000080400000, 0x0000000080500000|  0%| F|  |TAMS 0x0000000080400000| PB 0x0000000080400000| Untracked 
|   5|0x0000000080500000, 0x0000000080500000, 0x0000000080600000|  0%| F|  |TAMS 0x0000000080500000| PB 0x0000000080500000| Untracked 
|   6|0x0000000080600000, 0x0000000080600000, 0x0000000080700000|  0%| F|  |TAMS 0x0000000080600000| PB 0x0000000080600000| Untracked 
|   7|0x0000000080700000, 0x0000000080700000, 0x0000000080800000|  0%| F|  |TAMS 0x0000000080700000| PB 0x0000000080700000| Untracked 
|   8|0x0000000080800000, 0x0000000080800000, 0x0000000080900000|  0%| F|  |TAMS 0x0000000080800000| PB 0x0000000080800000| Untracked 
|   9|0x0000000080900000, 0x0000000080900000, 0x0000000080a00000|  0%| F|  |TAMS 0x0000000080900000| PB 0x0000000080900000| Untracked 
|  10|0x0000000080a00000, 0x0000000080a00000, 0x0000000080b00000|  0%| F|  |TAMS 0x0000000080a00000| PB 0x0000000080a00000| Untracked 
|  11|0x0000000080b00000, 0x0000000080b00000, 0x0000000080c00000|  0%| F|  |TAMS 0x0000000080b00000| PB 0x0000000080b00000| Untracked 
|  12|0x0000000080c00000, 0x0000000080c00000, 0x0000000080d00000|  0%| F|  |TAMS 0x0000000080c00000| PB 0x0000000080c00000| Untracked 
|  13|0x0000000080d00000, 0x0000000080d00000, 0x0000000080e00000|  0%| F|  |TAMS 0x0000000080d00000| PB 0x0000000080d00000| Untracked 
|  14|0x0000000080e00000, 0x0000000080e00000, 0x0000000080f00000|  0%| F|  |TAMS 0x0000000080e00000| PB 0x0000000080e00000| Untracked 
|  15|0x0000000080f00000, 0x0000000080f00000, 0x0000000081000000|  0%| F|  |TAMS 0x0000000080f00000| PB 0x0000000080f00000| Untracked 
|  16|0x0000000081000000, 0x0000000081000000, 0x0000000081100000|  0%| F|  |TAMS 0x0000000081000000| PB 0x0000000081000000| Untracked 
|  17|0x0000000081100000, 0x0000000081100000, 0x0000000081200000|  0%| F|  |TAMS 0x0000000081100000| PB 0x0000000081100000| Untracked 
|  18|0x0000000081200000, 0x0000000081200000, 0x0000000081300000|  0%| F|  |TAMS 0x0000000081200000| PB 0x0000000081200000| Untracked 
|  19|0x0000000081300000, 0x0000000081300000, 0x0000000081400000|  0%| F|  |TAMS 0x0000000081300000| PB 0x0000000081300000| Untracked 
|  20|0x0000000081400000, 0x0000000081400000, 0x0000000081500000|  0%| F|  |TAMS 0x0000000081400000| PB 0x0000000081400000| Untracked 
|  21|0x0000000081500000, 0x0000000081500000, 0x0000000081600000|  0%| F|  |TAMS 0x0000000081500000| PB 0x0000000081500000| Untracked 
|  22|0x0000000081600000, 0x0000000081600000, 0x0000000081700000|  0%| F|  |TAMS 0x0000000081600000| PB 0x0000000081600000| Untracked 
|  23|0x0000000081700000, 0x0000000081700000, 0x0000000081800000|  0%| F|  |TAMS 0x0000000081700000| PB 0x0000000081700000| Untracked 
|  24|0x0000000081800000, 0x0000000081800000, 0x0000000081900000|  0%| F|  |TAMS 0x0000000081800000| PB 0x0000000081800000| Untracked 
|  25|0x0000000081900000, 0x0000000081900000, 0x0000000081a00000|  0%| F|  |TAMS 0x0000000081900000| PB 0x0000000081900000| Untracked 
|  26|0x0000000081a00000, 0x0000000081a00000, 0x0000000081b00000|  0%| F|  |TAMS 0x0000000081a00000| PB 0x0000000081a00000| Untracked 
|  27|0x0000000081b00000, 0x0000000081b00000, 0x0000000081c00000|  0%| F|  |TAMS 0x0000000081b00000| PB 0x0000000081b00000| Untracked 
|  28|0x0000000081c00000, 0x0000000081c00000, 0x0000000081d00000|  0%| F|  |TAMS 0x0000000081c00000| PB 0x0000000081c00000| Untracked 
|  29|0x0000000081d00000, 0x0000000081d00000, 0x0000000081e00000|  0%| F|  |TAMS 0x0000000081d00000| PB 0x0000000081d00000| Untracked 
|  30|0x0000000081e00000, 0x0000000081e00000, 0x0000000081f00000|  0%| F|  |TAMS 0x0000000081e00000| PB 0x0000000081e00000| Untracked 
|  31|0x0000000081f00000, 0x0000000081f00000, 0x0000000082000000|  0%| F|  |TAMS 0x0000000081f00000| PB 0x0000000081f00000| Untracked 
|  32|0x0000000082000000, 0x0000000082000000, 0x0000000082100000|  0%| F|  |TAMS 0x0000000082000000| PB 0x0000000082000000| Untracked 
|  33|0x0000000082100000, 0x0000000082100000, 0x0000000082200000|  0%| F|  |TAMS 0x0000000082100000| PB 0x0000000082100000| Untracked 
|  34|0x0000000082200000, 0x0000000082200000, 0x0000000082300000|  0%| F|  |TAMS 0x0000000082200000| PB 0x0000000082200000| Untracked 
|  35|0x0000000082300000, 0x0000000082300000, 0x0000000082400000|  0%| F|  |TAMS 0x0000000082300000| PB 0x0000000082300000| Untracked 
|  36|0x0000000082400000, 0x0000000082400000, 0x0000000082500000|  0%| F|  |TAMS 0x0000000082400000| PB 0x0000000082400000| Untracked 
|  37|0x0000000082500000, 0x0000000082500000, 0x0000000082600000|  0%| F|  |TAMS 0x0000000082500000| PB 0x0000000082500000| Untracked 
|  38|0x0000000082600000, 0x0000000082600000, 0x0000000082700000|  0%| F|  |TAMS 0x0000000082600000| PB 0x0000000082600000| Untracked 
|  39|0x0000000082700000, 0x0000000082700000, 0x0000000082800000|  0%| F|  |TAMS 0x0000000082700000| PB 0x0000000082700000| Untracked 
|  40|0x0000000082800000, 0x0000000082800000, 0x0000000082900000|  0%| F|  |TAMS 0x0000000082800000| PB 0x0000000082800000| Untracked 
|  41|0x0000000082900000, 0x0000000082900000, 0x0000000082a00000|  0%| F|  |TAMS 0x0000000082900000| PB 0x0000000082900000| Untracked 
|  42|0x0000000082a00000, 0x0000000082a00000, 0x0000000082b00000|  0%| F|  |TAMS 0x0000000082a00000| PB 0x0000000082a00000| Untracked 
|  43|0x0000000082b00000, 0x0000000082b00000, 0x0000000082c00000|  0%| F|  |TAMS 0x0000000082b00000| PB 0x0000000082b00000| Untracked 
|  44|0x0000000082c00000, 0x0000000082c00000, 0x0000000082d00000|  0%| F|  |TAMS 0x0000000082c00000| PB 0x0000000082c00000| Untracked 
|  45|0x0000000082d00000, 0x0000000082d00000, 0x0000000082e00000|  0%| F|  |TAMS 0x0000000082d00000| PB 0x0000000082d00000| Untracked 
|  46|0x0000000082e00000, 0x0000000082e00000, 0x0000000082f00000|  0%| F|  |TAMS 0x0000000082e00000| PB 0x0000000082e00000| Untracked 
|  47|0x0000000082f00000, 0x0000000082f00000, 0x0000000083000000|  0%| F|  |TAMS 0x0000000082f00000| PB 0x0000000082f00000| Untracked 
|  48|0x0000000083000000, 0x0000000083000000, 0x0000000083100000|  0%| F|  |TAMS 0x0000000083000000| PB 0x0000000083000000| Untracked 
|  49|0x0000000083100000, 0x0000000083100000, 0x0000000083200000|  0%| F|  |TAMS 0x0000000083100000| PB 0x0000000083100000| Untracked 
|  50|0x0000000083200000, 0x0000000083200000, 0x0000000083300000|  0%| F|  |TAMS 0x0000000083200000| PB 0x0000000083200000| Untracked 
|  51|0x0000000083300000, 0x0000000083300000, 0x0000000083400000|  0%| F|  |TAMS 0x0000000083300000| PB 0x0000000083300000| Untracked 
|  52|0x0000000083400000, 0x0000000083400000, 0x0000000083500000|  0%| F|  |TAMS 0x0000000083400000| PB 0x0000000083400000| Untracked 
|  53|0x0000000083500000, 0x0000000083500000, 0x0000000083600000|  0%| F|  |TAMS 0x0000000083500000| PB 0x0000000083500000| Untracked 
|  54|0x0000000083600000, 0x0000000083600000, 0x0000000083700000|  0%| F|  |TAMS 0x0000000083600000| PB 0x0000000083600000| Untracked 
|  55|0x0000000083700000, 0x0000000083700000, 0x0000000083800000|  0%| F|  |TAMS 0x0000000083700000| PB 0x0000000083700000| Untracked 
|  56|0x0000000083800000, 0x0000000083800000, 0x0000000083900000|  0%| F|  |TAMS 0x0000000083800000| PB 0x0000000083800000| Untracked 
|  57|0x0000000083900000, 0x0000000083900000, 0x0000000083a00000|  0%| F|  |TAMS 0x0000000083900000| PB 0x0000000083900000| Untracked 
|  58|0x0000000083a00000, 0x0000000083a00000, 0x0000000083b00000|  0%| F|  |TAMS 0x0000000083a00000| PB 0x0000000083a00000| Untracked 
|  59|0x0000000083b00000, 0x0000000083b00000, 0x0000000083c00000|  0%| F|  |TAMS 0x0000000083b00000| PB 0x0000000083b00000| Untracked 
|  60|0x0000000083c00000, 0x0000000083c00000, 0x0000000083d00000|  0%| F|  |TAMS 0x0000000083c00000| PB 0x0000000083c00000| Untracked 
|  61|0x0000000083d00000, 0x0000000083d00000, 0x0000000083e00000|  0%| F|  |TAMS 0x0000000083d00000| PB 0x0000000083d00000| Untracked 
|  62|0x0000000083e00000, 0x0000000083e00000, 0x0000000083f00000|  0%| F|  |TAMS 0x0000000083e00000| PB 0x0000000083e00000| Untracked 
|  63|0x0000000083f00000, 0x0000000083f00000, 0x0000000084000000|  0%| F|  |TAMS 0x0000000083f00000| PB 0x0000000083f00000| Untracked 
|  64|0x0000000084000000, 0x0000000084000000, 0x0000000084100000|  0%| F|  |TAMS 0x0000000084000000| PB 0x0000000084000000| Untracked 
|  65|0x0000000084100000, 0x0000000084100000, 0x0000000084200000|  0%| F|  |TAMS 0x0000000084100000| PB 0x0000000084100000| Untracked 
|  66|0x0000000084200000, 0x0000000084200000, 0x0000000084300000|  0%| F|  |TAMS 0x0000000084200000| PB 0x0000000084200000| Untracked 
|  67|0x0000000084300000, 0x0000000084300000, 0x0000000084400000|  0%| F|  |TAMS 0x0000000084300000| PB 0x0000000084300000| Untracked 
|  68|0x0000000084400000, 0x0000000084400000, 0x0000000084500000|  0%| F|  |TAMS 0x0000000084400000| PB 0x0000000084400000| Untracked 
|  69|0x0000000084500000, 0x0000000084500000, 0x0000000084600000|  0%| F|  |TAMS 0x0000000084500000| PB 0x0000000084500000| Untracked 
|  70|0x0000000084600000, 0x0000000084600000, 0x0000000084700000|  0%| F|  |TAMS 0x0000000084600000| PB 0x0000000084600000| Untracked 
|  71|0x0000000084700000, 0x0000000084700000, 0x0000000084800000|  0%| F|  |TAMS 0x0000000084700000| PB 0x0000000084700000| Untracked 
|  72|0x0000000084800000, 0x0000000084800000, 0x0000000084900000|  0%| F|  |TAMS 0x0000000084800000| PB 0x0000000084800000| Untracked 
|  73|0x0000000084900000, 0x0000000084900000, 0x0000000084a00000|  0%| F|  |TAMS 0x0000000084900000| PB 0x0000000084900000| Untracked 
|  74|0x0000000084a00000, 0x0000000084a00000, 0x0000000084b00000|  0%| F|  |TAMS 0x0000000084a00000| PB 0x0000000084a00000| Untracked 
|  75|0x0000000084b00000, 0x0000000084b00000, 0x0000000084c00000|  0%| F|  |TAMS 0x0000000084b00000| PB 0x0000000084b00000| Untracked 
|  76|0x0000000084c00000, 0x0000000084c00000, 0x0000000084d00000|  0%| F|  |TAMS 0x0000000084c00000| PB 0x0000000084c00000| Untracked 
|  77|0x0000000084d00000, 0x0000000084d00000, 0x0000000084e00000|  0%| F|  |TAMS 0x0000000084d00000| PB 0x0000000084d00000| Untracked 
|  78|0x0000000084e00000, 0x0000000084e00000, 0x0000000084f00000|  0%| F|  |TAMS 0x0000000084e00000| PB 0x0000000084e00000| Untracked 
|  79|0x0000000084f00000, 0x0000000084f00000, 0x0000000085000000|  0%| F|  |TAMS 0x0000000084f00000| PB 0x0000000084f00000| Untracked 
|  80|0x0000000085000000, 0x0000000085000000, 0x0000000085100000|  0%| F|  |TAMS 0x0000000085000000| PB 0x0000000085000000| Untracked 
|  81|0x0000000085100000, 0x0000000085100000, 0x0000000085200000|  0%| F|  |TAMS 0x0000000085100000| PB 0x0000000085100000| Untracked 
|  82|0x0000000085200000, 0x0000000085200000, 0x0000000085300000|  0%| F|  |TAMS 0x0000000085200000| PB 0x0000000085200000| Untracked 
|  83|0x0000000085300000, 0x0000000085300000, 0x0000000085400000|  0%| F|  |TAMS 0x0000000085300000| PB 0x0000000085300000| Untracked 
|  84|0x0000000085400000, 0x0000000085400000, 0x0000000085500000|  0%| F|  |TAMS 0x0000000085400000| PB 0x0000000085400000| Untracked 
|  85|0x0000000085500000, 0x0000000085500000, 0x0000000085600000|  0%| F|  |TAMS 0x0000000085500000| PB 0x0000000085500000| Untracked 
|  86|0x0000000085600000, 0x0000000085600000, 0x0000000085700000|  0%| F|  |TAMS 0x0000000085600000| PB 0x0000000085600000| Untracked 
|  87|0x0000000085700000, 0x0000000085700000, 0x0000000085800000|  0%| F|  |TAMS 0x0000000085700000| PB 0x0000000085700000| Untracked 
|  88|0x0000000085800000, 0x0000000085800000, 0x0000000085900000|  0%| F|  |TAMS 0x0000000085800000| PB 0x0000000085800000| Untracked 
|  89|0x0000000085900000, 0x0000000085900000, 0x0000000085a00000|  0%| F|  |TAMS 0x0000000085900000| PB 0x0000000085900000| Untracked 
|  90|0x0000000085a00000, 0x0000000085a00000, 0x0000000085b00000|  0%| F|  |TAMS 0x0000000085a00000| PB 0x0000000085a00000| Untracked 
|  91|0x0000000085b00000, 0x0000000085b00000, 0x0000000085c00000|  0%| F|  |TAMS 0x0000000085b00000| PB 0x0000000085b00000| Untracked 
|  92|0x0000000085c00000, 0x0000000085c00000, 0x0000000085d00000|  0%| F|  |TAMS 0x0000000085c00000| PB 0x0000000085c00000| Untracked 
|  93|0x0000000085d00000, 0x0000000085d00000, 0x0000000085e00000|  0%| F|  |TAMS 0x0000000085d00000| PB 0x0000000085d00000| Untracked 
|  94|0x0000000085e00000, 0x0000000085e00000, 0x0000000085f00000|  0%| F|  |TAMS 0x0000000085e00000| PB 0x0000000085e00000| Untracked 
|  95|0x0000000085f00000, 0x0000000085f00000, 0x0000000086000000|  0%| F|  |TAMS 0x0000000085f00000| PB 0x0000000085f00000| Untracked 
|  96|0x0000000086000000, 0x0000000086000000, 0x0000000086100000|  0%| F|  |TAMS 0x0000000086000000| PB 0x0000000086000000| Untracked 
|  97|0x0000000086100000, 0x0000000086100000, 0x0000000086200000|  0%| F|  |TAMS 0x0000000086100000| PB 0x0000000086100000| Untracked 
|  98|0x0000000086200000, 0x0000000086200000, 0x0000000086300000|  0%| F|  |TAMS 0x0000000086200000| PB 0x0000000086200000| Untracked 
|  99|0x0000000086300000, 0x0000000086300000, 0x0000000086400000|  0%| F|  |TAMS 0x0000000086300000| PB 0x0000000086300000| Untracked 
| 100|0x0000000086400000, 0x0000000086400000, 0x0000000086500000|  0%| F|  |TAMS 0x0000000086400000| PB 0x0000000086400000| Untracked 
| 101|0x0000000086500000, 0x0000000086500000, 0x0000000086600000|  0%| F|  |TAMS 0x0000000086500000| PB 0x0000000086500000| Untracked 
| 102|0x0000000086600000, 0x0000000086600000, 0x0000000086700000|  0%| F|  |TAMS 0x0000000086600000| PB 0x0000000086600000| Untracked 
| 103|0x0000000086700000, 0x0000000086700000, 0x0000000086800000|  0%| F|  |TAMS 0x0000000086700000| PB 0x0000000086700000| Untracked 
| 104|0x0000000086800000, 0x0000000086800000, 0x0000000086900000|  0%| F|  |TAMS 0x0000000086800000| PB 0x0000000086800000| Untracked 
| 105|0x0000000086900000, 0x0000000086900000, 0x0000000086a00000|  0%| F|  |TAMS 0x0000000086900000| PB 0x0000000086900000| Untracked 
| 106|0x0000000086a00000, 0x0000000086a00000, 0x0000000086b00000|  0%| F|  |TAMS 0x0000000086a00000| PB 0x0000000086a00000| Untracked 
| 107|0x0000000086b00000, 0x0000000086b00000, 0x0000000086c00000|  0%| F|  |TAMS 0x0000000086b00000| PB 0x0000000086b00000| Untracked 
| 108|0x0000000086c00000, 0x0000000086c00000, 0x0000000086d00000|  0%| F|  |TAMS 0x0000000086c00000| PB 0x0000000086c00000| Untracked 
| 109|0x0000000086d00000, 0x0000000086d00000, 0x0000000086e00000|  0%| F|  |TAMS 0x0000000086d00000| PB 0x0000000086d00000| Untracked 
| 110|0x0000000086e00000, 0x0000000086e00000, 0x0000000086f00000|  0%| F|  |TAMS 0x0000000086e00000| PB 0x0000000086e00000| Untracked 
| 111|0x0000000086f00000, 0x0000000086f00000, 0x0000000087000000|  0%| F|  |TAMS 0x0000000086f00000| PB 0x0000000086f00000| Untracked 
| 112|0x0000000087000000, 0x0000000087000000, 0x0000000087100000|  0%| F|  |TAMS 0x0000000087000000| PB 0x0000000087000000| Untracked 
| 113|0x0000000087100000, 0x0000000087200000, 0x0000000087200000|100%| E|  |TAMS 0x0000000087100000| PB 0x0000000087100000| Complete 
| 114|0x0000000087200000, 0x0000000087300000, 0x0000000087300000|100%| E|CS|TAMS 0x0000000087200000| PB 0x0000000087200000| Complete 
| 115|0x0000000087300000, 0x0000000087400000, 0x0000000087400000|100%| E|CS|TAMS 0x0000000087300000| PB 0x0000000087300000| Complete 
| 116|0x0000000087400000, 0x0000000087500000, 0x0000000087500000|100%| E|CS|TAMS 0x0000000087400000| PB 0x0000000087400000| Complete 
| 117|0x0000000087500000, 0x0000000087600000, 0x0000000087600000|100%| E|CS|TAMS 0x0000000087500000| PB 0x0000000087500000| Complete 
| 118|0x0000000087600000, 0x0000000087700000, 0x0000000087700000|100%| E|CS|TAMS 0x0000000087600000| PB 0x0000000087600000| Complete 
| 119|0x0000000087700000, 0x0000000087800000, 0x0000000087800000|100%| E|CS|TAMS 0x0000000087700000| PB 0x0000000087700000| Complete 
| 120|0x0000000087800000, 0x0000000087900000, 0x0000000087900000|100%| E|CS|TAMS 0x0000000087800000| PB 0x0000000087800000| Complete 
| 121|0x0000000087900000, 0x0000000087a00000, 0x0000000087a00000|100%| E|CS|TAMS 0x0000000087900000| PB 0x0000000087900000| Complete 
| 122|0x0000000087a00000, 0x0000000087b00000, 0x0000000087b00000|100%| E|CS|TAMS 0x0000000087a00000| PB 0x0000000087a00000| Complete 
| 123|0x0000000087b00000, 0x0000000087c00000, 0x0000000087c00000|100%| E|CS|TAMS 0x0000000087b00000| PB 0x0000000087b00000| Complete 
| 124|0x0000000087c00000, 0x0000000087d00000, 0x0000000087d00000|100%| E|CS|TAMS 0x0000000087c00000| PB 0x0000000087c00000| Complete 
| 125|0x0000000087d00000, 0x0000000087e00000, 0x0000000087e00000|100%| E|CS|TAMS 0x0000000087d00000| PB 0x0000000087d00000| Complete 
| 126|0x0000000087e00000, 0x0000000087f00000, 0x0000000087f00000|100%| E|CS|TAMS 0x0000000087e00000| PB 0x0000000087e00000| Complete 
| 127|0x0000000087f00000, 0x0000000088000000, 0x0000000088000000|100%| E|CS|TAMS 0x0000000087f00000| PB 0x0000000087f00000| Complete 

Card table byte_map: [0x000002d523a70000,0x000002d523e70000] _byte_map_base: 0x000002d523670000

Marking Bits: (CMBitMap*) 0x000002d510348cf0
 Bits: [0x000002d523e70000, 0x000002d525e70000)

Polling page: 0x000002d50e180000

Metaspace:

Usage:
  Non-class:     12.02 MB used.
      Class:      1.37 MB used.
       Both:     13.39 MB used.

Virtual space:
  Non-class space:       64.00 MB reserved,      12.06 MB ( 19%) committed,  1 nodes.
      Class space:        1.00 GB reserved,       1.44 MB ( <1%) committed,  1 nodes.
             Both:        1.06 GB reserved,      13.50 MB (  1%) committed. 

Chunk freelists:
   Non-Class:  3.00 MB
       Class:  14.57 MB
        Both:  17.57 MB

MaxMetaspaceSize: unlimited
CompressedClassSpaceSize: 1.00 GB
Initial GC threshold: 21.00 MB
Current GC threshold: 21.00 MB
CDS: off
 - commit_granule_bytes: 65536.
 - commit_granule_words: 8192.
 - virtual_space_node_default_size: 8388608.
 - enlarge_chunks_in_place: 1.
 - use_allocation_guard: 0.


Internal statistics:

num_allocs_failed_limit: 0.
num_arena_births: 118.
num_arena_deaths: 0.
num_vsnodes_births: 2.
num_vsnodes_deaths: 0.
num_space_committed: 216.
num_space_uncommitted: 0.
num_chunks_returned_to_freelist: 0.
num_chunks_taken_from_freelist: 247.
num_chunk_merges: 0.
num_chunk_splits: 138.
num_chunks_enlarged: 59.
num_inconsistent_stats: 0.

CodeHeap 'non-profiled nmethods': size=120000Kb used=357Kb max_used=357Kb free=119642Kb
 bounds [0x000002d51be10000, 0x000002d51c080000, 0x000002d523340000]
CodeHeap 'profiled nmethods': size=120000Kb used=1514Kb max_used=1514Kb free=118485Kb
 bounds [0x000002d514340000, 0x000002d5145b0000, 0x000002d51b870000]
CodeHeap 'non-nmethods': size=5760Kb used=1467Kb max_used=1481Kb free=4292Kb
 bounds [0x000002d51b870000, 0x000002d51bae0000, 0x000002d51be10000]
CodeCache: size=245760Kb, used=3338Kb, max_used=3352Kb, free=242419Kb
 total_blobs=1415, nmethods=963, adapters=357, full_count=0
Compilation: enabled, stopped_count=0, restarted_count=0

Compilation events (20 events):
Event: 0.419 Thread 0x000002d528aad320  956       3       java.util.LinkedHashMap$LinkedHashIterator::hasNext (13 bytes)
Event: 0.419 Thread 0x000002d528aaa870  955       4       jdk.internal.org.objectweb.asm.Symbol::<init> (38 bytes)
Event: 0.419 Thread 0x000002d528aad320 nmethod 956 0x000002d5144b8a10 code [0x000002d5144b8ba0, 0x000002d5144b8d00]
Event: 0.419 Thread 0x000002d528aad320  952       1       java.lang.invoke.InfoFromMemberName::getReferenceKind (5 bytes)
Event: 0.419 Thread 0x000002d528aad320 nmethod 952 0x000002d51be68590 code [0x000002d51be68720, 0x000002d51be687e8]
Event: 0.419 Thread 0x000002d528d2f530  957       4       jdk.internal.org.objectweb.asm.ByteVector::putShort (52 bytes)
Event: 0.420 Thread 0x000002d528aad320  958       3       java.lang.PublicMethods$Key::matches (31 bytes)
Event: 0.420 Thread 0x000002d528aad320 nmethod 958 0x000002d5144b8d90 code [0x000002d5144b8f60, 0x000002d5144b9278]
Event: 0.420 Thread 0x000002d528d2f530 nmethod 957 0x000002d51be68890 code [0x000002d51be68a40, 0x000002d51be68c00]
Event: 0.420 Thread 0x000002d528aaa870 nmethod 955 0x000002d51be68d90 code [0x000002d51be68f20, 0x000002d51be69270]
Event: 0.421 Thread 0x000002d528aad320  959       3       java.lang.String::<init> (74 bytes)
Event: 0.421 Thread 0x000002d528aad320 nmethod 959 0x000002d5144b9410 code [0x000002d5144b9600, 0x000002d5144b9a00]
Event: 0.423 Thread 0x000002d528aad320  960       3       java.util.Collections$SetFromMap::add (22 bytes)
Event: 0.423 Thread 0x000002d528aad320 nmethod 960 0x000002d5144b9b10 code [0x000002d5144b9cc0, 0x000002d5144b9ef0]
Event: 0.424 Thread 0x000002d528aaa870  961       4       java.lang.String::checkBoundsBeginEnd (11 bytes)
Event: 0.424 Thread 0x000002d528aad320  962       3       java.lang.StringLatin1::inflate (34 bytes)
Event: 0.424 Thread 0x000002d528aad320 nmethod 962 0x000002d5144b9f90 code [0x000002d5144ba140, 0x000002d5144ba340]
Event: 0.424 Thread 0x000002d528aaa870 nmethod 961 0x000002d51be69310 code [0x000002d51be694a0, 0x000002d51be69578]
Event: 0.424 Thread 0x000002d528aad320  963       3       java.lang.invoke.MemberName::isCallerSensitive (8 bytes)
Event: 0.424 Thread 0x000002d528aad320 nmethod 963 0x000002d5144ba490 code [0x000002d5144ba640, 0x000002d5144ba808]

GC Heap History (0 events):
No events

Dll operation events (2 events):
Event: 0.007 Loaded shared library D:\Program Files (x86)\JetBrains\IntelliJ IDEA 2025.2.2\jbr\bin\java.dll
Event: 0.020 Loaded shared library D:\Program Files (x86)\JetBrains\IntelliJ IDEA 2025.2.2\jbr\bin\zip.dll

Deoptimization events (20 events):
Event: 0.360 Thread 0x000002d5102f38f0 Uncommon trap: trap_request=0xffffff45 fr.pc=0x000002d51be3cb34 relative=0x0000000000000274
Event: 0.360 Thread 0x000002d5102f38f0 Uncommon trap: reason=unstable_if action=reinterpret pc=0x000002d51be3cb34 method=java.lang.String.startsWith(Ljava/lang/String;I)Z @ 1 c2
Event: 0.360 Thread 0x000002d5102f38f0 DEOPT PACKING pc=0x000002d51be3cb34 sp=0x000000f212afd1c0
Event: 0.360 Thread 0x000002d5102f38f0 DEOPT UNPACKING pc=0x000002d51b8c7da2 sp=0x000000f212afd168 mode 2
Event: 0.376 Thread 0x000002d5102f38f0 Uncommon trap: trap_request=0xffffff45 fr.pc=0x000002d51be416b8 relative=0x0000000000000c98
Event: 0.376 Thread 0x000002d5102f38f0 Uncommon trap: reason=unstable_if action=reinterpret pc=0x000002d51be416b8 method=java.security.Provider$ServiceKey.<init>(Ljava/lang/String;Ljava/lang/String;Z)V @ 24 c2
Event: 0.376 Thread 0x000002d5102f38f0 DEOPT PACKING pc=0x000002d51be416b8 sp=0x000000f212afe150
Event: 0.376 Thread 0x000002d5102f38f0 DEOPT UNPACKING pc=0x000002d51b8c7da2 sp=0x000000f212afe148 mode 2
Event: 0.386 Thread 0x000002d5102f38f0 DEOPT PACKING pc=0x000002d5143ee46a sp=0x000000f212afcda0
Event: 0.386 Thread 0x000002d5102f38f0 DEOPT UNPACKING pc=0x000002d51b8c88e2 sp=0x000000f212afc1d8 mode 0
Event: 0.387 Thread 0x000002d5102f38f0 Uncommon trap: trap_request=0xffffff45 fr.pc=0x000002d51be198cc relative=0x000000000000012c
Event: 0.387 Thread 0x000002d5102f38f0 Uncommon trap: reason=unstable_if action=reinterpret pc=0x000002d51be198cc method=java.lang.StringCoding.countPositives([BII)I @ 17 c2
Event: 0.387 Thread 0x000002d5102f38f0 DEOPT PACKING pc=0x000002d51be198cc sp=0x000000f212afcd70
Event: 0.387 Thread 0x000002d5102f38f0 DEOPT UNPACKING pc=0x000002d51b8c7da2 sp=0x000000f212afccf8 mode 2
Event: 0.390 Thread 0x000002d5102f38f0 DEOPT PACKING pc=0x000002d514487149 sp=0x000000f212afcd80
Event: 0.390 Thread 0x000002d5102f38f0 DEOPT UNPACKING pc=0x000002d51b8c88e2 sp=0x000000f212afc1f0 mode 0
Event: 0.403 Thread 0x000002d5102f38f0 Uncommon trap: trap_request=0xffffff6e fr.pc=0x000002d51be2df04 relative=0x0000000000000164
Event: 0.403 Thread 0x000002d5102f38f0 Uncommon trap: reason=loop_limit_check action=maybe_recompile pc=0x000002d51be2df04 method=java.lang.StringLatin1.lastIndexOf([BII)I @ 19 c2
Event: 0.403 Thread 0x000002d5102f38f0 DEOPT PACKING pc=0x000002d51be2df04 sp=0x000000f212afe0b0
Event: 0.403 Thread 0x000002d5102f38f0 DEOPT UNPACKING pc=0x000002d51b8c7da2 sp=0x000000f212afe030 mode 2

Classes loaded (20 events):
Event: 0.423 Loading class java/lang/StackTraceElement$HashedModules done
Event: 0.423 Loading class java/lang/Throwable$WrappedPrintStream
Event: 0.423 Loading class java/lang/Throwable$PrintStreamOrWriter
Event: 0.423 Loading class java/lang/Throwable$PrintStreamOrWriter done
Event: 0.423 Loading class java/lang/Throwable$WrappedPrintStream done
Event: 0.424 Loading class jdk/internal/logger/LazyLoggers
Event: 0.424 Loading class jdk/internal/logger/LazyLoggers done
Event: 0.424 Loading class jdk/internal/logger/LazyLoggers$1
Event: 0.424 Loading class jdk/internal/logger/LazyLoggers$1 done
Event: 0.424 Loading class jdk/internal/logger/LazyLoggers$LazyLoggerFactories
Event: 0.424 Loading class jdk/internal/logger/LazyLoggers$LazyLoggerFactories done
Event: 0.425 Loading class jdk/internal/logger/LoggerFinderLoader
Event: 0.425 Loading class jdk/internal/logger/LoggerFinderLoader done
Event: 0.425 Loading class java/io/FilePermission$1
Event: 0.425 Loading class jdk/internal/access/JavaIOFilePermissionAccess
Event: 0.425 Loading class jdk/internal/access/JavaIOFilePermissionAccess done
Event: 0.425 Loading class java/io/FilePermission$1 done
Event: 0.425 Loading class jdk/internal/logger/LoggerFinderLoader$TemporaryLoggerFinder
Event: 0.425 Loading class jdk/internal/logger/LoggerFinderLoader$TemporaryLoggerFinder done
Event: 0.425 Loading class sun/util/logging/internal/LoggingProviderImpl$JULWrapper

Classes unloaded (0 events):
No events

Classes redefined (0 events):
No events

Internal exceptions (15 events):
Event: 0.323 Thread 0x000002d5102f38f0 Exception <a 'java/lang/NoSuchMethodError'{0x000000008745fca8}: 'int java.lang.invoke.DirectMethodHandle$Holder.invokeSpecial(java.lang.Object, java.lang.Object, java.lang.Object, java.lang.Object)'> (0x000000008745fca8) 
thrown [s\src\hotspot\share\interpreter\linkResolver.cpp, line 784]
Event: 0.325 Thread 0x000002d5102f38f0 Exception <a 'java/lang/NoSuchMethodError'{0x0000000087478270}: 'java.lang.Object java.lang.invoke.DelegatingMethodHandle$Holder.delegate(java.lang.Object, int, java.lang.Object, java.lang.Object)'> (0x0000000087478270) 
thrown [s\src\hotspot\share\interpreter\linkResolver.cpp, line 784]
Event: 0.326 Thread 0x000002d5102f38f0 Exception <a 'java/lang/NoSuchMethodError'{0x0000000087487938}: 'int java.lang.invoke.Invokers$Holder.linkToTargetMethod(java.lang.Object, java.lang.Object, java.lang.Object)'> (0x0000000087487938) 
thrown [s\src\hotspot\share\interpreter\linkResolver.cpp, line 784]
Event: 0.333 Thread 0x000002d5102f38f0 Exception <a 'java/lang/NoSuchMethodError'{0x00000000874b8768}: 'java.lang.Object java.lang.invoke.Invokers$Holder.invoke_MT(java.lang.Object, java.lang.Object, java.lang.Object, java.lang.Object, java.lang.Object, java.lang.Object, java.lang.Object, java.lang.Object, java.lang.Object, java.lang.Object)'> (0x00000000874b8768) 
thrown [s\src\hotspot\share\interpreter\linkResolver.cpp, line 784]
Event: 0.334 Thread 0x000002d5102f38f0 Exception <a 'java/lang/NoSuchMethodError'{0x00000000874d47a0}: 'java.lang.Object java.lang.invoke.Invokers$Holder.invoke_MT(java.lang.Object, java.lang.Object, java.lang.Object, java.lang.Object, java.lang.Object)'> (0x00000000874d47a0) 
thrown [s\src\hotspot\share\interpreter\linkResolver.cpp, line 784]
Event: 0.337 Thread 0x000002d5102f38f0 Exception <a 'java/lang/NoSuchMethodError'{0x00000000874f68e8}: 'void java.lang.invoke.DirectMethodHandle$Holder.invokeInterface(java.lang.Object, java.lang.Object, java.lang.Object)'> (0x00000000874f68e8) 
thrown [s\src\hotspot\share\interpreter\linkResolver.cpp, line 784]
Event: 0.337 Thread 0x000002d5102f38f0 Exception <a 'java/lang/IncompatibleClassChangeError'{0x00000000874f9d28}: Found class java.lang.Object, but interface was expected> (0x00000000874f9d28) 
thrown [s\src\hotspot\share\interpreter\linkResolver.cpp, line 851]
Event: 0.337 Thread 0x000002d5102f38f0 Exception <a 'java/lang/IncompatibleClassChangeError'{0x00000000874fc540}: Found class java.lang.Object, but interface was expected> (0x00000000874fc540) 
thrown [s\src\hotspot\share\interpreter\linkResolver.cpp, line 851]
Event: 0.337 Thread 0x000002d5102f38f0 Exception <a 'java/lang/IncompatibleClassChangeError'{0x00000000874fe528}: Found class java.lang.Object, but interface was expected> (0x00000000874fe528) 
thrown [s\src\hotspot\share\interpreter\linkResolver.cpp, line 851]
Event: 0.337 Thread 0x000002d5102f38f0 Exception <a 'java/lang/IncompatibleClassChangeError'{0x0000000087300800}: Found class java.lang.Object, but interface was expected> (0x0000000087300800) 
thrown [s\src\hotspot\share\interpreter\linkResolver.cpp, line 851]
Event: 0.338 Thread 0x000002d5102f38f0 Exception <a 'java/lang/IncompatibleClassChangeError'{0x0000000087302530}: Found class java.lang.Object, but interface was expected> (0x0000000087302530) 
thrown [s\src\hotspot\share\interpreter\linkResolver.cpp, line 851]
Event: 0.392 Thread 0x000002d5102f38f0 Exception <a 'java/lang/NoSuchMethodError'{0x0000000087247550}: 'java.lang.Object java.lang.invoke.DirectMethodHandle$Holder.invokeStaticInit(java.lang.Object, java.lang.Object, int, int, int, int)'> (0x0000000087247550) 
thrown [s\src\hotspot\share\interpreter\linkResolver.cpp, line 784]
Event: 0.423 Thread 0x000002d5102f38f0 Exception <a 'java/lang/UnsatisfiedLinkError'{0x00000000872e7370}> (0x00000000872e7370) 
thrown [s\src\hotspot\share\prims\jvm.cpp, line 3426]
Event: 0.423 Thread 0x000002d5102f38f0 Exception <a 'java/lang/UnsatisfiedLinkError'{0x00000000872e7370}> (0x00000000872e7370) 
thrown [s\src\hotspot\share\prims\jni.cpp, line 537]
Event: 0.423 Thread 0x000002d5102f38f0 Exception <a 'java/lang/UnsatisfiedLinkError'{0x00000000872e7370}> (0x00000000872e7370) 
thrown [s\src\hotspot\share\oops\instanceKlass.cpp, line 1240]

ZGC Phase Switch (0 events):
No events

VM Operations (4 events):
Event: 0.199 Executing VM operation: HandshakeAllThreads (Deoptimize)
Event: 0.199 Executing VM operation: HandshakeAllThreads (Deoptimize) done
Event: 0.299 Executing VM operation: HandshakeAllThreads (Deoptimize)
Event: 0.299 Executing VM operation: HandshakeAllThreads (Deoptimize) done

Memory protections (0 events):
No events

Nmethod flushes (0 events):
No events

Events (20 events):
Event: 0.051 Thread 0x000002d5102f38f0 Thread added: 0x000002d528a72620
Event: 0.054 Thread 0x000002d5102f38f0 Thread added: 0x000002d528a4ed50
Event: 0.055 Thread 0x000002d5102f38f0 Thread added: 0x000002d528a50920
Event: 0.055 Thread 0x000002d5102f38f0 Thread added: 0x000002d528a89300
Event: 0.055 Thread 0x000002d5102f38f0 Thread added: 0x000002d528a8bd70
Event: 0.055 Thread 0x000002d5102f38f0 Thread added: 0x000002d528a8e8f0
Event: 0.055 Thread 0x000002d5102f38f0 Thread added: 0x000002d528a8ef80
Event: 0.055 Thread 0x000002d5102f38f0 Thread added: 0x000002d528aaa870
Event: 0.056 Thread 0x000002d5102f38f0 Thread added: 0x000002d528aad320
Event: 0.105 Thread 0x000002d5102f38f0 Thread added: 0x000002d528a8f610
Event: 0.121 Loaded shared library D:\Program Files (x86)\JetBrains\IntelliJ IDEA 2025.2.2\jbr\bin\net.dll
Event: 0.123 Loaded shared library D:\Program Files (x86)\JetBrains\IntelliJ IDEA 2025.2.2\jbr\bin\nio.dll
Event: 0.139 Thread 0x000002d528aaa870 Thread added: 0x000002d528d2f530
Event: 0.147 Loaded shared library D:\Program Files (x86)\JetBrains\IntelliJ IDEA 2025.2.2\jbr\bin\zip.dll
Event: 0.192 Loaded shared library D:\Program Files (x86)\JetBrains\IntelliJ IDEA 2025.2.2\jbr\bin\jimage.dll
Event: 0.409 Loaded shared library D:\Program Files (x86)\JetBrains\IntelliJ IDEA 2025.2.2\jbr\bin\extnet.dll
Event: 0.414 Thread 0x000002d5102f38f0 Thread added: 0x000002d528a8c820
Event: 0.420 Thread 0x000002d5102f38f0 Thread added: 0x000002d528a8ceb0
Event: 0.420 Thread 0x000002d5102f38f0 Thread added: 0x000002d528a8e260
Event: 0.422 Loading shared library D:\Program Files (x86)\JetBrains\IntelliJ IDEA 2025.2.2\jbr\bin\rmi.dll failed, error code 1455


Dynamic libraries:
0x00007ff78ec20000 - 0x00007ff78ec2a000 	D:\Program Files (x86)\JetBrains\IntelliJ IDEA 2025.2.2\jbr\bin\java.exe
0x00007ffa1e110000 - 0x00007ffa1e308000 	C:\Windows\SYSTEM32\ntdll.dll
0x00007ffa1c9f0000 - 0x00007ffa1caad000 	C:\Windows\System32\KERNEL32.DLL
0x00007ffa1bb10000 - 0x00007ffa1be06000 	C:\Windows\System32\KERNELBASE.dll
0x00007ffa1b9c0000 - 0x00007ffa1bac0000 	C:\Windows\System32\ucrtbase.dll
0x00007ffa17270000 - 0x00007ffa1728b000 	D:\Program Files (x86)\JetBrains\IntelliJ IDEA 2025.2.2\jbr\bin\VCRUNTIME140.dll
0x00007ff9ee230000 - 0x00007ff9ee248000 	D:\Program Files (x86)\JetBrains\IntelliJ IDEA 2025.2.2\jbr\bin\jli.dll
0x00007ffa1c850000 - 0x00007ffa1c9ee000 	C:\Windows\System32\USER32.dll
0x00007ffa1be10000 - 0x00007ffa1be32000 	C:\Windows\System32\win32u.dll
0x00007ffa05420000 - 0x00007ffa056ba000 	C:\Windows\WinSxS\amd64_microsoft.windows.common-controls_6595b64144ccf1df_6.0.19041.3636_none_60b6a03d71f818d5\COMCTL32.dll
0x00007ffa1c590000 - 0x00007ffa1c5bc000 	C:\Windows\System32\GDI32.dll
0x00007ffa1c460000 - 0x00007ffa1c4fe000 	C:\Windows\System32\msvcrt.dll
0x00007ffa1b8a0000 - 0x00007ffa1b9ba000 	C:\Windows\System32\gdi32full.dll
0x00007ffa1beb0000 - 0x00007ffa1bf4d000 	C:\Windows\System32\msvcp_win.dll
0x00007ffa1c560000 - 0x00007ffa1c590000 	C:\Windows\System32\IMM32.DLL
0x00007ffa17290000 - 0x00007ffa1729c000 	D:\Program Files (x86)\JetBrains\IntelliJ IDEA 2025.2.2\jbr\bin\vcruntime140_1.dll
0x00007ff9ee0d0000 - 0x00007ff9ee15d000 	D:\Program Files (x86)\JetBrains\IntelliJ IDEA 2025.2.2\jbr\bin\msvcp140.dll
0x00007ff9bc2d0000 - 0x00007ff9bd09b000 	D:\Program Files (x86)\JetBrains\IntelliJ IDEA 2025.2.2\jbr\bin\server\jvm.dll
0x00007ffa1cac0000 - 0x00007ffa1cb73000 	C:\Windows\System32\ADVAPI32.dll
0x00007ffa1c7a0000 - 0x00007ffa1c83f000 	C:\Windows\System32\sechost.dll
0x00007ffa1da90000 - 0x00007ffa1dbb6000 	C:\Windows\System32\RPCRT4.dll
0x00007ffa1b870000 - 0x00007ffa1b897000 	C:\Windows\System32\bcrypt.dll
0x00007ffa1cff0000 - 0x00007ffa1d05b000 	C:\Windows\System32\WS2_32.dll
0x00007ffa1b1d0000 - 0x00007ffa1b21b000 	C:\Windows\SYSTEM32\POWRPROF.dll
0x00007ffa07910000 - 0x00007ffa0791a000 	C:\Windows\SYSTEM32\VERSION.dll
0x00007ffa01230000 - 0x00007ffa01257000 	C:\Windows\SYSTEM32\WINMM.dll
0x00007ffa1b1b0000 - 0x00007ffa1b1c2000 	C:\Windows\SYSTEM32\UMPDC.dll
0x00007ffa19630000 - 0x00007ffa19642000 	C:\Windows\SYSTEM32\kernel.appcore.dll
0x00007ffa17260000 - 0x00007ffa1726a000 	D:\Program Files (x86)\JetBrains\IntelliJ IDEA 2025.2.2\jbr\bin\jimage.dll
0x00007ffa0c520000 - 0x00007ffa0c704000 	C:\Windows\SYSTEM32\DBGHELP.DLL
0x00007ff9fcf30000 - 0x00007ff9fcf64000 	C:\Windows\SYSTEM32\dbgcore.DLL
0x00007ffa1b7e0000 - 0x00007ffa1b862000 	C:\Windows\System32\bcryptPrimitives.dll
0x00007ffa0b3b0000 - 0x00007ffa0b3d0000 	D:\Program Files (x86)\JetBrains\IntelliJ IDEA 2025.2.2\jbr\bin\java.dll
0x00007ffa09ba0000 - 0x00007ffa09bb8000 	D:\Program Files (x86)\JetBrains\IntelliJ IDEA 2025.2.2\jbr\bin\zip.dll
0x00007ffa1d330000 - 0x00007ffa1da75000 	C:\Windows\System32\SHELL32.dll
0x00007ffa19850000 - 0x00007ffa19feb000 	C:\Windows\SYSTEM32\windows.storage.dll
0x00007ffa1dd70000 - 0x00007ffa1e0c4000 	C:\Windows\System32\combase.dll
0x00007ffa1b060000 - 0x00007ffa1b08d000 	C:\Windows\SYSTEM32\Wldp.dll
0x00007ffa1d1f0000 - 0x00007ffa1d29d000 	C:\Windows\System32\SHCORE.dll
0x00007ffa1c6e0000 - 0x00007ffa1c735000 	C:\Windows\System32\shlwapi.dll
0x00007ffa1b710000 - 0x00007ffa1b735000 	C:\Windows\SYSTEM32\profapi.dll
0x00007ffa17250000 - 0x00007ffa17260000 	D:\Program Files (x86)\JetBrains\IntelliJ IDEA 2025.2.2\jbr\bin\net.dll
0x00007ffa0e460000 - 0x00007ffa0e56a000 	C:\Windows\SYSTEM32\WINHTTP.dll
0x00007ffa1ae40000 - 0x00007ffa1aeaa000 	C:\Windows\system32\mswsock.dll
0x00007ffa09b80000 - 0x00007ffa09b96000 	D:\Program Files (x86)\JetBrains\IntelliJ IDEA 2025.2.2\jbr\bin\nio.dll
0x00007ffa1ab50000 - 0x00007ffa1ab8b000 	C:\Windows\SYSTEM32\IPHLPAPI.DLL
0x00007ffa1cab0000 - 0x00007ffa1cab8000 	C:\Windows\System32\NSI.dll
0x00007ffa1b100000 - 0x00007ffa1b118000 	C:\Windows\SYSTEM32\CRYPTSP.dll
0x00007ffa1a790000 - 0x00007ffa1a7c4000 	C:\Windows\system32\rsaenh.dll
0x00007ffa1b690000 - 0x00007ffa1b6be000 	C:\Windows\SYSTEM32\USERENV.dll
0x00007ffa1afd0000 - 0x00007ffa1afdc000 	C:\Windows\SYSTEM32\CRYPTBASE.dll
0x00007ffa04c30000 - 0x00007ffa04c39000 	D:\Program Files (x86)\JetBrains\IntelliJ IDEA 2025.2.2\jbr\bin\extnet.dll

JVMTI agents: none

dbghelp: loaded successfully - version: 4.0.5 - missing functions: none
symbol engine: initialized successfully - sym options: 0x614 - pdb path: .;D:\Program Files (x86)\JetBrains\IntelliJ IDEA 2025.2.2\jbr\bin;C:\Windows\SYSTEM32;C:\Windows\WinSxS\amd64_microsoft.windows.common-controls_6595b64144ccf1df_6.0.19041.3636_none_60b6a03d71f818d5;D:\Program Files (x86)\JetBrains\IntelliJ IDEA 2025.2.2\jbr\bin\server

VM Arguments:
jvm_args: -Djava.rmi.server.hostname=127.0.0.1 -Duser.timezone=UTC -Xmx2048m -Xms128m -Djdbc.classpath=C:\Users\Edy\AppData\Local\Temp\RemoteDriver9.classpath.txt --add-exports=java.desktop/sun.awt=ALL-UNNAMED --add-exports=java.desktop/java.awt.peer=ALL-UNNAMED --add-opens=java.desktop/java.awt=ALL-UNNAMED --add-opens=jdk.unsupported/sun.misc=ALL-UNNAMED --add-opens=java.base/java.nio=ALL-UNNAMED --add-opens=java.base/java.util=ALL-UNNAMED -Dfile.encoding=UTF-8 -Dsun.stdout.encoding=UTF-8 -Dsun.stderr.encoding=UTF-8 
java_command: com.intellij.database.remote.RemoteJdbcServer com.mysql.cj.jdbc.Driver
java_class_path (initial): D:\Program Files (x86)\JetBrains\IntelliJ IDEA 2025.2.2\lib\util_rt.jar;D:\Program Files (x86)\JetBrains\IntelliJ IDEA 2025.2.2\lib\util-8.jar;D:\Program Files (x86)\JetBrains\IntelliJ IDEA 2025.2.2\lib\groovy.jar;D:\Program Files (x86)\JetBrains\IntelliJ IDEA 2025.2.2\plugins\DatabaseTools\lib\jdbc-console.jar;D:\Program Files (x86)\JetBrains\IntelliJ IDEA 2025.2.2\lib\modules\intellij.grid.types.jar;D:\Program Files (x86)\JetBrains\IntelliJ IDEA 2025.2.2\lib\util.jar;D:\Program Files (x86)\JetBrains\IntelliJ IDEA 2025.2.2\lib\bouncy-castle.jar
Launcher Type: SUN_STANDARD

[Global flags]
     intx CICompilerCount                          = 4                                         {product} {ergonomic}
     uint ConcGCThreads                            = 2                                         {product} {ergonomic}
     uint G1ConcRefinementThreads                  = 8                                         {product} {ergonomic}
   size_t G1HeapRegionSize                         = 1048576                                   {product} {ergonomic}
    uintx GCDrainStackTargetSize                   = 64                                        {product} {ergonomic}
   size_t InitialHeapSize                          = 134217728                                 {product} {command line}
   size_t MarkStackSize                            = 4194304                                   {product} {ergonomic}
   size_t MaxHeapSize                              = 2147483648                                {product} {command line}
   size_t MaxNewSize                               = 1287651328                                {product} {ergonomic}
   size_t MinHeapDeltaBytes                        = 1048576                                   {product} {ergonomic}
   size_t MinHeapSize                              = 134217728                                 {product} {command line}
    uintx NonNMethodCodeHeapSize                   = 5839372                                {pd product} {ergonomic}
    uintx NonProfiledCodeHeapSize                  = 122909434                              {pd product} {ergonomic}
    uintx ProfiledCodeHeapSize                     = 122909434                              {pd product} {ergonomic}
    uintx ReservedCodeCacheSize                    = 251658240                              {pd product} {ergonomic}
     bool SegmentedCodeCache                       = true                                      {product} {ergonomic}
   size_t SoftMaxHeapSize                          = 2147483648                             {manageable} {ergonomic}
     bool UseCompressedOops                        = true                           {product lp64_product} {ergonomic}
     bool UseG1GC                                  = true                                      {product} {ergonomic}
     bool UseLargePagesIndividualAllocation        = false                                  {pd product} {ergonomic}

Logging:
Log output configuration:
 #0: stdout all=warning uptime,level,tags foldmultilines=false
 #1: stderr all=off uptime,level,tags foldmultilines=false

Environment Variables:
PATH=C:\Program Files (x86)\VMware\VMware Workstation\bin\;D:\Program Files (x86)\Eclipse Adoptium\jdk-25.0.0.36-hotspot\bin;C:\ProgramData\Oracle\Java\javapath;C:\Windows\system32;C:\Windows;C:\Windows\System32\Wbem;C:\Windows\System32\WindowsPowerShell\v1.0\;C:\Windows\System32\OpenSSH\;C:\Program Files (x86)\Microsoft SQL Server\160\Tools\Binn\;D:\Program Files (x86)\Microsoft SQL Server\160\Tools\Binn\;D:\Program Files (x86)\Microsoft SQL Server\Client SDK\ODBC\170\Tools\Binn\;D:\Program Files (x86)\Microsoft SQL Server\160\DTS\Binn\;C:\ProgramData\chocolatey\bin;D:\Program Files (x86)\Java\jdk-25\bin;D:\Program Files (x86)\Docker\Docker\resources\bin;D:\Program Files (x86)\Git\cmd;D:\Program Files (x86)\dotnet\;C:\Program Files (x86)\Schneider Electric\SoMachine Software\Tools\ConfigurationManager\;D:\Program Files (x86)\nodejs\;C:\Program Files (x86)\ZeroTier\One\;C:\Program Files (x86)\Schneider Electric\Vijeo-Designer\Vijeo-Runtime\Public\bin\;C:\Users\Edy\AppData\Local\Programs\Python\Python313\Scripts\;C:\Users\Edy\AppData\Local\Programs\Python\Python313\;C:\Users\Edy\AppData\Local\Microsoft\WindowsApps;C:\Users\Edy\.dotnet\tools;C:\Users\Edy\AppData\Roaming\npm
USERNAME=Usuário
OS=Windows_NT
PROCESSOR_IDENTIFIER=Intel64 Family 6 Model 140 Stepping 1, GenuineIntel
TMP=C:\Users\Edy\AppData\Local\Temp
TEMP=C:\Users\Edy\AppData\Local\Temp




Periodic native trim disabled

JNI global refs:
JNI global refs: 16, weak refs: 0

JNI global refs memory usage: 835, weak refs: 833

Process memory usage:
Resident Set Size: 69068K (0% of 12377400K total physical memory with 1191596K free physical memory)

OOME stack traces (most recent first):
Classloader memory used:
Loader bootstrap                                                                       : 12376K
Loader jdk.internal.loader.ClassLoaders$AppClassLoader                                 : 1333K
Loader jdk.internal.loader.ClassLoaders$PlatformClassLoader                            : 6104B

---------------  S Y S T E M  ---------------

OS:
 Windows 10 , 64 bit Build 19041 (10.0.19041.3636)
OS uptime: 1 days 0:34 hours
Hyper-V role detected

CPU: total 8 (initial active 8) (4 cores per cpu, 2 threads per core) family 6 model 140 stepping 1 microcode 0x78, cx8, cmov, fxsr, ht, mmx, 3dnowpref, sse, sse2, sse3, ssse3, sse4.1, sse4.2, popcnt, lzcnt, tsc, tscinvbit, avx, avx2, aes, erms, clmul, bmi1, bmi2, adx, avx512f, avx512dq, avx512cd, avx512bw, avx512vl, sha, fma, vzeroupper, avx512_vpopcntdq, avx512_vpclmulqdq, avx512_vaes, avx512_vnni, clflush, clflushopt, clwb, avx512_vbmi2, avx512_vbmi, hv, rdtscp, rdpid, fsrm, gfni, avx512_bitalg, f16c, cet_ibt, cet_ss, avx512_ifma
Processor Information for the first 8 processors :
  Max Mhz: 2803, Current Mhz: 2803, Mhz Limit: 2803

Memory: 4k page, system-wide physical 12087M (1163M free)
TotalPageFile size 16183M (AvailPageFile size 4M)
current process WorkingSet (physical memory assigned to process): 67M, peak: 67M
current process commit charge ("private bytes"): 217M, peak: 219M

vm_info: OpenJDK 64-Bit Server VM (21.0.8+1-b1038.72) for windows-amd64 JRE (21.0.8+1-b1038.72), built on 2025-09-08 by "builduser" with MS VC++ 16.10 / 16.11 (VS2019)

END.
